[2025-08-18T04:56:24.758+0000] {local_task_job_runner.py:120} INFO - ::group::Pre task execution logs
[2025-08-18T04:56:24.884+0000] {taskinstance.py:2076} INFO - Dependencies all met for dep_context=non-requeueable deps ti=<TaskInstance: weather_data_pipeline.fetch_weather_data manual__2025-08-18T04:56:20.068564+00:00 [queued]>
[2025-08-18T04:56:24.889+0000] {taskinstance.py:2076} INFO - Dependencies all met for dep_context=requeueable deps ti=<TaskInstance: weather_data_pipeline.fetch_weather_data manual__2025-08-18T04:56:20.068564+00:00 [queued]>
[2025-08-18T04:56:24.889+0000] {taskinstance.py:2306} INFO - Starting attempt 1 of 2
[2025-08-18T04:56:24.897+0000] {taskinstance.py:2330} INFO - Executing <Task(PythonOperator): fetch_weather_data> on 2025-08-18 04:56:20.068564+00:00
[2025-08-18T04:56:24.904+0000] {standard_task_runner.py:90} INFO - Running: ['***', 'tasks', 'run', 'weather_data_pipeline', 'fetch_weather_data', 'manual__2025-08-18T04:56:20.068564+00:00', '--job-id', '72', '--raw', '--subdir', 'DAGS_FOLDER/weather_dags.py', '--cfg-path', '/tmp/tmpgb9dd0bk']
[2025-08-18T04:56:24.906+0000] {standard_task_runner.py:91} INFO - Job 72: Subtask fetch_weather_data
[2025-08-18T04:56:24.906+0000] {logging_mixin.py:188} WARNING - /home/***/.local/lib/python3.12/site-packages/***/task/task_runner/standard_task_runner.py:61 DeprecationWarning: This process (pid=3311) is multi-threaded, use of fork() may lead to deadlocks in the child.
[2025-08-18T04:56:24.906+0000] {standard_task_runner.py:63} INFO - Started process 3313 to run task
[2025-08-18T04:56:24.949+0000] {task_command.py:426} INFO - Running <TaskInstance: weather_data_pipeline.fetch_weather_data manual__2025-08-18T04:56:20.068564+00:00 [running]> on host b10b13b5f146
[2025-08-18T04:56:25.022+0000] {taskinstance.py:2648} INFO - Exporting env vars: AIRFLOW_CTX_DAG_OWNER='Hendi Irwanto' AIRFLOW_CTX_DAG_ID='weather_data_pipeline' AIRFLOW_CTX_TASK_ID='fetch_weather_data' AIRFLOW_CTX_EXECUTION_DATE='2025-08-18T04:56:20.068564+00:00' AIRFLOW_CTX_TRY_NUMBER='1' AIRFLOW_CTX_DAG_RUN_ID='manual__2025-08-18T04:56:20.068564+00:00'
[2025-08-18T04:56:25.022+0000] {taskinstance.py:430} INFO - ::endgroup::
[2025-08-18T04:56:25.046+0000] {logging_mixin.py:188} INFO - Geolocation data fetched from database. Shape: (100, 5)
[2025-08-18T04:56:25.789+0000] {logging_mixin.py:188} INFO - Processing 1.00% of geolocation data...
[2025-08-18T04:56:26.508+0000] {logging_mixin.py:188} INFO - Processing 2.00% of geolocation data...
[2025-08-18T04:56:27.224+0000] {logging_mixin.py:188} INFO - Processing 3.00% of geolocation data...
[2025-08-18T04:56:27.963+0000] {logging_mixin.py:188} INFO - Processing 4.00% of geolocation data...
[2025-08-18T04:56:28.714+0000] {logging_mixin.py:188} INFO - Processing 5.00% of geolocation data...
[2025-08-18T04:56:29.417+0000] {logging_mixin.py:188} INFO - Processing 6.00% of geolocation data...
[2025-08-18T04:56:30.128+0000] {logging_mixin.py:188} INFO - Processing 7.00% of geolocation data...
[2025-08-18T04:56:30.832+0000] {logging_mixin.py:188} INFO - Processing 8.00% of geolocation data...
[2025-08-18T04:56:31.592+0000] {logging_mixin.py:188} INFO - Processing 9.00% of geolocation data...
[2025-08-18T04:56:32.298+0000] {logging_mixin.py:188} INFO - Processing 10.00% of geolocation data...
[2025-08-18T04:56:33.014+0000] {logging_mixin.py:188} INFO - Processing 11.00% of geolocation data...
[2025-08-18T04:56:33.764+0000] {logging_mixin.py:188} INFO - Processing 12.00% of geolocation data...
[2025-08-18T04:56:34.472+0000] {logging_mixin.py:188} INFO - Processing 13.00% of geolocation data...
[2025-08-18T04:56:35.215+0000] {logging_mixin.py:188} INFO - Processing 14.00% of geolocation data...
[2025-08-18T04:56:35.927+0000] {logging_mixin.py:188} INFO - Processing 15.00% of geolocation data...
[2025-08-18T04:56:36.642+0000] {logging_mixin.py:188} INFO - Processing 16.00% of geolocation data...
[2025-08-18T04:56:37.350+0000] {logging_mixin.py:188} INFO - Processing 17.00% of geolocation data...
[2025-08-18T04:56:38.052+0000] {logging_mixin.py:188} INFO - Processing 18.00% of geolocation data...
[2025-08-18T04:56:38.806+0000] {logging_mixin.py:188} INFO - Processing 19.00% of geolocation data...
[2025-08-18T04:56:39.522+0000] {logging_mixin.py:188} INFO - Processing 20.00% of geolocation data...
[2025-08-18T04:56:40.228+0000] {logging_mixin.py:188} INFO - Processing 21.00% of geolocation data...
[2025-08-18T04:56:40.990+0000] {logging_mixin.py:188} INFO - Processing 22.00% of geolocation data...
[2025-08-18T04:56:41.705+0000] {logging_mixin.py:188} INFO - Processing 23.00% of geolocation data...
[2025-08-18T04:56:42.411+0000] {logging_mixin.py:188} INFO - Processing 24.00% of geolocation data...
[2025-08-18T04:56:43.119+0000] {logging_mixin.py:188} INFO - Processing 25.00% of geolocation data...
[2025-08-18T04:56:43.872+0000] {logging_mixin.py:188} INFO - Processing 26.00% of geolocation data...
[2025-08-18T04:56:44.592+0000] {logging_mixin.py:188} INFO - Processing 27.00% of geolocation data...
[2025-08-18T04:56:45.299+0000] {logging_mixin.py:188} INFO - Processing 28.00% of geolocation data...
[2025-08-18T04:56:46.061+0000] {logging_mixin.py:188} INFO - Processing 29.00% of geolocation data...
[2025-08-18T04:56:46.765+0000] {logging_mixin.py:188} INFO - Processing 30.00% of geolocation data...
[2025-08-18T04:56:47.470+0000] {logging_mixin.py:188} INFO - Processing 31.00% of geolocation data...
[2025-08-18T04:56:48.198+0000] {logging_mixin.py:188} INFO - Processing 32.00% of geolocation data...
[2025-08-18T04:56:48.998+0000] {logging_mixin.py:188} INFO - Processing 33.00% of geolocation data...
[2025-08-18T04:56:49.712+0000] {logging_mixin.py:188} INFO - Processing 34.00% of geolocation data...
[2025-08-18T04:56:50.473+0000] {logging_mixin.py:188} INFO - Processing 35.00% of geolocation data...
[2025-08-18T04:56:51.198+0000] {logging_mixin.py:188} INFO - Processing 36.00% of geolocation data...
[2025-08-18T04:56:51.928+0000] {logging_mixin.py:188} INFO - Processing 37.00% of geolocation data...
[2025-08-18T04:56:52.644+0000] {logging_mixin.py:188} INFO - Processing 38.00% of geolocation data...
[2025-08-18T04:56:53.356+0000] {logging_mixin.py:188} INFO - Processing 39.00% of geolocation data...
[2025-08-18T04:56:54.134+0000] {logging_mixin.py:188} INFO - Processing 40.00% of geolocation data...
[2025-08-18T04:56:54.865+0000] {logging_mixin.py:188} INFO - Processing 41.00% of geolocation data...
[2025-08-18T04:56:55.612+0000] {logging_mixin.py:188} INFO - Processing 42.00% of geolocation data...
[2025-08-18T04:56:56.364+0000] {logging_mixin.py:188} INFO - Processing 43.00% of geolocation data...
[2025-08-18T04:56:57.104+0000] {logging_mixin.py:188} INFO - Processing 44.00% of geolocation data...
[2025-08-18T04:56:57.823+0000] {logging_mixin.py:188} INFO - Processing 45.00% of geolocation data...
[2025-08-18T04:56:58.537+0000] {logging_mixin.py:188} INFO - Processing 46.00% of geolocation data...
[2025-08-18T04:56:59.255+0000] {logging_mixin.py:188} INFO - Processing 47.00% of geolocation data...
[2025-08-18T04:56:59.998+0000] {logging_mixin.py:188} INFO - Processing 48.00% of geolocation data...
[2025-08-18T04:57:00.991+0000] {logging_mixin.py:188} INFO - Processing 49.00% of geolocation data...
[2025-08-18T04:57:01.734+0000] {logging_mixin.py:188} INFO - Processing 50.00% of geolocation data...
[2025-08-18T04:57:02.440+0000] {logging_mixin.py:188} INFO - Processing 51.00% of geolocation data...
[2025-08-18T04:57:03.200+0000] {logging_mixin.py:188} INFO - Processing 52.00% of geolocation data...
[2025-08-18T04:57:03.933+0000] {logging_mixin.py:188} INFO - Processing 53.00% of geolocation data...
[2025-08-18T04:57:04.638+0000] {logging_mixin.py:188} INFO - Processing 54.00% of geolocation data...
[2025-08-18T04:57:05.432+0000] {logging_mixin.py:188} INFO - Processing 55.00% of geolocation data...
[2025-08-18T04:57:06.231+0000] {logging_mixin.py:188} INFO - Processing 56.00% of geolocation data...
[2025-08-18T04:57:06.941+0000] {logging_mixin.py:188} INFO - Processing 57.00% of geolocation data...
[2025-08-18T04:57:07.654+0000] {logging_mixin.py:188} INFO - Processing 58.00% of geolocation data...
[2025-08-18T04:57:08.384+0000] {logging_mixin.py:188} INFO - Processing 59.00% of geolocation data...
[2025-08-18T04:57:09.151+0000] {logging_mixin.py:188} INFO - Processing 60.00% of geolocation data...
[2025-08-18T04:57:09.860+0000] {logging_mixin.py:188} INFO - Processing 61.00% of geolocation data...
[2025-08-18T04:57:10.566+0000] {logging_mixin.py:188} INFO - Processing 62.00% of geolocation data...
[2025-08-18T04:57:11.281+0000] {logging_mixin.py:188} INFO - Processing 63.00% of geolocation data...
[2025-08-18T04:57:11.995+0000] {logging_mixin.py:188} INFO - Processing 64.00% of geolocation data...
[2025-08-18T04:57:12.790+0000] {logging_mixin.py:188} INFO - Processing 65.00% of geolocation data...
[2025-08-18T04:57:13.495+0000] {logging_mixin.py:188} INFO - Processing 66.00% of geolocation data...
[2025-08-18T04:57:14.210+0000] {logging_mixin.py:188} INFO - Processing 67.00% of geolocation data...
[2025-08-18T04:57:14.961+0000] {logging_mixin.py:188} INFO - Processing 68.00% of geolocation data...
[2025-08-18T04:57:15.668+0000] {logging_mixin.py:188} INFO - Processing 69.00% of geolocation data...
[2025-08-18T04:57:16.371+0000] {logging_mixin.py:188} INFO - Processing 70.00% of geolocation data...
[2025-08-18T04:57:17.076+0000] {logging_mixin.py:188} INFO - Processing 71.00% of geolocation data...
[2025-08-18T04:57:17.827+0000] {logging_mixin.py:188} INFO - Processing 72.00% of geolocation data...
[2025-08-18T04:57:18.601+0000] {logging_mixin.py:188} INFO - Processing 73.00% of geolocation data...
[2025-08-18T04:57:19.310+0000] {logging_mixin.py:188} INFO - Processing 74.00% of geolocation data...
[2025-08-18T04:57:20.025+0000] {logging_mixin.py:188} INFO - Processing 75.00% of geolocation data...
[2025-08-18T04:57:20.813+0000] {logging_mixin.py:188} INFO - Processing 76.00% of geolocation data...
[2025-08-18T04:57:21.535+0000] {logging_mixin.py:188} INFO - Processing 77.00% of geolocation data...
[2025-08-18T04:57:22.245+0000] {logging_mixin.py:188} INFO - Processing 78.00% of geolocation data...
[2025-08-18T04:57:22.966+0000] {logging_mixin.py:188} INFO - Processing 79.00% of geolocation data...
[2025-08-18T04:57:23.725+0000] {logging_mixin.py:188} INFO - Processing 80.00% of geolocation data...
[2025-08-18T04:57:24.497+0000] {logging_mixin.py:188} INFO - Processing 81.00% of geolocation data...
[2025-08-18T04:57:25.204+0000] {logging_mixin.py:188} INFO - Processing 82.00% of geolocation data...
[2025-08-18T04:57:25.919+0000] {logging_mixin.py:188} INFO - Processing 83.00% of geolocation data...
[2025-08-18T04:57:26.679+0000] {logging_mixin.py:188} INFO - Processing 84.00% of geolocation data...
[2025-08-18T04:57:27.435+0000] {logging_mixin.py:188} INFO - Processing 85.00% of geolocation data...
[2025-08-18T04:57:28.207+0000] {logging_mixin.py:188} INFO - Processing 86.00% of geolocation data...
[2025-08-18T04:57:28.934+0000] {logging_mixin.py:188} INFO - Processing 87.00% of geolocation data...
[2025-08-18T04:57:29.646+0000] {logging_mixin.py:188} INFO - Processing 88.00% of geolocation data...
[2025-08-18T04:57:30.359+0000] {logging_mixin.py:188} INFO - Processing 89.00% of geolocation data...
[2025-08-18T04:57:31.067+0000] {logging_mixin.py:188} INFO - Processing 90.00% of geolocation data...
[2025-08-18T04:57:31.792+0000] {logging_mixin.py:188} INFO - Processing 91.00% of geolocation data...
[2025-08-18T04:57:32.542+0000] {logging_mixin.py:188} INFO - Processing 92.00% of geolocation data...
[2025-08-18T04:57:33.260+0000] {logging_mixin.py:188} INFO - Processing 93.00% of geolocation data...
[2025-08-18T04:57:34.006+0000] {logging_mixin.py:188} INFO - Processing 94.00% of geolocation data...
[2025-08-18T04:57:34.710+0000] {logging_mixin.py:188} INFO - Processing 95.00% of geolocation data...
[2025-08-18T04:57:35.418+0000] {logging_mixin.py:188} INFO - Processing 96.00% of geolocation data...
[2025-08-18T04:57:36.125+0000] {logging_mixin.py:188} INFO - Processing 97.00% of geolocation data...
[2025-08-18T04:57:36.837+0000] {logging_mixin.py:188} INFO - Processing 98.00% of geolocation data...
[2025-08-18T04:57:37.592+0000] {logging_mixin.py:188} INFO - Processing 99.00% of geolocation data...
[2025-08-18T04:57:38.353+0000] {logging_mixin.py:188} INFO - Processing 100.00% of geolocation data...
[2025-08-18T04:57:38.378+0000] {logging_mixin.py:188} INFO - Deleting existing data in the specified date range...
[2025-08-18T04:57:38.379+0000] {logging_mixin.py:188} INFO - Deleted 700 rows from raw.weather_data.
[2025-08-18T04:57:38.379+0000] {logging_mixin.py:188} INFO - Loading 700 new rows into raw.weather_data...
[2025-08-18T04:57:38.399+0000] {logging_mixin.py:188} INFO - New data loaded successfully.
[2025-08-18T04:57:38.400+0000] {python.py:237} INFO - Done. Returned value was: None
[2025-08-18T04:57:38.401+0000] {taskinstance.py:441} INFO - ::group::Post task execution logs
[2025-08-18T04:57:38.411+0000] {taskinstance.py:1206} INFO - Marking task as SUCCESS. dag_id=weather_data_pipeline, task_id=fetch_weather_data, run_id=manual__2025-08-18T04:56:20.068564+00:00, execution_date=20250818T045620, start_date=20250818T045624, end_date=20250818T045738
[2025-08-18T04:57:38.424+0000] {local_task_job_runner.py:240} INFO - Task exited with return code 0
[2025-08-18T04:57:38.445+0000] {taskinstance.py:3503} INFO - 1 downstream tasks scheduled from follow-on schedule check
[2025-08-18T04:57:38.446+0000] {local_task_job_runner.py:222} INFO - ::endgroup::
