[2025-08-18T02:47:12.064+0000] {local_task_job_runner.py:120} INFO - ::group::Pre task execution logs
[2025-08-18T02:47:12.187+0000] {taskinstance.py:2076} INFO - Dependencies all met for dep_context=non-requeueable deps ti=<TaskInstance: weather_data_pipeline.fetch_weather_data manual__2025-08-18T01:29:52.036937+00:00 [queued]>
[2025-08-18T02:47:12.192+0000] {taskinstance.py:2076} INFO - Dependencies all met for dep_context=requeueable deps ti=<TaskInstance: weather_data_pipeline.fetch_weather_data manual__2025-08-18T01:29:52.036937+00:00 [queued]>
[2025-08-18T02:47:12.192+0000] {taskinstance.py:2306} INFO - Starting attempt 3 of 4
[2025-08-18T02:47:12.200+0000] {taskinstance.py:2330} INFO - Executing <Task(PythonOperator): fetch_weather_data> on 2025-08-18 01:29:52.036937+00:00
[2025-08-18T02:47:12.207+0000] {standard_task_runner.py:90} INFO - Running: ['***', 'tasks', 'run', 'weather_data_pipeline', 'fetch_weather_data', 'manual__2025-08-18T01:29:52.036937+00:00', '--job-id', '68', '--raw', '--subdir', 'DAGS_FOLDER/weather_dags.py', '--cfg-path', '/tmp/tmpai46960n']
[2025-08-18T02:47:12.208+0000] {standard_task_runner.py:91} INFO - Job 68: Subtask fetch_weather_data
[2025-08-18T02:47:12.209+0000] {logging_mixin.py:188} WARNING - /home/***/.local/lib/python3.12/site-packages/***/task/task_runner/standard_task_runner.py:61 DeprecationWarning: This process (pid=214) is multi-threaded, use of fork() may lead to deadlocks in the child.
[2025-08-18T02:47:12.209+0000] {standard_task_runner.py:63} INFO - Started process 216 to run task
[2025-08-18T02:47:12.258+0000] {task_command.py:426} INFO - Running <TaskInstance: weather_data_pipeline.fetch_weather_data manual__2025-08-18T01:29:52.036937+00:00 [running]> on host b10b13b5f146
[2025-08-18T02:47:12.332+0000] {taskinstance.py:2648} INFO - Exporting env vars: AIRFLOW_CTX_DAG_OWNER='Hendi Irwanto' AIRFLOW_CTX_DAG_ID='weather_data_pipeline' AIRFLOW_CTX_TASK_ID='fetch_weather_data' AIRFLOW_CTX_EXECUTION_DATE='2025-08-18T01:29:52.036937+00:00' AIRFLOW_CTX_TRY_NUMBER='3' AIRFLOW_CTX_DAG_RUN_ID='manual__2025-08-18T01:29:52.036937+00:00'
[2025-08-18T02:47:12.332+0000] {taskinstance.py:430} INFO - ::endgroup::
[2025-08-18T02:47:12.359+0000] {logging_mixin.py:188} INFO - Geolocation data fetched from database. Shape: (100, 5)
[2025-08-18T02:47:13.119+0000] {logging_mixin.py:188} INFO - Processing 1.00% of geolocation data...
[2025-08-18T02:47:13.836+0000] {logging_mixin.py:188} INFO - Processing 2.00% of geolocation data...
[2025-08-18T02:47:14.574+0000] {logging_mixin.py:188} INFO - Processing 3.00% of geolocation data...
[2025-08-18T02:47:15.277+0000] {logging_mixin.py:188} INFO - Processing 4.00% of geolocation data...
[2025-08-18T02:47:15.979+0000] {logging_mixin.py:188} INFO - Processing 5.00% of geolocation data...
[2025-08-18T02:47:16.684+0000] {logging_mixin.py:188} INFO - Processing 6.00% of geolocation data...
[2025-08-18T02:47:17.387+0000] {logging_mixin.py:188} INFO - Processing 7.00% of geolocation data...
[2025-08-18T02:47:18.093+0000] {logging_mixin.py:188} INFO - Processing 8.00% of geolocation data...
[2025-08-18T02:47:18.808+0000] {logging_mixin.py:188} INFO - Processing 9.00% of geolocation data...
[2025-08-18T02:47:19.561+0000] {logging_mixin.py:188} INFO - Processing 10.00% of geolocation data...
[2025-08-18T02:47:20.304+0000] {logging_mixin.py:188} INFO - Processing 11.00% of geolocation data...
[2025-08-18T02:47:21.012+0000] {logging_mixin.py:188} INFO - Processing 12.00% of geolocation data...
[2025-08-18T02:47:21.733+0000] {logging_mixin.py:188} INFO - Processing 13.00% of geolocation data...
[2025-08-18T02:47:22.499+0000] {logging_mixin.py:188} INFO - Processing 14.00% of geolocation data...
[2025-08-18T02:47:23.222+0000] {logging_mixin.py:188} INFO - Processing 15.00% of geolocation data...
[2025-08-18T02:47:23.947+0000] {logging_mixin.py:188} INFO - Processing 16.00% of geolocation data...
[2025-08-18T02:47:24.661+0000] {logging_mixin.py:188} INFO - Processing 17.00% of geolocation data...
[2025-08-18T02:47:25.418+0000] {logging_mixin.py:188} INFO - Processing 18.00% of geolocation data...
[2025-08-18T02:47:26.148+0000] {logging_mixin.py:188} INFO - Processing 19.00% of geolocation data...
[2025-08-18T02:47:27.461+0000] {logging_mixin.py:188} INFO - Processing 20.00% of geolocation data...
[2025-08-18T02:47:28.172+0000] {logging_mixin.py:188} INFO - Processing 21.00% of geolocation data...
[2025-08-18T02:47:28.936+0000] {logging_mixin.py:188} INFO - Processing 22.00% of geolocation data...
[2025-08-18T02:47:29.670+0000] {logging_mixin.py:188} INFO - Processing 23.00% of geolocation data...
[2025-08-18T02:47:30.437+0000] {logging_mixin.py:188} INFO - Processing 24.00% of geolocation data...
[2025-08-18T02:47:31.155+0000] {logging_mixin.py:188} INFO - Processing 25.00% of geolocation data...
[2025-08-18T02:47:31.887+0000] {logging_mixin.py:188} INFO - Processing 26.00% of geolocation data...
[2025-08-18T02:47:32.600+0000] {logging_mixin.py:188} INFO - Processing 27.00% of geolocation data...
[2025-08-18T02:47:33.323+0000] {logging_mixin.py:188} INFO - Processing 28.00% of geolocation data...
[2025-08-18T02:47:34.083+0000] {logging_mixin.py:188} INFO - Processing 29.00% of geolocation data...
[2025-08-18T02:47:34.813+0000] {logging_mixin.py:188} INFO - Processing 30.00% of geolocation data...
[2025-08-18T02:47:35.523+0000] {logging_mixin.py:188} INFO - Processing 31.00% of geolocation data...
[2025-08-18T02:47:36.242+0000] {logging_mixin.py:188} INFO - Processing 32.00% of geolocation data...
[2025-08-18T02:47:36.971+0000] {logging_mixin.py:188} INFO - Processing 33.00% of geolocation data...
[2025-08-18T02:47:37.682+0000] {logging_mixin.py:188} INFO - Processing 34.00% of geolocation data...
[2025-08-18T02:47:38.414+0000] {logging_mixin.py:188} INFO - Processing 35.00% of geolocation data...
[2025-08-18T02:47:39.135+0000] {logging_mixin.py:188} INFO - Processing 36.00% of geolocation data...
[2025-08-18T02:47:39.888+0000] {logging_mixin.py:188} INFO - Processing 37.00% of geolocation data...
[2025-08-18T02:47:40.673+0000] {logging_mixin.py:188} INFO - Processing 38.00% of geolocation data...
[2025-08-18T02:47:41.445+0000] {logging_mixin.py:188} INFO - Processing 39.00% of geolocation data...
[2025-08-18T02:47:42.183+0000] {logging_mixin.py:188} INFO - Processing 40.00% of geolocation data...
[2025-08-18T02:47:42.953+0000] {logging_mixin.py:188} INFO - Processing 41.00% of geolocation data...
[2025-08-18T02:47:43.671+0000] {logging_mixin.py:188} INFO - Processing 42.00% of geolocation data...
[2025-08-18T02:47:44.415+0000] {logging_mixin.py:188} INFO - Processing 43.00% of geolocation data...
[2025-08-18T02:47:45.141+0000] {logging_mixin.py:188} INFO - Processing 44.00% of geolocation data...
[2025-08-18T02:47:45.848+0000] {logging_mixin.py:188} INFO - Processing 45.00% of geolocation data...
[2025-08-18T02:47:46.561+0000] {logging_mixin.py:188} INFO - Processing 46.00% of geolocation data...
[2025-08-18T02:47:47.331+0000] {logging_mixin.py:188} INFO - Processing 47.00% of geolocation data...
[2025-08-18T02:47:48.046+0000] {logging_mixin.py:188} INFO - Processing 48.00% of geolocation data...
[2025-08-18T02:47:48.760+0000] {logging_mixin.py:188} INFO - Processing 49.00% of geolocation data...
[2025-08-18T02:47:49.475+0000] {logging_mixin.py:188} INFO - Processing 50.00% of geolocation data...
[2025-08-18T02:47:50.187+0000] {logging_mixin.py:188} INFO - Processing 51.00% of geolocation data...
[2025-08-18T02:47:50.906+0000] {logging_mixin.py:188} INFO - Processing 52.00% of geolocation data...
[2025-08-18T02:47:51.623+0000] {logging_mixin.py:188} INFO - Processing 53.00% of geolocation data...
[2025-08-18T02:47:52.397+0000] {logging_mixin.py:188} INFO - Processing 54.00% of geolocation data...
[2025-08-18T02:47:53.156+0000] {logging_mixin.py:188} INFO - Processing 55.00% of geolocation data...
[2025-08-18T02:47:53.881+0000] {logging_mixin.py:188} INFO - Processing 56.00% of geolocation data...
[2025-08-18T02:47:54.625+0000] {logging_mixin.py:188} INFO - Processing 57.00% of geolocation data...
[2025-08-18T02:47:55.345+0000] {logging_mixin.py:188} INFO - Processing 58.00% of geolocation data...
[2025-08-18T02:47:56.057+0000] {logging_mixin.py:188} INFO - Processing 59.00% of geolocation data...
[2025-08-18T02:47:56.769+0000] {logging_mixin.py:188} INFO - Processing 60.00% of geolocation data...
[2025-08-18T02:47:57.526+0000] {logging_mixin.py:188} INFO - Processing 61.00% of geolocation data...
[2025-08-18T02:47:58.249+0000] {logging_mixin.py:188} INFO - Processing 62.00% of geolocation data...
[2025-08-18T02:47:59.019+0000] {logging_mixin.py:188} INFO - Processing 63.00% of geolocation data...
[2025-08-18T02:47:59.772+0000] {logging_mixin.py:188} INFO - Processing 64.00% of geolocation data...
[2025-08-18T02:48:00.747+0000] {logging_mixin.py:188} INFO - Processing 65.00% of geolocation data...
[2025-08-18T02:48:01.540+0000] {logging_mixin.py:188} INFO - Processing 66.00% of geolocation data...
[2025-08-18T02:48:02.268+0000] {logging_mixin.py:188} INFO - Processing 67.00% of geolocation data...
[2025-08-18T02:48:02.987+0000] {logging_mixin.py:188} INFO - Processing 68.00% of geolocation data...
[2025-08-18T02:48:03.706+0000] {logging_mixin.py:188} INFO - Processing 69.00% of geolocation data...
[2025-08-18T02:48:04.418+0000] {logging_mixin.py:188} INFO - Processing 70.00% of geolocation data...
[2025-08-18T02:48:05.144+0000] {logging_mixin.py:188} INFO - Processing 71.00% of geolocation data...
[2025-08-18T02:48:05.866+0000] {logging_mixin.py:188} INFO - Processing 72.00% of geolocation data...
[2025-08-18T02:48:06.594+0000] {logging_mixin.py:188} INFO - Processing 73.00% of geolocation data...
[2025-08-18T02:48:07.355+0000] {logging_mixin.py:188} INFO - Processing 74.00% of geolocation data...
[2025-08-18T02:48:08.064+0000] {logging_mixin.py:188} INFO - Processing 75.00% of geolocation data...
[2025-08-18T02:48:08.772+0000] {logging_mixin.py:188} INFO - Processing 76.00% of geolocation data...
[2025-08-18T02:48:09.482+0000] {logging_mixin.py:188} INFO - Processing 77.00% of geolocation data...
[2025-08-18T02:48:10.256+0000] {logging_mixin.py:188} INFO - Processing 78.00% of geolocation data...
[2025-08-18T02:48:10.974+0000] {logging_mixin.py:188} INFO - Processing 79.00% of geolocation data...
[2025-08-18T02:48:11.743+0000] {logging_mixin.py:188} INFO - Processing 80.00% of geolocation data...
[2025-08-18T02:48:12.449+0000] {logging_mixin.py:188} INFO - Processing 81.00% of geolocation data...
[2025-08-18T02:48:13.169+0000] {logging_mixin.py:188} INFO - Processing 82.00% of geolocation data...
[2025-08-18T02:48:13.924+0000] {logging_mixin.py:188} INFO - Processing 83.00% of geolocation data...
[2025-08-18T02:48:14.638+0000] {logging_mixin.py:188} INFO - Processing 84.00% of geolocation data...
[2025-08-18T02:48:15.395+0000] {logging_mixin.py:188} INFO - Processing 85.00% of geolocation data...
[2025-08-18T02:48:16.113+0000] {logging_mixin.py:188} INFO - Processing 86.00% of geolocation data...
[2025-08-18T02:48:16.867+0000] {logging_mixin.py:188} INFO - Processing 87.00% of geolocation data...
[2025-08-18T02:48:17.580+0000] {logging_mixin.py:188} INFO - Processing 88.00% of geolocation data...
[2025-08-18T02:48:18.291+0000] {logging_mixin.py:188} INFO - Processing 89.00% of geolocation data...
[2025-08-18T02:48:19.016+0000] {logging_mixin.py:188} INFO - Processing 90.00% of geolocation data...
[2025-08-18T02:48:19.739+0000] {logging_mixin.py:188} INFO - Processing 91.00% of geolocation data...
[2025-08-18T02:48:20.465+0000] {logging_mixin.py:188} INFO - Processing 92.00% of geolocation data...
[2025-08-18T02:48:21.178+0000] {logging_mixin.py:188} INFO - Processing 93.00% of geolocation data...
[2025-08-18T02:48:21.934+0000] {logging_mixin.py:188} INFO - Processing 94.00% of geolocation data...
[2025-08-18T02:48:22.651+0000] {logging_mixin.py:188} INFO - Processing 95.00% of geolocation data...
[2025-08-18T02:48:23.380+0000] {logging_mixin.py:188} INFO - Processing 96.00% of geolocation data...
[2025-08-18T02:48:24.085+0000] {logging_mixin.py:188} INFO - Processing 97.00% of geolocation data...
[2025-08-18T02:48:24.825+0000] {logging_mixin.py:188} INFO - Processing 98.00% of geolocation data...
[2025-08-18T02:48:25.587+0000] {logging_mixin.py:188} INFO - Processing 99.00% of geolocation data...
[2025-08-18T02:48:26.301+0000] {logging_mixin.py:188} INFO - Processing 100.00% of geolocation data...
[2025-08-18T02:48:26.330+0000] {logging_mixin.py:188} INFO - Deleting existing data in the specified date range...
[2025-08-18T02:48:26.332+0000] {logging_mixin.py:188} INFO - Deleted 300 rows from raw.weather_data.
[2025-08-18T02:48:26.332+0000] {logging_mixin.py:188} INFO - Loading 700 new rows into raw.weather_data...
[2025-08-18T02:48:26.354+0000] {logging_mixin.py:188} INFO - New data loaded successfully.
[2025-08-18T02:48:26.355+0000] {python.py:237} INFO - Done. Returned value was: None
[2025-08-18T02:48:26.355+0000] {taskinstance.py:441} INFO - ::group::Post task execution logs
[2025-08-18T02:48:26.365+0000] {taskinstance.py:1206} INFO - Marking task as SUCCESS. dag_id=weather_data_pipeline, task_id=fetch_weather_data, run_id=manual__2025-08-18T01:29:52.036937+00:00, execution_date=20250818T012952, start_date=20250818T024712, end_date=20250818T024826
[2025-08-18T02:48:26.409+0000] {local_task_job_runner.py:240} INFO - Task exited with return code 0
[2025-08-18T02:48:26.428+0000] {taskinstance.py:3503} INFO - 1 downstream tasks scheduled from follow-on schedule check
[2025-08-18T02:48:26.430+0000] {local_task_job_runner.py:222} INFO - ::endgroup::
