[2025-08-10T16:47:13.343+0000] {local_task_job_runner.py:120} INFO - ::group::Pre task execution logs
[2025-08-10T16:47:13.485+0000] {taskinstance.py:2076} INFO - Dependencies all met for dep_context=non-requeueable deps ti=<TaskInstance: weather_data_pipeline.fetch_weather_data manual__2025-08-10T16:47:09.516085+00:00 [queued]>
[2025-08-10T16:47:13.491+0000] {taskinstance.py:2076} INFO - Dependencies all met for dep_context=requeueable deps ti=<TaskInstance: weather_data_pipeline.fetch_weather_data manual__2025-08-10T16:47:09.516085+00:00 [queued]>
[2025-08-10T16:47:13.491+0000] {taskinstance.py:2306} INFO - Starting attempt 1 of 2
[2025-08-10T16:47:13.499+0000] {taskinstance.py:2330} INFO - Executing <Task(PythonOperator): fetch_weather_data> on 2025-08-10 16:47:09.516085+00:00
[2025-08-10T16:47:13.506+0000] {standard_task_runner.py:90} INFO - Running: ['***', 'tasks', 'run', 'weather_data_pipeline', 'fetch_weather_data', 'manual__2025-08-10T16:47:09.516085+00:00', '--job-id', '31', '--raw', '--subdir', 'DAGS_FOLDER/weather_dags.py', '--cfg-path', '/tmp/tmpib4jaybx']
[2025-08-10T16:47:13.508+0000] {standard_task_runner.py:91} INFO - Job 31: Subtask fetch_weather_data
[2025-08-10T16:47:13.508+0000] {logging_mixin.py:188} WARNING - /home/***/.local/lib/python3.12/site-packages/***/task/task_runner/standard_task_runner.py:61 DeprecationWarning: This process (pid=492) is multi-threaded, use of fork() may lead to deadlocks in the child.
[2025-08-10T16:47:13.509+0000] {standard_task_runner.py:63} INFO - Started process 496 to run task
[2025-08-10T16:47:13.551+0000] {task_command.py:426} INFO - Running <TaskInstance: weather_data_pipeline.fetch_weather_data manual__2025-08-10T16:47:09.516085+00:00 [running]> on host 49775de909c4
[2025-08-10T16:47:13.622+0000] {taskinstance.py:2648} INFO - Exporting env vars: AIRFLOW_CTX_DAG_OWNER='Hendi Irwanto' AIRFLOW_CTX_DAG_ID='weather_data_pipeline' AIRFLOW_CTX_TASK_ID='fetch_weather_data' AIRFLOW_CTX_EXECUTION_DATE='2025-08-10T16:47:09.516085+00:00' AIRFLOW_CTX_TRY_NUMBER='1' AIRFLOW_CTX_DAG_RUN_ID='manual__2025-08-10T16:47:09.516085+00:00'
[2025-08-10T16:47:13.623+0000] {taskinstance.py:430} INFO - ::endgroup::
[2025-08-10T16:47:13.647+0000] {logging_mixin.py:188} INFO - Geolocation data fetched from database. Shape: (100, 5)
[2025-08-10T16:47:14.425+0000] {logging_mixin.py:188} INFO - Processing 1.00% of geolocation data...
[2025-08-10T16:47:15.161+0000] {logging_mixin.py:188} INFO - Processing 2.00% of geolocation data...
[2025-08-10T16:47:15.886+0000] {logging_mixin.py:188} INFO - Processing 3.00% of geolocation data...
[2025-08-10T16:47:16.610+0000] {logging_mixin.py:188} INFO - Processing 4.00% of geolocation data...
[2025-08-10T16:47:17.386+0000] {logging_mixin.py:188} INFO - Processing 5.00% of geolocation data...
[2025-08-10T16:47:18.148+0000] {logging_mixin.py:188} INFO - Processing 6.00% of geolocation data...
[2025-08-10T16:47:18.929+0000] {logging_mixin.py:188} INFO - Processing 7.00% of geolocation data...
[2025-08-10T16:47:19.685+0000] {logging_mixin.py:188} INFO - Processing 8.00% of geolocation data...
[2025-08-10T16:47:20.447+0000] {logging_mixin.py:188} INFO - Processing 9.00% of geolocation data...
[2025-08-10T16:47:21.172+0000] {logging_mixin.py:188} INFO - Processing 10.00% of geolocation data...
[2025-08-10T16:47:21.906+0000] {logging_mixin.py:188} INFO - Processing 11.00% of geolocation data...
[2025-08-10T16:47:22.639+0000] {logging_mixin.py:188} INFO - Processing 12.00% of geolocation data...
[2025-08-10T16:47:23.371+0000] {logging_mixin.py:188} INFO - Processing 13.00% of geolocation data...
[2025-08-10T16:47:24.099+0000] {logging_mixin.py:188} INFO - Processing 14.00% of geolocation data...
[2025-08-10T16:47:24.828+0000] {logging_mixin.py:188} INFO - Processing 15.00% of geolocation data...
[2025-08-10T16:47:25.567+0000] {logging_mixin.py:188} INFO - Processing 16.00% of geolocation data...
[2025-08-10T16:47:26.335+0000] {logging_mixin.py:188} INFO - Processing 17.00% of geolocation data...
[2025-08-10T16:47:27.058+0000] {logging_mixin.py:188} INFO - Processing 18.00% of geolocation data...
[2025-08-10T16:47:27.793+0000] {logging_mixin.py:188} INFO - Processing 19.00% of geolocation data...
[2025-08-10T16:47:28.611+0000] {logging_mixin.py:188} INFO - Processing 20.00% of geolocation data...
[2025-08-10T16:47:29.345+0000] {logging_mixin.py:188} INFO - Processing 21.00% of geolocation data...
[2025-08-10T16:47:30.069+0000] {logging_mixin.py:188} INFO - Processing 22.00% of geolocation data...
[2025-08-10T16:47:30.804+0000] {logging_mixin.py:188} INFO - Processing 23.00% of geolocation data...
[2025-08-10T16:47:31.531+0000] {logging_mixin.py:188} INFO - Processing 24.00% of geolocation data...
[2025-08-10T16:47:32.275+0000] {logging_mixin.py:188} INFO - Processing 25.00% of geolocation data...
[2025-08-10T16:47:33.001+0000] {logging_mixin.py:188} INFO - Processing 26.00% of geolocation data...
[2025-08-10T16:47:33.737+0000] {logging_mixin.py:188} INFO - Processing 27.00% of geolocation data...
[2025-08-10T16:47:34.469+0000] {logging_mixin.py:188} INFO - Processing 28.00% of geolocation data...
[2025-08-10T16:47:35.251+0000] {logging_mixin.py:188} INFO - Processing 29.00% of geolocation data...
[2025-08-10T16:47:36.012+0000] {logging_mixin.py:188} INFO - Processing 30.00% of geolocation data...
[2025-08-10T16:47:36.747+0000] {logging_mixin.py:188} INFO - Processing 31.00% of geolocation data...
[2025-08-10T16:47:37.494+0000] {logging_mixin.py:188} INFO - Processing 32.00% of geolocation data...
[2025-08-10T16:47:38.229+0000] {logging_mixin.py:188} INFO - Processing 33.00% of geolocation data...
[2025-08-10T16:47:38.956+0000] {logging_mixin.py:188} INFO - Processing 34.00% of geolocation data...
[2025-08-10T16:47:39.731+0000] {logging_mixin.py:188} INFO - Processing 35.00% of geolocation data...
[2025-08-10T16:47:40.493+0000] {logging_mixin.py:188} INFO - Processing 36.00% of geolocation data...
[2025-08-10T16:47:41.274+0000] {logging_mixin.py:188} INFO - Processing 37.00% of geolocation data...
[2025-08-10T16:47:42.001+0000] {logging_mixin.py:188} INFO - Processing 38.00% of geolocation data...
[2025-08-10T16:47:42.774+0000] {logging_mixin.py:188} INFO - Processing 39.00% of geolocation data...
[2025-08-10T16:47:43.510+0000] {logging_mixin.py:188} INFO - Processing 40.00% of geolocation data...
[2025-08-10T16:47:44.246+0000] {logging_mixin.py:188} INFO - Processing 41.00% of geolocation data...
[2025-08-10T16:47:45.013+0000] {logging_mixin.py:188} INFO - Processing 42.00% of geolocation data...
[2025-08-10T16:47:45.749+0000] {logging_mixin.py:188} INFO - Processing 43.00% of geolocation data...
[2025-08-10T16:47:46.521+0000] {logging_mixin.py:188} INFO - Processing 44.00% of geolocation data...
[2025-08-10T16:47:47.247+0000] {logging_mixin.py:188} INFO - Processing 45.00% of geolocation data...
[2025-08-10T16:47:47.972+0000] {logging_mixin.py:188} INFO - Processing 46.00% of geolocation data...
[2025-08-10T16:47:48.743+0000] {logging_mixin.py:188} INFO - Processing 47.00% of geolocation data...
[2025-08-10T16:47:49.475+0000] {logging_mixin.py:188} INFO - Processing 48.00% of geolocation data...
[2025-08-10T16:47:50.238+0000] {logging_mixin.py:188} INFO - Processing 49.00% of geolocation data...
[2025-08-10T16:47:50.968+0000] {logging_mixin.py:188} INFO - Processing 50.00% of geolocation data...
[2025-08-10T16:47:51.695+0000] {logging_mixin.py:188} INFO - Processing 51.00% of geolocation data...
[2025-08-10T16:47:52.430+0000] {logging_mixin.py:188} INFO - Processing 52.00% of geolocation data...
[2025-08-10T16:47:53.214+0000] {logging_mixin.py:188} INFO - Processing 53.00% of geolocation data...
[2025-08-10T16:47:53.953+0000] {logging_mixin.py:188} INFO - Processing 54.00% of geolocation data...
[2025-08-10T16:47:54.687+0000] {logging_mixin.py:188} INFO - Processing 55.00% of geolocation data...
[2025-08-10T16:47:55.418+0000] {logging_mixin.py:188} INFO - Processing 56.00% of geolocation data...
[2025-08-10T16:47:56.148+0000] {logging_mixin.py:188} INFO - Processing 57.00% of geolocation data...
[2025-08-10T16:47:56.873+0000] {logging_mixin.py:188} INFO - Processing 58.00% of geolocation data...
[2025-08-10T16:47:57.614+0000] {logging_mixin.py:188} INFO - Processing 59.00% of geolocation data...
[2025-08-10T16:47:58.385+0000] {logging_mixin.py:188} INFO - Processing 60.00% of geolocation data...
[2025-08-10T16:47:59.125+0000] {logging_mixin.py:188} INFO - Processing 61.00% of geolocation data...
[2025-08-10T16:47:59.861+0000] {logging_mixin.py:188} INFO - Processing 62.00% of geolocation data...
[2025-08-10T16:48:00.689+0000] {logging_mixin.py:188} INFO - Processing 63.00% of geolocation data...
[2025-08-10T16:48:01.514+0000] {logging_mixin.py:188} INFO - Processing 64.00% of geolocation data...
[2025-08-10T16:48:02.241+0000] {logging_mixin.py:188} INFO - Processing 65.00% of geolocation data...
[2025-08-10T16:48:03.010+0000] {logging_mixin.py:188} INFO - Processing 66.00% of geolocation data...
[2025-08-10T16:48:03.733+0000] {logging_mixin.py:188} INFO - Processing 67.00% of geolocation data...
[2025-08-10T16:48:04.477+0000] {logging_mixin.py:188} INFO - Processing 68.00% of geolocation data...
[2025-08-10T16:48:05.206+0000] {logging_mixin.py:188} INFO - Processing 69.00% of geolocation data...
[2025-08-10T16:48:05.942+0000] {logging_mixin.py:188} INFO - Processing 70.00% of geolocation data...
[2025-08-10T16:48:06.678+0000] {logging_mixin.py:188} INFO - Processing 71.00% of geolocation data...
[2025-08-10T16:48:07.406+0000] {logging_mixin.py:188} INFO - Processing 72.00% of geolocation data...
[2025-08-10T16:48:08.148+0000] {logging_mixin.py:188} INFO - Processing 73.00% of geolocation data...
[2025-08-10T16:48:08.884+0000] {logging_mixin.py:188} INFO - Processing 74.00% of geolocation data...
[2025-08-10T16:48:09.623+0000] {logging_mixin.py:188} INFO - Processing 75.00% of geolocation data...
[2025-08-10T16:48:10.402+0000] {logging_mixin.py:188} INFO - Processing 76.00% of geolocation data...
[2025-08-10T16:48:11.127+0000] {logging_mixin.py:188} INFO - Processing 77.00% of geolocation data...
[2025-08-10T16:48:11.888+0000] {logging_mixin.py:188} INFO - Processing 78.00% of geolocation data...
[2025-08-10T16:48:12.615+0000] {logging_mixin.py:188} INFO - Processing 79.00% of geolocation data...
[2025-08-10T16:48:13.341+0000] {logging_mixin.py:188} INFO - Processing 80.00% of geolocation data...
[2025-08-10T16:48:14.097+0000] {logging_mixin.py:188} INFO - Processing 81.00% of geolocation data...
[2025-08-10T16:48:14.879+0000] {logging_mixin.py:188} INFO - Processing 82.00% of geolocation data...
[2025-08-10T16:48:15.652+0000] {logging_mixin.py:188} INFO - Processing 83.00% of geolocation data...
[2025-08-10T16:48:16.424+0000] {logging_mixin.py:188} INFO - Processing 84.00% of geolocation data...
[2025-08-10T16:48:17.183+0000] {logging_mixin.py:188} INFO - Processing 85.00% of geolocation data...
[2025-08-10T16:48:17.915+0000] {logging_mixin.py:188} INFO - Processing 86.00% of geolocation data...
[2025-08-10T16:48:18.647+0000] {logging_mixin.py:188} INFO - Processing 87.00% of geolocation data...
[2025-08-10T16:48:19.380+0000] {logging_mixin.py:188} INFO - Processing 88.00% of geolocation data...
[2025-08-10T16:48:20.153+0000] {logging_mixin.py:188} INFO - Processing 89.00% of geolocation data...
[2025-08-10T16:48:20.876+0000] {logging_mixin.py:188} INFO - Processing 90.00% of geolocation data...
[2025-08-10T16:48:21.620+0000] {logging_mixin.py:188} INFO - Processing 91.00% of geolocation data...
[2025-08-10T16:48:22.348+0000] {logging_mixin.py:188} INFO - Processing 92.00% of geolocation data...
[2025-08-10T16:48:23.120+0000] {logging_mixin.py:188} INFO - Processing 93.00% of geolocation data...
[2025-08-10T16:48:23.859+0000] {logging_mixin.py:188} INFO - Processing 94.00% of geolocation data...
[2025-08-10T16:48:24.601+0000] {logging_mixin.py:188} INFO - Processing 95.00% of geolocation data...
[2025-08-10T16:48:25.323+0000] {logging_mixin.py:188} INFO - Processing 96.00% of geolocation data...
[2025-08-10T16:48:26.062+0000] {logging_mixin.py:188} INFO - Processing 97.00% of geolocation data...
[2025-08-10T16:48:26.801+0000] {logging_mixin.py:188} INFO - Processing 98.00% of geolocation data...
[2025-08-10T16:48:27.528+0000] {logging_mixin.py:188} INFO - Processing 99.00% of geolocation data...
[2025-08-10T16:48:28.308+0000] {logging_mixin.py:188} INFO - Processing 100.00% of geolocation data...
[2025-08-10T16:48:28.332+0000] {logging_mixin.py:188} INFO - Deleting existing data in the specified date range...
[2025-08-10T16:48:28.333+0000] {logging_mixin.py:188} INFO - Deleted 700 rows from raw.weather_data.
[2025-08-10T16:48:28.333+0000] {logging_mixin.py:188} INFO - Loading 700 new rows into raw.weather_data...
[2025-08-10T16:48:28.353+0000] {logging_mixin.py:188} INFO - New data loaded successfully.
[2025-08-10T16:48:28.353+0000] {python.py:237} INFO - Done. Returned value was: None
[2025-08-10T16:48:28.354+0000] {taskinstance.py:441} INFO - ::group::Post task execution logs
[2025-08-10T16:48:28.364+0000] {taskinstance.py:1206} INFO - Marking task as SUCCESS. dag_id=weather_data_pipeline, task_id=fetch_weather_data, run_id=manual__2025-08-10T16:47:09.516085+00:00, execution_date=20250810T164709, start_date=20250810T164713, end_date=20250810T164828
[2025-08-10T16:48:28.405+0000] {local_task_job_runner.py:240} INFO - Task exited with return code 0
[2025-08-10T16:48:28.424+0000] {taskinstance.py:3503} INFO - 1 downstream tasks scheduled from follow-on schedule check
[2025-08-10T16:48:28.425+0000] {local_task_job_runner.py:222} INFO - ::endgroup::
