[2025-08-10T15:42:45.921+0000] {local_task_job_runner.py:120} INFO - ::group::Pre task execution logs
[2025-08-10T15:42:46.049+0000] {taskinstance.py:2076} INFO - Dependencies all met for dep_context=non-requeueable deps ti=<TaskInstance: weather_data_pipeline.fetch_weather_data manual__2025-08-10T15:42:40.586252+00:00 [queued]>
[2025-08-10T15:42:46.055+0000] {taskinstance.py:2076} INFO - Dependencies all met for dep_context=requeueable deps ti=<TaskInstance: weather_data_pipeline.fetch_weather_data manual__2025-08-10T15:42:40.586252+00:00 [queued]>
[2025-08-10T15:42:46.055+0000] {taskinstance.py:2306} INFO - Starting attempt 1 of 2
[2025-08-10T15:42:46.062+0000] {taskinstance.py:2330} INFO - Executing <Task(PythonOperator): fetch_weather_data> on 2025-08-10 15:42:40.586252+00:00
[2025-08-10T15:42:46.072+0000] {logging_mixin.py:188} WARNING - /home/***/.local/lib/python3.12/site-packages/***/task/task_runner/standard_task_runner.py:61 DeprecationWarning: This process (pid=1157) is multi-threaded, use of fork() may lead to deadlocks in the child.
[2025-08-10T15:42:46.070+0000] {standard_task_runner.py:90} INFO - Running: ['***', 'tasks', 'run', 'weather_data_pipeline', 'fetch_weather_data', 'manual__2025-08-10T15:42:40.586252+00:00', '--job-id', '12', '--raw', '--subdir', 'DAGS_FOLDER/weather_dags.py', '--cfg-path', '/tmp/tmpcfjnup4o']
[2025-08-10T15:42:46.073+0000] {standard_task_runner.py:63} INFO - Started process 1159 to run task
[2025-08-10T15:42:46.073+0000] {standard_task_runner.py:91} INFO - Job 12: Subtask fetch_weather_data
[2025-08-10T15:42:46.119+0000] {task_command.py:426} INFO - Running <TaskInstance: weather_data_pipeline.fetch_weather_data manual__2025-08-10T15:42:40.586252+00:00 [running]> on host a958f78a1f45
[2025-08-10T15:42:46.190+0000] {taskinstance.py:2648} INFO - Exporting env vars: AIRFLOW_CTX_DAG_OWNER='Hendi Irwanto' AIRFLOW_CTX_DAG_ID='weather_data_pipeline' AIRFLOW_CTX_TASK_ID='fetch_weather_data' AIRFLOW_CTX_EXECUTION_DATE='2025-08-10T15:42:40.586252+00:00' AIRFLOW_CTX_TRY_NUMBER='1' AIRFLOW_CTX_DAG_RUN_ID='manual__2025-08-10T15:42:40.586252+00:00'
[2025-08-10T15:42:46.191+0000] {taskinstance.py:430} INFO - ::endgroup::
[2025-08-10T15:42:46.215+0000] {logging_mixin.py:188} INFO - Geolocation data fetched from database. Shape: (100, 5)
[2025-08-10T15:42:46.960+0000] {logging_mixin.py:188} INFO - Processing 1.00% of geolocation data...
[2025-08-10T15:42:47.688+0000] {logging_mixin.py:188} INFO - Processing 2.00% of geolocation data...
[2025-08-10T15:42:48.415+0000] {logging_mixin.py:188} INFO - Processing 3.00% of geolocation data...
[2025-08-10T15:42:49.133+0000] {logging_mixin.py:188} INFO - Processing 4.00% of geolocation data...
[2025-08-10T15:42:49.857+0000] {logging_mixin.py:188} INFO - Processing 5.00% of geolocation data...
[2025-08-10T15:42:50.585+0000] {logging_mixin.py:188} INFO - Processing 6.00% of geolocation data...
[2025-08-10T15:42:51.345+0000] {logging_mixin.py:188} INFO - Processing 7.00% of geolocation data...
[2025-08-10T15:42:52.087+0000] {logging_mixin.py:188} INFO - Processing 8.00% of geolocation data...
[2025-08-10T15:42:52.791+0000] {logging_mixin.py:188} INFO - Processing 9.00% of geolocation data...
[2025-08-10T15:42:53.507+0000] {logging_mixin.py:188} INFO - Processing 10.00% of geolocation data...
[2025-08-10T15:42:54.251+0000] {logging_mixin.py:188} INFO - Processing 11.00% of geolocation data...
[2025-08-10T15:42:54.994+0000] {logging_mixin.py:188} INFO - Processing 12.00% of geolocation data...
[2025-08-10T15:42:55.746+0000] {logging_mixin.py:188} INFO - Processing 13.00% of geolocation data...
[2025-08-10T15:42:56.452+0000] {logging_mixin.py:188} INFO - Processing 14.00% of geolocation data...
[2025-08-10T15:42:57.168+0000] {logging_mixin.py:188} INFO - Processing 15.00% of geolocation data...
[2025-08-10T15:42:57.873+0000] {logging_mixin.py:188} INFO - Processing 16.00% of geolocation data...
[2025-08-10T15:42:58.585+0000] {logging_mixin.py:188} INFO - Processing 17.00% of geolocation data...
[2025-08-10T15:42:59.286+0000] {logging_mixin.py:188} INFO - Processing 18.00% of geolocation data...
[2025-08-10T15:43:00.047+0000] {logging_mixin.py:188} INFO - Processing 19.00% of geolocation data...
[2025-08-10T15:43:00.844+0000] {logging_mixin.py:188} INFO - Processing 20.00% of geolocation data...
[2025-08-10T15:43:01.608+0000] {logging_mixin.py:188} INFO - Processing 21.00% of geolocation data...
[2025-08-10T15:43:02.316+0000] {logging_mixin.py:188} INFO - Processing 22.00% of geolocation data...
[2025-08-10T15:43:03.028+0000] {logging_mixin.py:188} INFO - Processing 23.00% of geolocation data...
[2025-08-10T15:43:03.752+0000] {logging_mixin.py:188} INFO - Processing 24.00% of geolocation data...
[2025-08-10T15:43:04.459+0000] {logging_mixin.py:188} INFO - Processing 25.00% of geolocation data...
[2025-08-10T15:43:05.224+0000] {logging_mixin.py:188} INFO - Processing 26.00% of geolocation data...
[2025-08-10T15:43:05.945+0000] {logging_mixin.py:188} INFO - Processing 27.00% of geolocation data...
[2025-08-10T15:43:06.703+0000] {logging_mixin.py:188} INFO - Processing 28.00% of geolocation data...
[2025-08-10T15:43:07.411+0000] {logging_mixin.py:188} INFO - Processing 29.00% of geolocation data...
[2025-08-10T15:43:08.124+0000] {logging_mixin.py:188} INFO - Processing 30.00% of geolocation data...
[2025-08-10T15:43:08.839+0000] {logging_mixin.py:188} INFO - Processing 31.00% of geolocation data...
[2025-08-10T15:43:09.551+0000] {logging_mixin.py:188} INFO - Processing 32.00% of geolocation data...
[2025-08-10T15:43:10.280+0000] {logging_mixin.py:188} INFO - Processing 33.00% of geolocation data...
[2025-08-10T15:43:11.037+0000] {logging_mixin.py:188} INFO - Processing 34.00% of geolocation data...
[2025-08-10T15:43:11.752+0000] {logging_mixin.py:188} INFO - Processing 35.00% of geolocation data...
[2025-08-10T15:43:12.459+0000] {logging_mixin.py:188} INFO - Processing 36.00% of geolocation data...
[2025-08-10T15:43:13.174+0000] {logging_mixin.py:188} INFO - Processing 37.00% of geolocation data...
[2025-08-10T15:43:13.880+0000] {logging_mixin.py:188} INFO - Processing 38.00% of geolocation data...
[2025-08-10T15:43:14.596+0000] {logging_mixin.py:188} INFO - Processing 39.00% of geolocation data...
[2025-08-10T15:43:15.330+0000] {logging_mixin.py:188} INFO - Processing 40.00% of geolocation data...
[2025-08-10T15:43:16.039+0000] {logging_mixin.py:188} INFO - Processing 41.00% of geolocation data...
[2025-08-10T15:43:16.748+0000] {logging_mixin.py:188} INFO - Processing 42.00% of geolocation data...
[2025-08-10T15:43:17.454+0000] {logging_mixin.py:188} INFO - Processing 43.00% of geolocation data...
[2025-08-10T15:43:18.220+0000] {logging_mixin.py:188} INFO - Processing 44.00% of geolocation data...
[2025-08-10T15:43:18.931+0000] {logging_mixin.py:188} INFO - Processing 45.00% of geolocation data...
[2025-08-10T15:43:19.651+0000] {logging_mixin.py:188} INFO - Processing 46.00% of geolocation data...
[2025-08-10T15:43:20.376+0000] {logging_mixin.py:188} INFO - Processing 47.00% of geolocation data...
[2025-08-10T15:43:21.089+0000] {logging_mixin.py:188} INFO - Processing 48.00% of geolocation data...
[2025-08-10T15:43:21.800+0000] {logging_mixin.py:188} INFO - Processing 49.00% of geolocation data...
[2025-08-10T15:43:22.519+0000] {logging_mixin.py:188} INFO - Processing 50.00% of geolocation data...
[2025-08-10T15:43:23.235+0000] {logging_mixin.py:188} INFO - Processing 51.00% of geolocation data...
[2025-08-10T15:43:23.944+0000] {logging_mixin.py:188} INFO - Processing 52.00% of geolocation data...
[2025-08-10T15:43:24.663+0000] {logging_mixin.py:188} INFO - Processing 53.00% of geolocation data...
[2025-08-10T15:43:25.403+0000] {logging_mixin.py:188} INFO - Processing 54.00% of geolocation data...
[2025-08-10T15:43:26.106+0000] {logging_mixin.py:188} INFO - Processing 55.00% of geolocation data...
[2025-08-10T15:43:26.850+0000] {logging_mixin.py:188} INFO - Processing 56.00% of geolocation data...
[2025-08-10T15:43:27.610+0000] {logging_mixin.py:188} INFO - Processing 57.00% of geolocation data...
[2025-08-10T15:43:28.352+0000] {logging_mixin.py:188} INFO - Processing 58.00% of geolocation data...
[2025-08-10T15:43:29.059+0000] {logging_mixin.py:188} INFO - Processing 59.00% of geolocation data...
[2025-08-10T15:43:29.774+0000] {logging_mixin.py:188} INFO - Processing 60.00% of geolocation data...
[2025-08-10T15:43:30.527+0000] {logging_mixin.py:188} INFO - Processing 61.00% of geolocation data...
[2025-08-10T15:43:31.232+0000] {logging_mixin.py:188} INFO - Processing 62.00% of geolocation data...
[2025-08-10T15:43:31.948+0000] {logging_mixin.py:188} INFO - Processing 63.00% of geolocation data...
[2025-08-10T15:43:32.654+0000] {logging_mixin.py:188} INFO - Processing 64.00% of geolocation data...
[2025-08-10T15:43:33.412+0000] {logging_mixin.py:188} INFO - Processing 65.00% of geolocation data...
[2025-08-10T15:43:34.122+0000] {logging_mixin.py:188} INFO - Processing 66.00% of geolocation data...
[2025-08-10T15:43:34.888+0000] {logging_mixin.py:188} INFO - Processing 67.00% of geolocation data...
[2025-08-10T15:43:35.688+0000] {logging_mixin.py:188} INFO - Processing 68.00% of geolocation data...
[2025-08-10T15:43:36.404+0000] {logging_mixin.py:188} INFO - Processing 69.00% of geolocation data...
[2025-08-10T15:43:37.171+0000] {logging_mixin.py:188} INFO - Processing 70.00% of geolocation data...
[2025-08-10T15:43:37.885+0000] {logging_mixin.py:188} INFO - Processing 71.00% of geolocation data...
[2025-08-10T15:43:38.610+0000] {logging_mixin.py:188} INFO - Processing 72.00% of geolocation data...
[2025-08-10T15:43:39.328+0000] {logging_mixin.py:188} INFO - Processing 73.00% of geolocation data...
[2025-08-10T15:43:40.036+0000] {logging_mixin.py:188} INFO - Processing 74.00% of geolocation data...
[2025-08-10T15:43:40.781+0000] {logging_mixin.py:188} INFO - Processing 75.00% of geolocation data...
[2025-08-10T15:43:41.495+0000] {logging_mixin.py:188} INFO - Processing 76.00% of geolocation data...
[2025-08-10T15:43:42.221+0000] {logging_mixin.py:188} INFO - Processing 77.00% of geolocation data...
[2025-08-10T15:43:42.943+0000] {logging_mixin.py:188} INFO - Processing 78.00% of geolocation data...
[2025-08-10T15:43:43.695+0000] {logging_mixin.py:188} INFO - Processing 79.00% of geolocation data...
[2025-08-10T15:43:44.438+0000] {logging_mixin.py:188} INFO - Processing 80.00% of geolocation data...
[2025-08-10T15:43:45.154+0000] {logging_mixin.py:188} INFO - Processing 81.00% of geolocation data...
[2025-08-10T15:43:45.863+0000] {logging_mixin.py:188} INFO - Processing 82.00% of geolocation data...
[2025-08-10T15:43:46.575+0000] {logging_mixin.py:188} INFO - Processing 83.00% of geolocation data...
[2025-08-10T15:43:47.327+0000] {logging_mixin.py:188} INFO - Processing 84.00% of geolocation data...
[2025-08-10T15:43:48.046+0000] {logging_mixin.py:188} INFO - Processing 85.00% of geolocation data...
[2025-08-10T15:43:48.762+0000] {logging_mixin.py:188} INFO - Processing 86.00% of geolocation data...
[2025-08-10T15:43:49.470+0000] {logging_mixin.py:188} INFO - Processing 87.00% of geolocation data...
[2025-08-10T15:43:50.183+0000] {logging_mixin.py:188} INFO - Processing 88.00% of geolocation data...
[2025-08-10T15:43:50.935+0000] {logging_mixin.py:188} INFO - Processing 89.00% of geolocation data...
[2025-08-10T15:43:51.680+0000] {logging_mixin.py:188} INFO - Processing 90.00% of geolocation data...
[2025-08-10T15:43:52.408+0000] {logging_mixin.py:188} INFO - Processing 91.00% of geolocation data...
[2025-08-10T15:43:53.175+0000] {logging_mixin.py:188} INFO - Processing 92.00% of geolocation data...
[2025-08-10T15:43:53.933+0000] {logging_mixin.py:188} INFO - Processing 93.00% of geolocation data...
[2025-08-10T15:43:54.668+0000] {logging_mixin.py:188} INFO - Processing 94.00% of geolocation data...
[2025-08-10T15:43:55.449+0000] {logging_mixin.py:188} INFO - Processing 95.00% of geolocation data...
[2025-08-10T15:43:56.183+0000] {logging_mixin.py:188} INFO - Processing 96.00% of geolocation data...
[2025-08-10T15:43:56.911+0000] {logging_mixin.py:188} INFO - Processing 97.00% of geolocation data...
[2025-08-10T15:43:57.634+0000] {logging_mixin.py:188} INFO - Processing 98.00% of geolocation data...
[2025-08-10T15:43:58.351+0000] {logging_mixin.py:188} INFO - Processing 99.00% of geolocation data...
[2025-08-10T15:43:59.065+0000] {logging_mixin.py:188} INFO - Processing 100.00% of geolocation data...
[2025-08-10T15:43:59.089+0000] {logging_mixin.py:188} INFO - Deleting existing data in the specified date range...
[2025-08-10T15:43:59.091+0000] {logging_mixin.py:188} INFO - Deleted 700 rows from raw.weather_data.
[2025-08-10T15:43:59.091+0000] {logging_mixin.py:188} INFO - Loading 700 new rows into raw.weather_data...
[2025-08-10T15:43:59.111+0000] {logging_mixin.py:188} INFO - New data loaded successfully.
[2025-08-10T15:43:59.112+0000] {python.py:237} INFO - Done. Returned value was: None
[2025-08-10T15:43:59.112+0000] {taskinstance.py:441} INFO - ::group::Post task execution logs
[2025-08-10T15:43:59.122+0000] {taskinstance.py:1206} INFO - Marking task as SUCCESS. dag_id=weather_data_pipeline, task_id=fetch_weather_data, run_id=manual__2025-08-10T15:42:40.586252+00:00, execution_date=20250810T154240, start_date=20250810T154246, end_date=20250810T154359
[2025-08-10T15:43:59.162+0000] {local_task_job_runner.py:240} INFO - Task exited with return code 0
[2025-08-10T15:43:59.181+0000] {taskinstance.py:3503} INFO - 1 downstream tasks scheduled from follow-on schedule check
[2025-08-10T15:43:59.182+0000] {local_task_job_runner.py:222} INFO - ::endgroup::
