[2025-08-10T16:38:45.568+0000] {local_task_job_runner.py:120} INFO - ::group::Pre task execution logs
[2025-08-10T16:38:45.695+0000] {taskinstance.py:2076} INFO - Dependencies all met for dep_context=non-requeueable deps ti=<TaskInstance: weather_data_pipeline.fetch_weather_data manual__2025-08-10T16:38:41.097688+00:00 [queued]>
[2025-08-10T16:38:45.700+0000] {taskinstance.py:2076} INFO - Dependencies all met for dep_context=requeueable deps ti=<TaskInstance: weather_data_pipeline.fetch_weather_data manual__2025-08-10T16:38:41.097688+00:00 [queued]>
[2025-08-10T16:38:45.701+0000] {taskinstance.py:2306} INFO - Starting attempt 1 of 2
[2025-08-10T16:38:45.708+0000] {taskinstance.py:2330} INFO - Executing <Task(PythonOperator): fetch_weather_data> on 2025-08-10 16:38:41.097688+00:00
[2025-08-10T16:38:45.715+0000] {standard_task_runner.py:90} INFO - Running: ['***', 'tasks', 'run', 'weather_data_pipeline', 'fetch_weather_data', 'manual__2025-08-10T16:38:41.097688+00:00', '--job-id', '22', '--raw', '--subdir', 'DAGS_FOLDER/weather_dags.py', '--cfg-path', '/tmp/tmpzty1nqy2']
[2025-08-10T16:38:45.717+0000] {standard_task_runner.py:91} INFO - Job 22: Subtask fetch_weather_data
[2025-08-10T16:38:45.717+0000] {logging_mixin.py:188} WARNING - /home/***/.local/lib/python3.12/site-packages/***/task/task_runner/standard_task_runner.py:61 DeprecationWarning: This process (pid=230) is multi-threaded, use of fork() may lead to deadlocks in the child.
[2025-08-10T16:38:45.718+0000] {standard_task_runner.py:63} INFO - Started process 232 to run task
[2025-08-10T16:38:45.761+0000] {task_command.py:426} INFO - Running <TaskInstance: weather_data_pipeline.fetch_weather_data manual__2025-08-10T16:38:41.097688+00:00 [running]> on host 49775de909c4
[2025-08-10T16:38:45.831+0000] {taskinstance.py:2648} INFO - Exporting env vars: AIRFLOW_CTX_DAG_OWNER='Hendi Irwanto' AIRFLOW_CTX_DAG_ID='weather_data_pipeline' AIRFLOW_CTX_TASK_ID='fetch_weather_data' AIRFLOW_CTX_EXECUTION_DATE='2025-08-10T16:38:41.097688+00:00' AIRFLOW_CTX_TRY_NUMBER='1' AIRFLOW_CTX_DAG_RUN_ID='manual__2025-08-10T16:38:41.097688+00:00'
[2025-08-10T16:38:45.832+0000] {taskinstance.py:430} INFO - ::endgroup::
[2025-08-10T16:38:45.860+0000] {logging_mixin.py:188} INFO - Geolocation data fetched from database. Shape: (100, 5)
[2025-08-10T16:38:46.634+0000] {logging_mixin.py:188} INFO - Processing 1.00% of geolocation data...
[2025-08-10T16:38:47.342+0000] {logging_mixin.py:188} INFO - Processing 2.00% of geolocation data...
[2025-08-10T16:38:48.049+0000] {logging_mixin.py:188} INFO - Processing 3.00% of geolocation data...
[2025-08-10T16:38:48.760+0000] {logging_mixin.py:188} INFO - Processing 4.00% of geolocation data...
[2025-08-10T16:38:49.466+0000] {logging_mixin.py:188} INFO - Processing 5.00% of geolocation data...
[2025-08-10T16:38:50.181+0000] {logging_mixin.py:188} INFO - Processing 6.00% of geolocation data...
[2025-08-10T16:38:50.940+0000] {logging_mixin.py:188} INFO - Processing 7.00% of geolocation data...
[2025-08-10T16:38:51.688+0000] {logging_mixin.py:188} INFO - Processing 8.00% of geolocation data...
[2025-08-10T16:38:52.404+0000] {logging_mixin.py:188} INFO - Processing 9.00% of geolocation data...
[2025-08-10T16:38:53.210+0000] {logging_mixin.py:188} INFO - Processing 10.00% of geolocation data...
[2025-08-10T16:38:53.914+0000] {logging_mixin.py:188} INFO - Processing 11.00% of geolocation data...
[2025-08-10T16:38:54.621+0000] {logging_mixin.py:188} INFO - Processing 12.00% of geolocation data...
[2025-08-10T16:38:55.336+0000] {logging_mixin.py:188} INFO - Processing 13.00% of geolocation data...
[2025-08-10T16:38:56.071+0000] {logging_mixin.py:188} INFO - Processing 14.00% of geolocation data...
[2025-08-10T16:38:56.788+0000] {logging_mixin.py:188} INFO - Processing 15.00% of geolocation data...
[2025-08-10T16:38:57.495+0000] {logging_mixin.py:188} INFO - Processing 16.00% of geolocation data...
[2025-08-10T16:38:58.210+0000] {logging_mixin.py:188} INFO - Processing 17.00% of geolocation data...
[2025-08-10T16:38:58.929+0000] {logging_mixin.py:188} INFO - Processing 18.00% of geolocation data...
[2025-08-10T16:38:59.646+0000] {logging_mixin.py:188} INFO - Processing 19.00% of geolocation data...
[2025-08-10T16:39:00.394+0000] {logging_mixin.py:188} INFO - Processing 20.00% of geolocation data...
[2025-08-10T16:39:01.150+0000] {logging_mixin.py:188} INFO - Processing 21.00% of geolocation data...
[2025-08-10T16:39:01.878+0000] {logging_mixin.py:188} INFO - Processing 22.00% of geolocation data...
[2025-08-10T16:39:02.582+0000] {logging_mixin.py:188} INFO - Processing 23.00% of geolocation data...
[2025-08-10T16:39:03.302+0000] {logging_mixin.py:188} INFO - Processing 24.00% of geolocation data...
[2025-08-10T16:39:04.006+0000] {logging_mixin.py:188} INFO - Processing 25.00% of geolocation data...
[2025-08-10T16:39:04.728+0000] {logging_mixin.py:188} INFO - Processing 26.00% of geolocation data...
[2025-08-10T16:39:05.432+0000] {logging_mixin.py:188} INFO - Processing 27.00% of geolocation data...
[2025-08-10T16:39:06.175+0000] {logging_mixin.py:188} INFO - Processing 28.00% of geolocation data...
[2025-08-10T16:39:06.890+0000] {logging_mixin.py:188} INFO - Processing 29.00% of geolocation data...
[2025-08-10T16:39:07.607+0000] {logging_mixin.py:188} INFO - Processing 30.00% of geolocation data...
[2025-08-10T16:39:08.315+0000] {logging_mixin.py:188} INFO - Processing 31.00% of geolocation data...
[2025-08-10T16:39:09.030+0000] {logging_mixin.py:188} INFO - Processing 32.00% of geolocation data...
[2025-08-10T16:39:09.733+0000] {logging_mixin.py:188} INFO - Processing 33.00% of geolocation data...
[2025-08-10T16:39:10.484+0000] {logging_mixin.py:188} INFO - Processing 34.00% of geolocation data...
[2025-08-10T16:39:11.190+0000] {logging_mixin.py:188} INFO - Processing 35.00% of geolocation data...
[2025-08-10T16:39:11.996+0000] {logging_mixin.py:188} INFO - Processing 36.00% of geolocation data...
[2025-08-10T16:39:12.708+0000] {logging_mixin.py:188} INFO - Processing 37.00% of geolocation data...
[2025-08-10T16:39:13.432+0000] {logging_mixin.py:188} INFO - Processing 38.00% of geolocation data...
[2025-08-10T16:39:14.137+0000] {logging_mixin.py:188} INFO - Processing 39.00% of geolocation data...
[2025-08-10T16:39:14.925+0000] {logging_mixin.py:188} INFO - Processing 40.00% of geolocation data...
[2025-08-10T16:39:15.649+0000] {logging_mixin.py:188} INFO - Processing 41.00% of geolocation data...
[2025-08-10T16:39:16.361+0000] {logging_mixin.py:188} INFO - Processing 42.00% of geolocation data...
[2025-08-10T16:39:17.077+0000] {logging_mixin.py:188} INFO - Processing 43.00% of geolocation data...
[2025-08-10T16:39:17.912+0000] {logging_mixin.py:188} INFO - Processing 44.00% of geolocation data...
[2025-08-10T16:39:18.616+0000] {logging_mixin.py:188} INFO - Processing 45.00% of geolocation data...
[2025-08-10T16:39:19.360+0000] {logging_mixin.py:188} INFO - Processing 46.00% of geolocation data...
[2025-08-10T16:39:20.074+0000] {logging_mixin.py:188} INFO - Processing 47.00% of geolocation data...
[2025-08-10T16:39:20.786+0000] {logging_mixin.py:188} INFO - Processing 48.00% of geolocation data...
[2025-08-10T16:39:21.497+0000] {logging_mixin.py:188} INFO - Processing 49.00% of geolocation data...
[2025-08-10T16:39:22.241+0000] {logging_mixin.py:188} INFO - Processing 50.00% of geolocation data...
[2025-08-10T16:39:23.003+0000] {logging_mixin.py:188} INFO - Processing 51.00% of geolocation data...
[2025-08-10T16:39:23.720+0000] {logging_mixin.py:188} INFO - Processing 52.00% of geolocation data...
[2025-08-10T16:39:24.444+0000] {logging_mixin.py:188} INFO - Processing 53.00% of geolocation data...
[2025-08-10T16:39:25.151+0000] {logging_mixin.py:188} INFO - Processing 54.00% of geolocation data...
[2025-08-10T16:39:25.868+0000] {logging_mixin.py:188} INFO - Processing 55.00% of geolocation data...
[2025-08-10T16:39:26.611+0000] {logging_mixin.py:188} INFO - Processing 56.00% of geolocation data...
[2025-08-10T16:39:27.328+0000] {logging_mixin.py:188} INFO - Processing 57.00% of geolocation data...
[2025-08-10T16:39:28.088+0000] {logging_mixin.py:188} INFO - Processing 58.00% of geolocation data...
[2025-08-10T16:39:28.805+0000] {logging_mixin.py:188} INFO - Processing 59.00% of geolocation data...
[2025-08-10T16:39:29.558+0000] {logging_mixin.py:188} INFO - Processing 60.00% of geolocation data...
[2025-08-10T16:39:30.287+0000] {logging_mixin.py:188} INFO - Processing 61.00% of geolocation data...
[2025-08-10T16:39:31.006+0000] {logging_mixin.py:188} INFO - Processing 62.00% of geolocation data...
[2025-08-10T16:39:31.714+0000] {logging_mixin.py:188} INFO - Processing 63.00% of geolocation data...
[2025-08-10T16:39:32.478+0000] {logging_mixin.py:188} INFO - Processing 64.00% of geolocation data...
[2025-08-10T16:39:33.195+0000] {logging_mixin.py:188} INFO - Processing 65.00% of geolocation data...
[2025-08-10T16:39:33.909+0000] {logging_mixin.py:188} INFO - Processing 66.00% of geolocation data...
[2025-08-10T16:39:34.627+0000] {logging_mixin.py:188} INFO - Processing 67.00% of geolocation data...
[2025-08-10T16:39:35.388+0000] {logging_mixin.py:188} INFO - Processing 68.00% of geolocation data...
[2025-08-10T16:39:36.188+0000] {logging_mixin.py:188} INFO - Processing 69.00% of geolocation data...
[2025-08-10T16:39:36.941+0000] {logging_mixin.py:188} INFO - Processing 70.00% of geolocation data...
[2025-08-10T16:39:37.705+0000] {logging_mixin.py:188} INFO - Processing 71.00% of geolocation data...
[2025-08-10T16:39:38.457+0000] {logging_mixin.py:188} INFO - Processing 72.00% of geolocation data...
[2025-08-10T16:39:39.219+0000] {logging_mixin.py:188} INFO - Processing 73.00% of geolocation data...
[2025-08-10T16:39:39.936+0000] {logging_mixin.py:188} INFO - Processing 74.00% of geolocation data...
[2025-08-10T16:39:40.642+0000] {logging_mixin.py:188} INFO - Processing 75.00% of geolocation data...
[2025-08-10T16:39:41.377+0000] {logging_mixin.py:188} INFO - Processing 76.00% of geolocation data...
[2025-08-10T16:39:42.115+0000] {logging_mixin.py:188} INFO - Processing 77.00% of geolocation data...
[2025-08-10T16:39:42.843+0000] {logging_mixin.py:188} INFO - Processing 78.00% of geolocation data...
[2025-08-10T16:39:43.617+0000] {logging_mixin.py:188} INFO - Processing 79.00% of geolocation data...
[2025-08-10T16:39:44.348+0000] {logging_mixin.py:188} INFO - Processing 80.00% of geolocation data...
[2025-08-10T16:39:45.076+0000] {logging_mixin.py:188} INFO - Processing 81.00% of geolocation data...
[2025-08-10T16:39:45.807+0000] {logging_mixin.py:188} INFO - Processing 82.00% of geolocation data...
[2025-08-10T16:39:46.533+0000] {logging_mixin.py:188} INFO - Processing 83.00% of geolocation data...
[2025-08-10T16:39:47.261+0000] {logging_mixin.py:188} INFO - Processing 84.00% of geolocation data...
[2025-08-10T16:39:47.999+0000] {logging_mixin.py:188} INFO - Processing 85.00% of geolocation data...
[2025-08-10T16:39:48.775+0000] {logging_mixin.py:188} INFO - Processing 86.00% of geolocation data...
[2025-08-10T16:39:49.564+0000] {logging_mixin.py:188} INFO - Processing 87.00% of geolocation data...
[2025-08-10T16:39:50.351+0000] {logging_mixin.py:188} INFO - Processing 88.00% of geolocation data...
[2025-08-10T16:39:51.085+0000] {logging_mixin.py:188} INFO - Processing 89.00% of geolocation data...
[2025-08-10T16:39:51.820+0000] {logging_mixin.py:188} INFO - Processing 90.00% of geolocation data...
[2025-08-10T16:39:52.580+0000] {logging_mixin.py:188} INFO - Processing 91.00% of geolocation data...
[2025-08-10T16:39:53.317+0000] {logging_mixin.py:188} INFO - Processing 92.00% of geolocation data...
[2025-08-10T16:39:54.082+0000] {logging_mixin.py:188} INFO - Processing 93.00% of geolocation data...
[2025-08-10T16:39:54.809+0000] {logging_mixin.py:188} INFO - Processing 94.00% of geolocation data...
[2025-08-10T16:39:55.579+0000] {logging_mixin.py:188} INFO - Processing 95.00% of geolocation data...
[2025-08-10T16:39:56.318+0000] {logging_mixin.py:188} INFO - Processing 96.00% of geolocation data...
[2025-08-10T16:39:57.080+0000] {logging_mixin.py:188} INFO - Processing 97.00% of geolocation data...
[2025-08-10T16:39:57.816+0000] {logging_mixin.py:188} INFO - Processing 98.00% of geolocation data...
[2025-08-10T16:39:58.559+0000] {logging_mixin.py:188} INFO - Processing 99.00% of geolocation data...
[2025-08-10T16:39:59.276+0000] {logging_mixin.py:188} INFO - Processing 100.00% of geolocation data...
[2025-08-10T16:39:59.302+0000] {logging_mixin.py:188} INFO - Deleting existing data in the specified date range...
[2025-08-10T16:39:59.304+0000] {logging_mixin.py:188} INFO - Deleted 700 rows from raw.weather_data.
[2025-08-10T16:39:59.304+0000] {logging_mixin.py:188} INFO - Loading 700 new rows into raw.weather_data...
[2025-08-10T16:39:59.326+0000] {logging_mixin.py:188} INFO - New data loaded successfully.
[2025-08-10T16:39:59.327+0000] {python.py:237} INFO - Done. Returned value was: None
[2025-08-10T16:39:59.327+0000] {taskinstance.py:441} INFO - ::group::Post task execution logs
[2025-08-10T16:39:59.337+0000] {taskinstance.py:1206} INFO - Marking task as SUCCESS. dag_id=weather_data_pipeline, task_id=fetch_weather_data, run_id=manual__2025-08-10T16:38:41.097688+00:00, execution_date=20250810T163841, start_date=20250810T163845, end_date=20250810T163959
[2025-08-10T16:39:59.366+0000] {local_task_job_runner.py:240} INFO - Task exited with return code 0
[2025-08-10T16:39:59.385+0000] {taskinstance.py:3503} INFO - 1 downstream tasks scheduled from follow-on schedule check
[2025-08-10T16:39:59.386+0000] {local_task_job_runner.py:222} INFO - ::endgroup::
