[2025-08-12T00:00:05.839+0000] {local_task_job_runner.py:120} INFO - ::group::Pre task execution logs
[2025-08-12T00:00:05.969+0000] {taskinstance.py:2076} INFO - Dependencies all met for dep_context=non-requeueable deps ti=<TaskInstance: weather_data_pipeline.fetch_weather_data scheduled__2025-08-11T00:00:00+00:00 [queued]>
[2025-08-12T00:00:05.975+0000] {taskinstance.py:2076} INFO - Dependencies all met for dep_context=requeueable deps ti=<TaskInstance: weather_data_pipeline.fetch_weather_data scheduled__2025-08-11T00:00:00+00:00 [queued]>
[2025-08-12T00:00:05.975+0000] {taskinstance.py:2306} INFO - Starting attempt 1 of 2
[2025-08-12T00:00:05.983+0000] {taskinstance.py:2330} INFO - Executing <Task(PythonOperator): fetch_weather_data> on 2025-08-11 00:00:00+00:00
[2025-08-12T00:00:05.991+0000] {standard_task_runner.py:90} INFO - Running: ['***', 'tasks', 'run', 'weather_data_pipeline', 'fetch_weather_data', 'scheduled__2025-08-11T00:00:00+00:00', '--job-id', '39', '--raw', '--subdir', 'DAGS_FOLDER/weather_dags.py', '--cfg-path', '/tmp/tmp2ke6tdmt']
[2025-08-12T00:00:05.993+0000] {standard_task_runner.py:91} INFO - Job 39: Subtask fetch_weather_data
[2025-08-12T00:00:05.993+0000] {logging_mixin.py:188} WARNING - /home/***/.local/lib/python3.12/site-packages/***/task/task_runner/standard_task_runner.py:61 DeprecationWarning: This process (pid=45041) is multi-threaded, use of fork() may lead to deadlocks in the child.
[2025-08-12T00:00:05.993+0000] {standard_task_runner.py:63} INFO - Started process 45043 to run task
[2025-08-12T00:00:06.037+0000] {task_command.py:426} INFO - Running <TaskInstance: weather_data_pipeline.fetch_weather_data scheduled__2025-08-11T00:00:00+00:00 [running]> on host 49775de909c4
[2025-08-12T00:00:06.112+0000] {taskinstance.py:2648} INFO - Exporting env vars: AIRFLOW_CTX_DAG_OWNER='Hendi Irwanto' AIRFLOW_CTX_DAG_ID='weather_data_pipeline' AIRFLOW_CTX_TASK_ID='fetch_weather_data' AIRFLOW_CTX_EXECUTION_DATE='2025-08-11T00:00:00+00:00' AIRFLOW_CTX_TRY_NUMBER='1' AIRFLOW_CTX_DAG_RUN_ID='scheduled__2025-08-11T00:00:00+00:00'
[2025-08-12T00:00:06.113+0000] {taskinstance.py:430} INFO - ::endgroup::
[2025-08-12T00:00:06.139+0000] {logging_mixin.py:188} INFO - Geolocation data fetched from database. Shape: (100, 5)
[2025-08-12T00:00:06.854+0000] {logging_mixin.py:188} INFO - Processing 1.00% of geolocation data...
[2025-08-12T00:00:07.559+0000] {logging_mixin.py:188} INFO - Processing 2.00% of geolocation data...
[2025-08-12T00:00:08.307+0000] {logging_mixin.py:188} INFO - Processing 3.00% of geolocation data...
[2025-08-12T00:00:09.035+0000] {logging_mixin.py:188} INFO - Processing 4.00% of geolocation data...
[2025-08-12T00:00:09.745+0000] {logging_mixin.py:188} INFO - Processing 5.00% of geolocation data...
[2025-08-12T00:00:10.448+0000] {logging_mixin.py:188} INFO - Processing 6.00% of geolocation data...
[2025-08-12T00:00:11.208+0000] {logging_mixin.py:188} INFO - Processing 7.00% of geolocation data...
[2025-08-12T00:00:11.931+0000] {logging_mixin.py:188} INFO - Processing 8.00% of geolocation data...
[2025-08-12T00:00:12.647+0000] {logging_mixin.py:188} INFO - Processing 9.00% of geolocation data...
[2025-08-12T00:00:13.406+0000] {logging_mixin.py:188} INFO - Processing 10.00% of geolocation data...
[2025-08-12T00:00:14.128+0000] {logging_mixin.py:188} INFO - Processing 11.00% of geolocation data...
[2025-08-12T00:00:14.834+0000] {logging_mixin.py:188} INFO - Processing 12.00% of geolocation data...
[2025-08-12T00:00:15.547+0000] {logging_mixin.py:188} INFO - Processing 13.00% of geolocation data...
[2025-08-12T00:00:16.262+0000] {logging_mixin.py:188} INFO - Processing 14.00% of geolocation data...
[2025-08-12T00:00:16.989+0000] {logging_mixin.py:188} INFO - Processing 15.00% of geolocation data...
[2025-08-12T00:00:17.698+0000] {logging_mixin.py:188} INFO - Processing 16.00% of geolocation data...
[2025-08-12T00:00:18.405+0000] {logging_mixin.py:188} INFO - Processing 17.00% of geolocation data...
[2025-08-12T00:00:19.150+0000] {logging_mixin.py:188} INFO - Processing 18.00% of geolocation data...
[2025-08-12T00:00:19.919+0000] {logging_mixin.py:188} INFO - Processing 19.00% of geolocation data...
[2025-08-12T00:00:20.701+0000] {logging_mixin.py:188} INFO - Processing 20.00% of geolocation data...
[2025-08-12T00:00:21.455+0000] {logging_mixin.py:188} INFO - Processing 21.00% of geolocation data...
[2025-08-12T00:00:22.212+0000] {logging_mixin.py:188} INFO - Processing 22.00% of geolocation data...
[2025-08-12T00:00:22.930+0000] {logging_mixin.py:188} INFO - Processing 23.00% of geolocation data...
[2025-08-12T00:00:23.667+0000] {logging_mixin.py:188} INFO - Processing 24.00% of geolocation data...
[2025-08-12T00:00:24.374+0000] {logging_mixin.py:188} INFO - Processing 25.00% of geolocation data...
[2025-08-12T00:00:25.091+0000] {logging_mixin.py:188} INFO - Processing 26.00% of geolocation data...
[2025-08-12T00:00:25.797+0000] {logging_mixin.py:188} INFO - Processing 27.00% of geolocation data...
[2025-08-12T00:00:26.557+0000] {logging_mixin.py:188} INFO - Processing 28.00% of geolocation data...
[2025-08-12T00:00:27.280+0000] {logging_mixin.py:188} INFO - Processing 29.00% of geolocation data...
[2025-08-12T00:00:28.033+0000] {logging_mixin.py:188} INFO - Processing 30.00% of geolocation data...
[2025-08-12T00:00:28.751+0000] {logging_mixin.py:188} INFO - Processing 31.00% of geolocation data...
[2025-08-12T00:00:29.468+0000] {logging_mixin.py:188} INFO - Processing 32.00% of geolocation data...
[2025-08-12T00:00:30.211+0000] {logging_mixin.py:188} INFO - Processing 33.00% of geolocation data...
[2025-08-12T00:00:30.939+0000] {logging_mixin.py:188} INFO - Processing 34.00% of geolocation data...
[2025-08-12T00:00:31.646+0000] {logging_mixin.py:188} INFO - Processing 35.00% of geolocation data...
[2025-08-12T00:00:32.358+0000] {logging_mixin.py:188} INFO - Processing 36.00% of geolocation data...
[2025-08-12T00:00:33.075+0000] {logging_mixin.py:188} INFO - Processing 37.00% of geolocation data...
[2025-08-12T00:00:33.795+0000] {logging_mixin.py:188} INFO - Processing 38.00% of geolocation data...
[2025-08-12T00:00:34.564+0000] {logging_mixin.py:188} INFO - Processing 39.00% of geolocation data...
[2025-08-12T00:00:35.281+0000] {logging_mixin.py:188} INFO - Processing 40.00% of geolocation data...
[2025-08-12T00:00:36.059+0000] {logging_mixin.py:188} INFO - Processing 41.00% of geolocation data...
[2025-08-12T00:00:36.807+0000] {logging_mixin.py:188} INFO - Processing 42.00% of geolocation data...
[2025-08-12T00:00:37.520+0000] {logging_mixin.py:188} INFO - Processing 43.00% of geolocation data...
[2025-08-12T00:00:38.229+0000] {logging_mixin.py:188} INFO - Processing 44.00% of geolocation data...
[2025-08-12T00:00:38.989+0000] {logging_mixin.py:188} INFO - Processing 45.00% of geolocation data...
[2025-08-12T00:00:39.701+0000] {logging_mixin.py:188} INFO - Processing 46.00% of geolocation data...
[2025-08-12T00:00:40.417+0000] {logging_mixin.py:188} INFO - Processing 47.00% of geolocation data...
[2025-08-12T00:00:41.176+0000] {logging_mixin.py:188} INFO - Processing 48.00% of geolocation data...
[2025-08-12T00:00:41.925+0000] {logging_mixin.py:188} INFO - Processing 49.00% of geolocation data...
[2025-08-12T00:00:42.637+0000] {logging_mixin.py:188} INFO - Processing 50.00% of geolocation data...
[2025-08-12T00:00:43.359+0000] {logging_mixin.py:188} INFO - Processing 51.00% of geolocation data...
[2025-08-12T00:00:44.081+0000] {logging_mixin.py:188} INFO - Processing 52.00% of geolocation data...
[2025-08-12T00:00:44.809+0000] {logging_mixin.py:188} INFO - Processing 53.00% of geolocation data...
[2025-08-12T00:00:45.567+0000] {logging_mixin.py:188} INFO - Processing 54.00% of geolocation data...
[2025-08-12T00:00:46.279+0000] {logging_mixin.py:188} INFO - Processing 55.00% of geolocation data...
[2025-08-12T00:00:47.002+0000] {logging_mixin.py:188} INFO - Processing 56.00% of geolocation data...
[2025-08-12T00:00:47.707+0000] {logging_mixin.py:188} INFO - Processing 57.00% of geolocation data...
[2025-08-12T00:00:48.413+0000] {logging_mixin.py:188} INFO - Processing 58.00% of geolocation data...
[2025-08-12T00:00:49.128+0000] {logging_mixin.py:188} INFO - Processing 59.00% of geolocation data...
[2025-08-12T00:00:49.873+0000] {logging_mixin.py:188} INFO - Processing 60.00% of geolocation data...
[2025-08-12T00:00:50.590+0000] {logging_mixin.py:188} INFO - Processing 61.00% of geolocation data...
[2025-08-12T00:00:51.334+0000] {logging_mixin.py:188} INFO - Processing 62.00% of geolocation data...
[2025-08-12T00:00:52.043+0000] {logging_mixin.py:188} INFO - Processing 63.00% of geolocation data...
[2025-08-12T00:00:52.760+0000] {logging_mixin.py:188} INFO - Processing 64.00% of geolocation data...
[2025-08-12T00:00:53.530+0000] {logging_mixin.py:188} INFO - Processing 65.00% of geolocation data...
[2025-08-12T00:00:54.239+0000] {logging_mixin.py:188} INFO - Processing 66.00% of geolocation data...
[2025-08-12T00:00:54.954+0000] {logging_mixin.py:188} INFO - Processing 67.00% of geolocation data...
[2025-08-12T00:00:55.662+0000] {logging_mixin.py:188} INFO - Processing 68.00% of geolocation data...
[2025-08-12T00:00:56.377+0000] {logging_mixin.py:188} INFO - Processing 69.00% of geolocation data...
[2025-08-12T00:00:57.093+0000] {logging_mixin.py:188} INFO - Processing 70.00% of geolocation data...
[2025-08-12T00:00:57.899+0000] {logging_mixin.py:188} INFO - Processing 71.00% of geolocation data...
[2025-08-12T00:00:58.645+0000] {logging_mixin.py:188} INFO - Processing 72.00% of geolocation data...
[2025-08-12T00:00:59.370+0000] {logging_mixin.py:188} INFO - Processing 73.00% of geolocation data...
[2025-08-12T00:01:00.133+0000] {logging_mixin.py:188} INFO - Processing 74.00% of geolocation data...
[2025-08-12T00:01:01.010+0000] {logging_mixin.py:188} INFO - Processing 75.00% of geolocation data...
[2025-08-12T00:01:01.763+0000] {logging_mixin.py:188} INFO - Processing 76.00% of geolocation data...
[2025-08-12T00:01:02.481+0000] {logging_mixin.py:188} INFO - Processing 77.00% of geolocation data...
[2025-08-12T00:01:03.236+0000] {logging_mixin.py:188} INFO - Processing 78.00% of geolocation data...
[2025-08-12T00:01:03.965+0000] {logging_mixin.py:188} INFO - Processing 79.00% of geolocation data...
[2025-08-12T00:01:04.767+0000] {logging_mixin.py:188} INFO - Processing 80.00% of geolocation data...
[2025-08-12T00:01:05.472+0000] {logging_mixin.py:188} INFO - Processing 81.00% of geolocation data...
[2025-08-12T00:01:06.278+0000] {logging_mixin.py:188} INFO - Processing 82.00% of geolocation data...
[2025-08-12T00:01:06.995+0000] {logging_mixin.py:188} INFO - Processing 83.00% of geolocation data...
[2025-08-12T00:01:07.711+0000] {logging_mixin.py:188} INFO - Processing 84.00% of geolocation data...
[2025-08-12T00:01:08.419+0000] {logging_mixin.py:188} INFO - Processing 85.00% of geolocation data...
[2025-08-12T00:01:09.129+0000] {logging_mixin.py:188} INFO - Processing 86.00% of geolocation data...
[2025-08-12T00:01:09.875+0000] {logging_mixin.py:188} INFO - Processing 87.00% of geolocation data...
[2025-08-12T00:01:10.627+0000] {logging_mixin.py:188} INFO - Processing 88.00% of geolocation data...
[2025-08-12T00:01:11.346+0000] {logging_mixin.py:188} INFO - Processing 89.00% of geolocation data...
[2025-08-12T00:01:12.063+0000] {logging_mixin.py:188} INFO - Processing 90.00% of geolocation data...
[2025-08-12T00:01:12.784+0000] {logging_mixin.py:188} INFO - Processing 91.00% of geolocation data...
[2025-08-12T00:01:13.492+0000] {logging_mixin.py:188} INFO - Processing 92.00% of geolocation data...
[2025-08-12T00:01:14.232+0000] {logging_mixin.py:188} INFO - Processing 93.00% of geolocation data...
[2025-08-12T00:01:14.946+0000] {logging_mixin.py:188} INFO - Processing 94.00% of geolocation data...
[2025-08-12T00:01:15.664+0000] {logging_mixin.py:188} INFO - Processing 95.00% of geolocation data...
[2025-08-12T00:01:16.385+0000] {logging_mixin.py:188} INFO - Processing 96.00% of geolocation data...
[2025-08-12T00:01:17.092+0000] {logging_mixin.py:188} INFO - Processing 97.00% of geolocation data...
[2025-08-12T00:01:17.802+0000] {logging_mixin.py:188} INFO - Processing 98.00% of geolocation data...
[2025-08-12T00:01:18.564+0000] {logging_mixin.py:188} INFO - Processing 99.00% of geolocation data...
[2025-08-12T00:01:19.274+0000] {logging_mixin.py:188} INFO - Processing 100.00% of geolocation data...
[2025-08-12T00:01:19.300+0000] {logging_mixin.py:188} INFO - Deleting existing data in the specified date range...
[2025-08-12T00:01:19.302+0000] {logging_mixin.py:188} INFO - Deleted 600 rows from raw.weather_data.
[2025-08-12T00:01:19.302+0000] {logging_mixin.py:188} INFO - Loading 700 new rows into raw.weather_data...
[2025-08-12T00:01:19.323+0000] {logging_mixin.py:188} INFO - New data loaded successfully.
[2025-08-12T00:01:19.324+0000] {python.py:237} INFO - Done. Returned value was: None
[2025-08-12T00:01:19.324+0000] {taskinstance.py:441} INFO - ::group::Post task execution logs
[2025-08-12T00:01:19.334+0000] {taskinstance.py:1206} INFO - Marking task as SUCCESS. dag_id=weather_data_pipeline, task_id=fetch_weather_data, run_id=scheduled__2025-08-11T00:00:00+00:00, execution_date=20250811T000000, start_date=20250812T000005, end_date=20250812T000119
[2025-08-12T00:01:19.375+0000] {local_task_job_runner.py:240} INFO - Task exited with return code 0
[2025-08-12T00:01:19.395+0000] {taskinstance.py:3503} INFO - 1 downstream tasks scheduled from follow-on schedule check
[2025-08-12T00:01:19.396+0000] {local_task_job_runner.py:222} INFO - ::endgroup::
