[2025-08-11T00:01:18.544+0000] {local_task_job_runner.py:120} INFO - ::group::Pre task execution logs
[2025-08-11T00:01:18.674+0000] {taskinstance.py:2076} INFO - Dependencies all met for dep_context=non-requeueable deps ti=<TaskInstance: weather_data_pipeline.run_dbt_transformations scheduled__2025-08-10T00:00:00+00:00 [queued]>
[2025-08-11T00:01:18.679+0000] {taskinstance.py:2076} INFO - Dependencies all met for dep_context=requeueable deps ti=<TaskInstance: weather_data_pipeline.run_dbt_transformations scheduled__2025-08-10T00:00:00+00:00 [queued]>
[2025-08-11T00:01:18.680+0000] {taskinstance.py:2306} INFO - Starting attempt 1 of 2
[2025-08-11T00:01:18.687+0000] {taskinstance.py:2330} INFO - Executing <Task(BashOperator): run_dbt_transformations> on 2025-08-10 00:00:00+00:00
[2025-08-11T00:01:18.695+0000] {standard_task_runner.py:90} INFO - Running: ['***', 'tasks', 'run', 'weather_data_pipeline', 'run_dbt_transformations', 'scheduled__2025-08-10T00:00:00+00:00', '--job-id', '37', '--raw', '--subdir', 'DAGS_FOLDER/weather_dags.py', '--cfg-path', '/tmp/tmpq4lzz8_6']
[2025-08-11T00:01:18.697+0000] {logging_mixin.py:188} WARNING - /home/***/.local/lib/python3.12/site-packages/***/task/task_runner/standard_task_runner.py:61 DeprecationWarning: This process (pid=10832) is multi-threaded, use of fork() may lead to deadlocks in the child.
[2025-08-11T00:01:18.698+0000] {standard_task_runner.py:91} INFO - Job 37: Subtask run_dbt_transformations
[2025-08-11T00:01:18.698+0000] {standard_task_runner.py:63} INFO - Started process 10834 to run task
[2025-08-11T00:01:18.742+0000] {task_command.py:426} INFO - Running <TaskInstance: weather_data_pipeline.run_dbt_transformations scheduled__2025-08-10T00:00:00+00:00 [running]> on host 49775de909c4
[2025-08-11T00:01:18.819+0000] {taskinstance.py:2648} INFO - Exporting env vars: AIRFLOW_CTX_DAG_OWNER='Hendi Irwanto' AIRFLOW_CTX_DAG_ID='weather_data_pipeline' AIRFLOW_CTX_TASK_ID='run_dbt_transformations' AIRFLOW_CTX_EXECUTION_DATE='2025-08-10T00:00:00+00:00' AIRFLOW_CTX_TRY_NUMBER='1' AIRFLOW_CTX_DAG_RUN_ID='scheduled__2025-08-10T00:00:00+00:00'
[2025-08-11T00:01:18.820+0000] {taskinstance.py:430} INFO - ::endgroup::
[2025-08-11T00:01:18.829+0000] {subprocess.py:63} INFO - Tmp dir root location: /tmp
[2025-08-11T00:01:18.830+0000] {subprocess.py:75} INFO - Running command: ['/usr/bin/bash', '-c', 'dbt run --project-dir /opt/data-engineer/weather-project/dbt/weather_dbt --profiles-dir /opt/data-engineer/weather-project/dbt/weather_dbt/.dbt']
[2025-08-11T00:01:18.839+0000] {subprocess.py:86} INFO - Output:
[2025-08-11T00:01:20.237+0000] {subprocess.py:93} INFO - [0m00:01:20  Running with dbt=1.10.7
[2025-08-11T00:01:20.498+0000] {subprocess.py:93} INFO - [0m00:01:20  Registered adapter: postgres=1.9.0
[2025-08-11T00:01:20.711+0000] {subprocess.py:93} INFO - [0m00:01:20  [[33mWARNING[0m]: Configuration paths exist in your dbt_project.yml file which do not apply to any resources.
[2025-08-11T00:01:20.711+0000] {subprocess.py:93} INFO - There are 1 unused configuration paths:
[2025-08-11T00:01:20.712+0000] {subprocess.py:93} INFO - - models.dbt_date
[2025-08-11T00:01:20.836+0000] {subprocess.py:93} INFO - [0m00:01:20  Found 5 models, 2 sources, 576 macros
[2025-08-11T00:01:20.838+0000] {subprocess.py:93} INFO - [0m00:01:20
[2025-08-11T00:01:20.839+0000] {subprocess.py:93} INFO - [0m00:01:20  Concurrency: 1 threads (target='dev')
[2025-08-11T00:01:20.839+0000] {subprocess.py:93} INFO - [0m00:01:20
[2025-08-11T00:01:20.980+0000] {subprocess.py:93} INFO - [0m00:01:20  1 of 5 START sql table model dimension.dim_dates ............................... [RUN]
[2025-08-11T00:01:21.194+0000] {subprocess.py:93} INFO - [0m00:01:21  1 of 5 OK created sql table model dimension.dim_dates .......................... [[32mSELECT 1830[0m in 0.21s]
[2025-08-11T00:01:21.195+0000] {subprocess.py:93} INFO - [0m00:01:21  2 of 5 START sql table model dimension.dim_locations ........................... [RUN]
[2025-08-11T00:01:21.233+0000] {subprocess.py:93} INFO - [0m00:01:21  2 of 5 OK created sql table model dimension.dim_locations ...................... [[32mSELECT 100[0m in 0.04s]
[2025-08-11T00:01:21.234+0000] {subprocess.py:93} INFO - [0m00:01:21  3 of 5 START sql view model staging.stg_weather_data ........................... [RUN]
[2025-08-11T00:01:21.325+0000] {subprocess.py:93} INFO - [0m00:01:21  3 of 5 OK created sql view model staging.stg_weather_data ...................... [[32mCREATE VIEW[0m in 0.09s]
[2025-08-11T00:01:21.327+0000] {subprocess.py:93} INFO - [0m00:01:21  4 of 5 START sql table model marts.mart_avg_temp_by_day_of_week ................ [RUN]
[2025-08-11T00:01:21.365+0000] {subprocess.py:93} INFO - [0m00:01:21  4 of 5 OK created sql table model marts.mart_avg_temp_by_day_of_week ........... [[32mSELECT 700[0m in 0.04s]
[2025-08-11T00:01:21.367+0000] {subprocess.py:93} INFO - [0m00:01:21  5 of 5 START sql table model marts.mart_daily_weather .......................... [RUN]
[2025-08-11T00:01:21.404+0000] {subprocess.py:93} INFO - [0m00:01:21  5 of 5 OK created sql table model marts.mart_daily_weather ..................... [[32mSELECT 1000[0m in 0.04s]
[2025-08-11T00:01:21.416+0000] {subprocess.py:93} INFO - [0m00:01:21
[2025-08-11T00:01:21.416+0000] {subprocess.py:93} INFO - [0m00:01:21  Finished running 4 table models, 1 view model in 0 hours 0 minutes and 0.58 seconds (0.58s).
[2025-08-11T00:01:21.450+0000] {subprocess.py:93} INFO - [0m00:01:21
[2025-08-11T00:01:21.451+0000] {subprocess.py:93} INFO - [0m00:01:21  [32mCompleted successfully[0m
[2025-08-11T00:01:21.451+0000] {subprocess.py:93} INFO - [0m00:01:21
[2025-08-11T00:01:21.451+0000] {subprocess.py:93} INFO - [0m00:01:21  Done. PASS=5 WARN=0 ERROR=0 SKIP=0 NO-OP=0 TOTAL=5
[2025-08-11T00:01:23.068+0000] {subprocess.py:97} INFO - Command exited with return code 0
[2025-08-11T00:01:23.068+0000] {taskinstance.py:441} INFO - ::group::Post task execution logs
[2025-08-11T00:01:23.091+0000] {taskinstance.py:1206} INFO - Marking task as SUCCESS. dag_id=weather_data_pipeline, task_id=run_dbt_transformations, run_id=scheduled__2025-08-10T00:00:00+00:00, execution_date=20250810T000000, start_date=20250811T000118, end_date=20250811T000123
[2025-08-11T00:01:23.134+0000] {local_task_job_runner.py:240} INFO - Task exited with return code 0
[2025-08-11T00:01:23.150+0000] {taskinstance.py:3503} INFO - 0 downstream tasks scheduled from follow-on schedule check
[2025-08-11T00:01:23.151+0000] {local_task_job_runner.py:222} INFO - ::endgroup::
