[0m01:12:47.869688 [debug] [MainThread]: Sending event: {'category': 'dbt', 'action': 'invocation', 'label': 'start', 'context': [<snowplow_tracker.self_describing_json.SelfDescribingJson object at 0x7f70dd9b5e20>, <snowplow_tracker.self_describing_json.SelfDescribingJson object at 0x7f70dd9b7aa0>, <snowplow_tracker.self_describing_json.SelfDescribingJson object at 0x7f70dd20f440>]}


============================== 01:12:47.872974 | 6e6f2ff2-3332-4a9c-bc63-7c86d004f167 ==============================
[0m01:12:47.872974 [info ] [MainThread]: Running with dbt=1.10.6
[0m01:12:47.873450 [debug] [MainThread]: running dbt with arguments {'printer_width': '80', 'indirect_selection': 'eager', 'log_cache_events': 'False', 'write_json': 'True', 'partial_parse': 'True', 'cache_selected_only': 'False', 'profiles_dir': '/root/.dbt', 'debug': 'False', 'fail_fast': 'False', 'log_path': 'logs', 'version_check': 'True', 'warn_error': 'None', 'use_colors': 'True', 'use_experimental_parser': 'False', 'no_print': 'None', 'quiet': 'False', 'empty': 'None', 'log_format': 'default', 'static_parser': 'True', 'warn_error_options': 'WarnErrorOptionsV2(error=[], warn=[], silence=[])', 'invocation_command': 'dbt init weather_dbt', 'target_path': 'None', 'introspect': 'True', 'send_anonymous_usage_stats': 'True'}
[0m01:12:47.882221 [info ] [MainThread]: Creating dbt configuration folder at /root/.dbt
[0m01:12:47.883266 [debug] [MainThread]: Starter project path: /usr/local/lib/python3.12/dist-packages/dbt/include/starter_project
[0m01:12:47.885995 [info ] [MainThread]: 
Your new dbt project "weather_dbt" was created!

For more information on how to configure the profiles.yml file,
please consult the dbt documentation here:

  https://docs.getdbt.com/docs/configure-your-profile

One more thing:

Need help? Don't hesitate to reach out to us via GitHub issues or on Slack:

  https://community.getdbt.com/

Happy modeling!

[0m01:12:47.886319 [info ] [MainThread]: Setting up your profile.
[0m01:14:19.517049 [info ] [MainThread]: Profile weather_dbt written to /root/.dbt/profiles.yml using target's profile_template.yml and your supplied values. Run 'dbt debug' to validate the connection.
[0m01:14:19.522167 [debug] [MainThread]: Resource report: {"command_name": "init", "command_success": true, "command_wall_clock_time": 91.697044, "process_in_blocks": "248", "process_kernel_time": 0.777784, "process_mem_max_rss": "102568", "process_out_blocks": "80", "process_user_time": 0.537439}
[0m01:14:19.522659 [debug] [MainThread]: Command `dbt init` succeeded at 01:14:19.522566 after 91.70 seconds
[0m01:14:19.522990 [debug] [MainThread]: Sending event: {'category': 'dbt', 'action': 'invocation', 'label': 'end', 'context': [<snowplow_tracker.self_describing_json.SelfDescribingJson object at 0x7f70dca939b0>, <snowplow_tracker.self_describing_json.SelfDescribingJson object at 0x7f70dc937860>, <snowplow_tracker.self_describing_json.SelfDescribingJson object at 0x7f70dd9b7aa0>]}
[0m01:14:19.523309 [debug] [MainThread]: Flushing usage events
[0m01:14:20.560420 [debug] [MainThread]: An error was encountered while trying to flush usage events
