[2025-08-13T00:00:03.914+0000] {local_task_job_runner.py:120} INFO - ::group::Pre task execution logs
[2025-08-13T00:00:04.043+0000] {taskinstance.py:2076} INFO - Dependencies all met for dep_context=non-requeueable deps ti=<TaskInstance: weather_data_pipeline.fetch_weather_data scheduled__2025-08-12T00:00:00+00:00 [queued]>
[2025-08-13T00:00:04.049+0000] {taskinstance.py:2076} INFO - Dependencies all met for dep_context=requeueable deps ti=<TaskInstance: weather_data_pipeline.fetch_weather_data scheduled__2025-08-12T00:00:00+00:00 [queued]>
[2025-08-13T00:00:04.049+0000] {taskinstance.py:2306} INFO - Starting attempt 1 of 2
[2025-08-13T00:00:04.058+0000] {taskinstance.py:2330} INFO - Executing <Task(PythonOperator): fetch_weather_data> on 2025-08-12 00:00:00+00:00
[2025-08-13T00:00:04.066+0000] {standard_task_runner.py:90} INFO - Running: ['***', 'tasks', 'run', 'weather_data_pipeline', 'fetch_weather_data', 'scheduled__2025-08-12T00:00:00+00:00', '--job-id', '42', '--raw', '--subdir', 'DAGS_FOLDER/weather_dags.py', '--cfg-path', '/tmp/tmpdwbkq98r']
[2025-08-13T00:00:04.068+0000] {logging_mixin.py:188} WARNING - /home/***/.local/lib/python3.12/site-packages/***/task/task_runner/standard_task_runner.py:61 DeprecationWarning: This process (pid=79200) is multi-threaded, use of fork() may lead to deadlocks in the child.
[2025-08-13T00:00:04.069+0000] {standard_task_runner.py:91} INFO - Job 42: Subtask fetch_weather_data
[2025-08-13T00:00:04.069+0000] {standard_task_runner.py:63} INFO - Started process 79202 to run task
[2025-08-13T00:00:04.113+0000] {task_command.py:426} INFO - Running <TaskInstance: weather_data_pipeline.fetch_weather_data scheduled__2025-08-12T00:00:00+00:00 [running]> on host 49775de909c4
[2025-08-13T00:00:04.189+0000] {taskinstance.py:2648} INFO - Exporting env vars: AIRFLOW_CTX_DAG_OWNER='Hendi Irwanto' AIRFLOW_CTX_DAG_ID='weather_data_pipeline' AIRFLOW_CTX_TASK_ID='fetch_weather_data' AIRFLOW_CTX_EXECUTION_DATE='2025-08-12T00:00:00+00:00' AIRFLOW_CTX_TRY_NUMBER='1' AIRFLOW_CTX_DAG_RUN_ID='scheduled__2025-08-12T00:00:00+00:00'
[2025-08-13T00:00:04.190+0000] {taskinstance.py:430} INFO - ::endgroup::
[2025-08-13T00:00:04.217+0000] {logging_mixin.py:188} INFO - Geolocation data fetched from database. Shape: (100, 5)
[2025-08-13T00:00:05.032+0000] {logging_mixin.py:188} INFO - Processing 1.00% of geolocation data...
[2025-08-13T00:00:05.738+0000] {logging_mixin.py:188} INFO - Processing 2.00% of geolocation data...
[2025-08-13T00:00:06.444+0000] {logging_mixin.py:188} INFO - Processing 3.00% of geolocation data...
[2025-08-13T00:00:07.217+0000] {logging_mixin.py:188} INFO - Processing 4.00% of geolocation data...
[2025-08-13T00:00:07.970+0000] {logging_mixin.py:188} INFO - Processing 5.00% of geolocation data...
[2025-08-13T00:00:08.730+0000] {logging_mixin.py:188} INFO - Processing 6.00% of geolocation data...
[2025-08-13T00:00:09.451+0000] {logging_mixin.py:188} INFO - Processing 7.00% of geolocation data...
[2025-08-13T00:00:10.163+0000] {logging_mixin.py:188} INFO - Processing 8.00% of geolocation data...
[2025-08-13T00:00:10.876+0000] {logging_mixin.py:188} INFO - Processing 9.00% of geolocation data...
[2025-08-13T00:00:11.591+0000] {logging_mixin.py:188} INFO - Processing 10.00% of geolocation data...
[2025-08-13T00:00:12.307+0000] {logging_mixin.py:188} INFO - Processing 11.00% of geolocation data...
[2025-08-13T00:00:13.023+0000] {logging_mixin.py:188} INFO - Processing 12.00% of geolocation data...
[2025-08-13T00:00:13.730+0000] {logging_mixin.py:188} INFO - Processing 13.00% of geolocation data...
[2025-08-13T00:00:14.487+0000] {logging_mixin.py:188} INFO - Processing 14.00% of geolocation data...
[2025-08-13T00:00:15.193+0000] {logging_mixin.py:188} INFO - Processing 15.00% of geolocation data...
[2025-08-13T00:00:15.952+0000] {logging_mixin.py:188} INFO - Processing 16.00% of geolocation data...
[2025-08-13T00:00:16.703+0000] {logging_mixin.py:188} INFO - Processing 17.00% of geolocation data...
[2025-08-13T00:00:17.424+0000] {logging_mixin.py:188} INFO - Processing 18.00% of geolocation data...
[2025-08-13T00:00:18.202+0000] {logging_mixin.py:188} INFO - Processing 19.00% of geolocation data...
[2025-08-13T00:00:18.949+0000] {logging_mixin.py:188} INFO - Processing 20.00% of geolocation data...
[2025-08-13T00:00:19.756+0000] {logging_mixin.py:188} INFO - Processing 21.00% of geolocation data...
[2025-08-13T00:00:20.491+0000] {logging_mixin.py:188} INFO - Processing 22.00% of geolocation data...
[2025-08-13T00:00:21.213+0000] {logging_mixin.py:188} INFO - Processing 23.00% of geolocation data...
[2025-08-13T00:00:21.970+0000] {logging_mixin.py:188} INFO - Processing 24.00% of geolocation data...
[2025-08-13T00:00:22.690+0000] {logging_mixin.py:188} INFO - Processing 25.00% of geolocation data...
[2025-08-13T00:00:23.426+0000] {logging_mixin.py:188} INFO - Processing 26.00% of geolocation data...
[2025-08-13T00:00:24.155+0000] {logging_mixin.py:188} INFO - Processing 27.00% of geolocation data...
[2025-08-13T00:00:24.891+0000] {logging_mixin.py:188} INFO - Processing 28.00% of geolocation data...
[2025-08-13T00:00:25.674+0000] {logging_mixin.py:188} INFO - Processing 29.00% of geolocation data...
[2025-08-13T00:00:26.404+0000] {logging_mixin.py:188} INFO - Processing 30.00% of geolocation data...
[2025-08-13T00:00:27.907+0000] {logging_mixin.py:188} INFO - Processing 31.00% of geolocation data...
[2025-08-13T00:00:28.643+0000] {logging_mixin.py:188} INFO - Processing 32.00% of geolocation data...
[2025-08-13T00:00:29.389+0000] {logging_mixin.py:188} INFO - Processing 33.00% of geolocation data...
[2025-08-13T00:00:30.164+0000] {logging_mixin.py:188} INFO - Processing 34.00% of geolocation data...
[2025-08-13T00:00:30.909+0000] {logging_mixin.py:188} INFO - Processing 35.00% of geolocation data...
[2025-08-13T00:00:31.693+0000] {logging_mixin.py:188} INFO - Processing 36.00% of geolocation data...
[2025-08-13T00:00:32.433+0000] {logging_mixin.py:188} INFO - Processing 37.00% of geolocation data...
[2025-08-13T00:00:33.173+0000] {logging_mixin.py:188} INFO - Processing 38.00% of geolocation data...
[2025-08-13T00:00:34.136+0000] {logging_mixin.py:188} INFO - Processing 39.00% of geolocation data...
[2025-08-13T00:00:34.909+0000] {logging_mixin.py:188} INFO - Processing 40.00% of geolocation data...
[2025-08-13T00:00:35.682+0000] {logging_mixin.py:188} INFO - Processing 41.00% of geolocation data...
[2025-08-13T00:00:36.422+0000] {logging_mixin.py:188} INFO - Processing 42.00% of geolocation data...
[2025-08-13T00:00:37.159+0000] {logging_mixin.py:188} INFO - Processing 43.00% of geolocation data...
[2025-08-13T00:00:37.891+0000] {logging_mixin.py:188} INFO - Processing 44.00% of geolocation data...
[2025-08-13T00:00:38.620+0000] {logging_mixin.py:188} INFO - Processing 45.00% of geolocation data...
[2025-08-13T00:00:39.396+0000] {logging_mixin.py:188} INFO - Processing 46.00% of geolocation data...
[2025-08-13T00:00:40.146+0000] {logging_mixin.py:188} INFO - Processing 47.00% of geolocation data...
[2025-08-13T00:00:40.868+0000] {logging_mixin.py:188} INFO - Processing 48.00% of geolocation data...
[2025-08-13T00:00:41.629+0000] {logging_mixin.py:188} INFO - Processing 49.00% of geolocation data...
[2025-08-13T00:00:42.341+0000] {logging_mixin.py:188} INFO - Processing 50.00% of geolocation data...
[2025-08-13T00:00:43.093+0000] {logging_mixin.py:188} INFO - Processing 51.00% of geolocation data...
[2025-08-13T00:00:43.841+0000] {logging_mixin.py:188} INFO - Processing 52.00% of geolocation data...
[2025-08-13T00:00:44.558+0000] {logging_mixin.py:188} INFO - Processing 53.00% of geolocation data...
[2025-08-13T00:00:45.275+0000] {logging_mixin.py:188} INFO - Processing 54.00% of geolocation data...
[2025-08-13T00:00:45.986+0000] {logging_mixin.py:188} INFO - Processing 55.00% of geolocation data...
[2025-08-13T00:00:46.732+0000] {logging_mixin.py:188} INFO - Processing 56.00% of geolocation data...
[2025-08-13T00:00:47.443+0000] {logging_mixin.py:188} INFO - Processing 57.00% of geolocation data...
[2025-08-13T00:00:48.162+0000] {logging_mixin.py:188} INFO - Processing 58.00% of geolocation data...
[2025-08-13T00:00:48.887+0000] {logging_mixin.py:188} INFO - Processing 59.00% of geolocation data...
[2025-08-13T00:00:49.629+0000] {logging_mixin.py:188} INFO - Processing 60.00% of geolocation data...
[2025-08-13T00:00:50.345+0000] {logging_mixin.py:188} INFO - Processing 61.00% of geolocation data...
[2025-08-13T00:00:51.136+0000] {logging_mixin.py:188} INFO - Processing 62.00% of geolocation data...
[2025-08-13T00:00:51.847+0000] {logging_mixin.py:188} INFO - Processing 63.00% of geolocation data...
[2025-08-13T00:00:52.610+0000] {logging_mixin.py:188} INFO - Processing 64.00% of geolocation data...
[2025-08-13T00:00:53.316+0000] {logging_mixin.py:188} INFO - Processing 65.00% of geolocation data...
[2025-08-13T00:00:54.036+0000] {logging_mixin.py:188} INFO - Processing 66.00% of geolocation data...
[2025-08-13T00:00:54.748+0000] {logging_mixin.py:188} INFO - Processing 67.00% of geolocation data...
[2025-08-13T00:00:55.520+0000] {logging_mixin.py:188} INFO - Processing 68.00% of geolocation data...
[2025-08-13T00:00:56.242+0000] {logging_mixin.py:188} INFO - Processing 69.00% of geolocation data...
[2025-08-13T00:00:56.971+0000] {logging_mixin.py:188} INFO - Processing 70.00% of geolocation data...
[2025-08-13T00:00:57.724+0000] {logging_mixin.py:188} INFO - Processing 71.00% of geolocation data...
[2025-08-13T00:00:58.431+0000] {logging_mixin.py:188} INFO - Processing 72.00% of geolocation data...
[2025-08-13T00:00:59.205+0000] {logging_mixin.py:188} INFO - Processing 73.00% of geolocation data...
[2025-08-13T00:00:59.938+0000] {logging_mixin.py:188} INFO - Processing 74.00% of geolocation data...
[2025-08-13T00:01:00.759+0000] {logging_mixin.py:188} INFO - Processing 75.00% of geolocation data...
[2025-08-13T00:01:01.546+0000] {logging_mixin.py:188} INFO - Processing 76.00% of geolocation data...
[2025-08-13T00:01:02.299+0000] {logging_mixin.py:188} INFO - Processing 77.00% of geolocation data...
[2025-08-13T00:01:03.013+0000] {logging_mixin.py:188} INFO - Processing 78.00% of geolocation data...
[2025-08-13T00:01:03.746+0000] {logging_mixin.py:188} INFO - Processing 79.00% of geolocation data...
[2025-08-13T00:01:04.470+0000] {logging_mixin.py:188} INFO - Processing 80.00% of geolocation data...
[2025-08-13T00:01:05.243+0000] {logging_mixin.py:188} INFO - Processing 81.00% of geolocation data...
[2025-08-13T00:01:05.964+0000] {logging_mixin.py:188} INFO - Processing 82.00% of geolocation data...
[2025-08-13T00:01:06.675+0000] {logging_mixin.py:188} INFO - Processing 83.00% of geolocation data...
[2025-08-13T00:01:07.389+0000] {logging_mixin.py:188} INFO - Processing 84.00% of geolocation data...
[2025-08-13T00:01:08.143+0000] {logging_mixin.py:188} INFO - Processing 85.00% of geolocation data...
[2025-08-13T00:01:08.865+0000] {logging_mixin.py:188} INFO - Processing 86.00% of geolocation data...
[2025-08-13T00:01:09.581+0000] {logging_mixin.py:188} INFO - Processing 87.00% of geolocation data...
[2025-08-13T00:01:10.310+0000] {logging_mixin.py:188} INFO - Processing 88.00% of geolocation data...
[2025-08-13T00:01:11.076+0000] {logging_mixin.py:188} INFO - Processing 89.00% of geolocation data...
[2025-08-13T00:01:11.795+0000] {logging_mixin.py:188} INFO - Processing 90.00% of geolocation data...
[2025-08-13T00:01:12.547+0000] {logging_mixin.py:188} INFO - Processing 91.00% of geolocation data...
[2025-08-13T00:01:13.263+0000] {logging_mixin.py:188} INFO - Processing 92.00% of geolocation data...
[2025-08-13T00:01:13.977+0000] {logging_mixin.py:188} INFO - Processing 93.00% of geolocation data...
[2025-08-13T00:01:14.699+0000] {logging_mixin.py:188} INFO - Processing 94.00% of geolocation data...
[2025-08-13T00:01:15.419+0000] {logging_mixin.py:188} INFO - Processing 95.00% of geolocation data...
[2025-08-13T00:01:16.146+0000] {logging_mixin.py:188} INFO - Processing 96.00% of geolocation data...
[2025-08-13T00:01:16.866+0000] {logging_mixin.py:188} INFO - Processing 97.00% of geolocation data...
[2025-08-13T00:01:17.593+0000] {logging_mixin.py:188} INFO - Processing 98.00% of geolocation data...
[2025-08-13T00:01:18.352+0000] {logging_mixin.py:188} INFO - Processing 99.00% of geolocation data...
[2025-08-13T00:01:19.121+0000] {logging_mixin.py:188} INFO - Processing 100.00% of geolocation data...
[2025-08-13T00:01:19.146+0000] {logging_mixin.py:188} INFO - Deleting existing data in the specified date range...
[2025-08-13T00:01:19.148+0000] {logging_mixin.py:188} INFO - Deleted 600 rows from raw.weather_data.
[2025-08-13T00:01:19.148+0000] {logging_mixin.py:188} INFO - Loading 700 new rows into raw.weather_data...
[2025-08-13T00:01:19.168+0000] {logging_mixin.py:188} INFO - New data loaded successfully.
[2025-08-13T00:01:19.169+0000] {python.py:237} INFO - Done. Returned value was: None
[2025-08-13T00:01:19.169+0000] {taskinstance.py:441} INFO - ::group::Post task execution logs
[2025-08-13T00:01:19.179+0000] {taskinstance.py:1206} INFO - Marking task as SUCCESS. dag_id=weather_data_pipeline, task_id=fetch_weather_data, run_id=scheduled__2025-08-12T00:00:00+00:00, execution_date=20250812T000000, start_date=20250813T000004, end_date=20250813T000119
[2025-08-13T00:01:19.200+0000] {local_task_job_runner.py:240} INFO - Task exited with return code 0
[2025-08-13T00:01:19.220+0000] {taskinstance.py:3503} INFO - 1 downstream tasks scheduled from follow-on schedule check
[2025-08-13T00:01:19.221+0000] {local_task_job_runner.py:222} INFO - ::endgroup::
