[2025-08-12T00:01:20.485+0000] {local_task_job_runner.py:120} INFO - ::group::Pre task execution logs
[2025-08-12T00:01:20.618+0000] {taskinstance.py:2076} INFO - Dependencies all met for dep_context=non-requeueable deps ti=<TaskInstance: weather_data_pipeline.run_dbt_transformations scheduled__2025-08-11T00:00:00+00:00 [queued]>
[2025-08-12T00:01:20.624+0000] {taskinstance.py:2076} INFO - Dependencies all met for dep_context=requeueable deps ti=<TaskInstance: weather_data_pipeline.run_dbt_transformations scheduled__2025-08-11T00:00:00+00:00 [queued]>
[2025-08-12T00:01:20.624+0000] {taskinstance.py:2306} INFO - Starting attempt 1 of 2
[2025-08-12T00:01:20.631+0000] {taskinstance.py:2330} INFO - Executing <Task(BashOperator): run_dbt_transformations> on 2025-08-11 00:00:00+00:00
[2025-08-12T00:01:20.640+0000] {standard_task_runner.py:90} INFO - Running: ['***', 'tasks', 'run', 'weather_data_pipeline', 'run_dbt_transformations', 'scheduled__2025-08-11T00:00:00+00:00', '--job-id', '40', '--raw', '--subdir', 'DAGS_FOLDER/weather_dags.py', '--cfg-path', '/tmp/tmpozi8sz0n']
[2025-08-12T00:01:20.641+0000] {logging_mixin.py:188} WARNING - /home/***/.local/lib/python3.12/site-packages/***/task/task_runner/standard_task_runner.py:61 DeprecationWarning: This process (pid=45068) is multi-threaded, use of fork() may lead to deadlocks in the child.
[2025-08-12T00:01:20.642+0000] {standard_task_runner.py:91} INFO - Job 40: Subtask run_dbt_transformations
[2025-08-12T00:01:20.642+0000] {standard_task_runner.py:63} INFO - Started process 45070 to run task
[2025-08-12T00:01:20.686+0000] {task_command.py:426} INFO - Running <TaskInstance: weather_data_pipeline.run_dbt_transformations scheduled__2025-08-11T00:00:00+00:00 [running]> on host 49775de909c4
[2025-08-12T00:01:20.762+0000] {taskinstance.py:2648} INFO - Exporting env vars: AIRFLOW_CTX_DAG_OWNER='Hendi Irwanto' AIRFLOW_CTX_DAG_ID='weather_data_pipeline' AIRFLOW_CTX_TASK_ID='run_dbt_transformations' AIRFLOW_CTX_EXECUTION_DATE='2025-08-11T00:00:00+00:00' AIRFLOW_CTX_TRY_NUMBER='1' AIRFLOW_CTX_DAG_RUN_ID='scheduled__2025-08-11T00:00:00+00:00'
[2025-08-12T00:01:20.763+0000] {taskinstance.py:430} INFO - ::endgroup::
[2025-08-12T00:01:20.772+0000] {subprocess.py:63} INFO - Tmp dir root location: /tmp
[2025-08-12T00:01:20.773+0000] {subprocess.py:75} INFO - Running command: ['/usr/bin/bash', '-c', 'dbt run --project-dir /opt/data-engineer/weather-project/dbt/weather_dbt --profiles-dir /opt/data-engineer/weather-project/dbt/weather_dbt/.dbt']
[2025-08-12T00:01:20.782+0000] {subprocess.py:86} INFO - Output:
[2025-08-12T00:01:22.238+0000] {subprocess.py:93} INFO - [0m00:01:22  Running with dbt=1.10.7
[2025-08-12T00:01:22.508+0000] {subprocess.py:93} INFO - [0m00:01:22  Registered adapter: postgres=1.9.0
[2025-08-12T00:01:22.731+0000] {subprocess.py:93} INFO - [0m00:01:22  [[33mWARNING[0m]: Configuration paths exist in your dbt_project.yml file which do not apply to any resources.
[2025-08-12T00:01:22.732+0000] {subprocess.py:93} INFO - There are 1 unused configuration paths:
[2025-08-12T00:01:22.732+0000] {subprocess.py:93} INFO - - models.dbt_date
[2025-08-12T00:01:22.858+0000] {subprocess.py:93} INFO - [0m00:01:22  Found 5 models, 2 sources, 576 macros
[2025-08-12T00:01:22.860+0000] {subprocess.py:93} INFO - [0m00:01:22
[2025-08-12T00:01:22.861+0000] {subprocess.py:93} INFO - [0m00:01:22  Concurrency: 1 threads (target='dev')
[2025-08-12T00:01:22.861+0000] {subprocess.py:93} INFO - [0m00:01:22
[2025-08-12T00:01:23.009+0000] {subprocess.py:93} INFO - [0m00:01:23  1 of 5 START sql table model dimension.dim_dates ............................... [RUN]
[2025-08-12T00:01:23.220+0000] {subprocess.py:93} INFO - [0m00:01:23  1 of 5 OK created sql table model dimension.dim_dates .......................... [[32mSELECT 1831[0m in 0.21s]
[2025-08-12T00:01:23.222+0000] {subprocess.py:93} INFO - [0m00:01:23  2 of 5 START sql table model dimension.dim_locations ........................... [RUN]
[2025-08-12T00:01:23.256+0000] {subprocess.py:93} INFO - [0m00:01:23  2 of 5 OK created sql table model dimension.dim_locations ...................... [[32mSELECT 100[0m in 0.03s]
[2025-08-12T00:01:23.257+0000] {subprocess.py:93} INFO - [0m00:01:23  3 of 5 START sql view model staging.stg_weather_data ........................... [RUN]
[2025-08-12T00:01:23.349+0000] {subprocess.py:93} INFO - [0m00:01:23  3 of 5 OK created sql view model staging.stg_weather_data ...................... [[32mCREATE VIEW[0m in 0.09s]
[2025-08-12T00:01:23.351+0000] {subprocess.py:93} INFO - [0m00:01:23  4 of 5 START sql table model marts.mart_avg_temp_by_day_of_week ................ [RUN]
[2025-08-12T00:01:23.389+0000] {subprocess.py:93} INFO - [0m00:01:23  4 of 5 OK created sql table model marts.mart_avg_temp_by_day_of_week ........... [[32mSELECT 700[0m in 0.04s]
[2025-08-12T00:01:23.391+0000] {subprocess.py:93} INFO - [0m00:01:23  5 of 5 START sql table model marts.mart_daily_weather .......................... [RUN]
[2025-08-12T00:01:23.430+0000] {subprocess.py:93} INFO - [0m00:01:23  5 of 5 OK created sql table model marts.mart_daily_weather ..................... [[32mSELECT 1100[0m in 0.04s]
[2025-08-12T00:01:23.442+0000] {subprocess.py:93} INFO - [0m00:01:23
[2025-08-12T00:01:23.443+0000] {subprocess.py:93} INFO - [0m00:01:23  Finished running 4 table models, 1 view model in 0 hours 0 minutes and 0.58 seconds (0.58s).
[2025-08-12T00:01:23.476+0000] {subprocess.py:93} INFO - [0m00:01:23
[2025-08-12T00:01:23.476+0000] {subprocess.py:93} INFO - [0m00:01:23  [32mCompleted successfully[0m
[2025-08-12T00:01:23.476+0000] {subprocess.py:93} INFO - [0m00:01:23
[2025-08-12T00:01:23.477+0000] {subprocess.py:93} INFO - [0m00:01:23  Done. PASS=5 WARN=0 ERROR=0 SKIP=0 NO-OP=0 TOTAL=5
[2025-08-12T00:01:24.999+0000] {subprocess.py:97} INFO - Command exited with return code 0
[2025-08-12T00:01:25.000+0000] {taskinstance.py:441} INFO - ::group::Post task execution logs
[2025-08-12T00:01:25.026+0000] {taskinstance.py:1206} INFO - Marking task as SUCCESS. dag_id=weather_data_pipeline, task_id=run_dbt_transformations, run_id=scheduled__2025-08-11T00:00:00+00:00, execution_date=20250811T000000, start_date=20250812T000120, end_date=20250812T000125
[2025-08-12T00:01:25.062+0000] {local_task_job_runner.py:240} INFO - Task exited with return code 0
[2025-08-12T00:01:25.077+0000] {taskinstance.py:3503} INFO - 0 downstream tasks scheduled from follow-on schedule check
[2025-08-12T00:01:25.078+0000] {local_task_job_runner.py:222} INFO - ::endgroup::
