[2025-08-14T00:00:04.274+0000] {local_task_job_runner.py:120} INFO - ::group::Pre task execution logs
[2025-08-14T00:00:04.407+0000] {taskinstance.py:2076} INFO - Dependencies all met for dep_context=non-requeueable deps ti=<TaskInstance: weather_data_pipeline.fetch_weather_data scheduled__2025-08-13T00:00:00+00:00 [queued]>
[2025-08-14T00:00:04.412+0000] {taskinstance.py:2076} INFO - Dependencies all met for dep_context=requeueable deps ti=<TaskInstance: weather_data_pipeline.fetch_weather_data scheduled__2025-08-13T00:00:00+00:00 [queued]>
[2025-08-14T00:00:04.412+0000] {taskinstance.py:2306} INFO - Starting attempt 1 of 2
[2025-08-14T00:00:04.420+0000] {taskinstance.py:2330} INFO - Executing <Task(PythonOperator): fetch_weather_data> on 2025-08-13 00:00:00+00:00
[2025-08-14T00:00:04.428+0000] {standard_task_runner.py:90} INFO - Running: ['***', 'tasks', 'run', 'weather_data_pipeline', 'fetch_weather_data', 'scheduled__2025-08-13T00:00:00+00:00', '--job-id', '45', '--raw', '--subdir', 'DAGS_FOLDER/weather_dags.py', '--cfg-path', '/tmp/tmp52g75t4a']
[2025-08-14T00:00:04.430+0000] {standard_task_runner.py:91} INFO - Job 45: Subtask fetch_weather_data
[2025-08-14T00:00:04.430+0000] {logging_mixin.py:188} WARNING - /home/***/.local/lib/python3.12/site-packages/***/task/task_runner/standard_task_runner.py:61 DeprecationWarning: This process (pid=113309) is multi-threaded, use of fork() may lead to deadlocks in the child.
[2025-08-14T00:00:04.431+0000] {standard_task_runner.py:63} INFO - Started process 113311 to run task
[2025-08-14T00:00:04.475+0000] {task_command.py:426} INFO - Running <TaskInstance: weather_data_pipeline.fetch_weather_data scheduled__2025-08-13T00:00:00+00:00 [running]> on host 49775de909c4
[2025-08-14T00:00:04.552+0000] {taskinstance.py:2648} INFO - Exporting env vars: AIRFLOW_CTX_DAG_OWNER='Hendi Irwanto' AIRFLOW_CTX_DAG_ID='weather_data_pipeline' AIRFLOW_CTX_TASK_ID='fetch_weather_data' AIRFLOW_CTX_EXECUTION_DATE='2025-08-13T00:00:00+00:00' AIRFLOW_CTX_TRY_NUMBER='1' AIRFLOW_CTX_DAG_RUN_ID='scheduled__2025-08-13T00:00:00+00:00'
[2025-08-14T00:00:04.553+0000] {taskinstance.py:430} INFO - ::endgroup::
[2025-08-14T00:00:04.579+0000] {logging_mixin.py:188} INFO - Geolocation data fetched from database. Shape: (100, 5)
[2025-08-14T00:00:05.297+0000] {logging_mixin.py:188} INFO - Processing 1.00% of geolocation data...
[2025-08-14T00:00:06.049+0000] {logging_mixin.py:188} INFO - Processing 2.00% of geolocation data...
[2025-08-14T00:00:06.800+0000] {logging_mixin.py:188} INFO - Processing 3.00% of geolocation data...
[2025-08-14T00:00:07.506+0000] {logging_mixin.py:188} INFO - Processing 4.00% of geolocation data...
[2025-08-14T00:00:08.212+0000] {logging_mixin.py:188} INFO - Processing 5.00% of geolocation data...
[2025-08-14T00:00:08.929+0000] {logging_mixin.py:188} INFO - Processing 6.00% of geolocation data...
[2025-08-14T00:00:09.635+0000] {logging_mixin.py:188} INFO - Processing 7.00% of geolocation data...
[2025-08-14T00:00:10.360+0000] {logging_mixin.py:188} INFO - Processing 8.00% of geolocation data...
[2025-08-14T00:00:11.091+0000] {logging_mixin.py:188} INFO - Processing 9.00% of geolocation data...
[2025-08-14T00:00:11.863+0000] {logging_mixin.py:188} INFO - Processing 10.00% of geolocation data...
[2025-08-14T00:00:12.618+0000] {logging_mixin.py:188} INFO - Processing 11.00% of geolocation data...
[2025-08-14T00:00:13.342+0000] {logging_mixin.py:188} INFO - Processing 12.00% of geolocation data...
[2025-08-14T00:00:14.062+0000] {logging_mixin.py:188} INFO - Processing 13.00% of geolocation data...
[2025-08-14T00:00:14.838+0000] {logging_mixin.py:188} INFO - Processing 14.00% of geolocation data...
[2025-08-14T00:00:15.559+0000] {logging_mixin.py:188} INFO - Processing 15.00% of geolocation data...
[2025-08-14T00:00:16.303+0000] {logging_mixin.py:188} INFO - Processing 16.00% of geolocation data...
[2025-08-14T00:00:17.068+0000] {logging_mixin.py:188} INFO - Processing 17.00% of geolocation data...
[2025-08-14T00:00:17.800+0000] {logging_mixin.py:188} INFO - Processing 18.00% of geolocation data...
[2025-08-14T00:00:18.514+0000] {logging_mixin.py:188} INFO - Processing 19.00% of geolocation data...
[2025-08-14T00:00:19.258+0000] {logging_mixin.py:188} INFO - Processing 20.00% of geolocation data...
[2025-08-14T00:00:19.994+0000] {logging_mixin.py:188} INFO - Processing 21.00% of geolocation data...
[2025-08-14T00:00:20.734+0000] {logging_mixin.py:188} INFO - Processing 22.00% of geolocation data...
[2025-08-14T00:00:21.505+0000] {logging_mixin.py:188} INFO - Processing 23.00% of geolocation data...
[2025-08-14T00:00:22.228+0000] {logging_mixin.py:188} INFO - Processing 24.00% of geolocation data...
[2025-08-14T00:00:22.946+0000] {logging_mixin.py:188} INFO - Processing 25.00% of geolocation data...
[2025-08-14T00:00:23.662+0000] {logging_mixin.py:188} INFO - Processing 26.00% of geolocation data...
[2025-08-14T00:00:24.381+0000] {logging_mixin.py:188} INFO - Processing 27.00% of geolocation data...
[2025-08-14T00:00:25.101+0000] {logging_mixin.py:188} INFO - Processing 28.00% of geolocation data...
[2025-08-14T00:00:25.864+0000] {logging_mixin.py:188} INFO - Processing 29.00% of geolocation data...
[2025-08-14T00:00:26.627+0000] {logging_mixin.py:188} INFO - Processing 30.00% of geolocation data...
[2025-08-14T00:00:27.344+0000] {logging_mixin.py:188} INFO - Processing 31.00% of geolocation data...
[2025-08-14T00:00:28.111+0000] {logging_mixin.py:188} INFO - Processing 32.00% of geolocation data...
[2025-08-14T00:00:28.818+0000] {logging_mixin.py:188} INFO - Processing 33.00% of geolocation data...
[2025-08-14T00:00:29.524+0000] {logging_mixin.py:188} INFO - Processing 34.00% of geolocation data...
[2025-08-14T00:00:30.245+0000] {logging_mixin.py:188} INFO - Processing 35.00% of geolocation data...
[2025-08-14T00:00:30.966+0000] {logging_mixin.py:188} INFO - Processing 36.00% of geolocation data...
[2025-08-14T00:00:31.684+0000] {logging_mixin.py:188} INFO - Processing 37.00% of geolocation data...
[2025-08-14T00:00:32.393+0000] {logging_mixin.py:188} INFO - Processing 38.00% of geolocation data...
[2025-08-14T00:00:33.109+0000] {logging_mixin.py:188} INFO - Processing 39.00% of geolocation data...
[2025-08-14T00:00:33.813+0000] {logging_mixin.py:188} INFO - Processing 40.00% of geolocation data...
[2025-08-14T00:00:34.564+0000] {logging_mixin.py:188} INFO - Processing 41.00% of geolocation data...
[2025-08-14T00:00:35.273+0000] {logging_mixin.py:188} INFO - Processing 42.00% of geolocation data...
[2025-08-14T00:00:35.996+0000] {logging_mixin.py:188} INFO - Processing 43.00% of geolocation data...
[2025-08-14T00:00:36.711+0000] {logging_mixin.py:188} INFO - Processing 44.00% of geolocation data...
[2025-08-14T00:00:37.422+0000] {logging_mixin.py:188} INFO - Processing 45.00% of geolocation data...
[2025-08-14T00:00:38.138+0000] {logging_mixin.py:188} INFO - Processing 46.00% of geolocation data...
[2025-08-14T00:00:38.889+0000] {logging_mixin.py:188} INFO - Processing 47.00% of geolocation data...
[2025-08-14T00:00:39.614+0000] {logging_mixin.py:188} INFO - Processing 48.00% of geolocation data...
[2025-08-14T00:00:40.381+0000] {logging_mixin.py:188} INFO - Processing 49.00% of geolocation data...
[2025-08-14T00:00:41.108+0000] {logging_mixin.py:188} INFO - Processing 50.00% of geolocation data...
[2025-08-14T00:00:41.836+0000] {logging_mixin.py:188} INFO - Processing 51.00% of geolocation data...
[2025-08-14T00:00:42.562+0000] {logging_mixin.py:188} INFO - Processing 52.00% of geolocation data...
[2025-08-14T00:00:43.290+0000] {logging_mixin.py:188} INFO - Processing 53.00% of geolocation data...
[2025-08-14T00:00:44.013+0000] {logging_mixin.py:188} INFO - Processing 54.00% of geolocation data...
[2025-08-14T00:00:44.780+0000] {logging_mixin.py:188} INFO - Processing 55.00% of geolocation data...
[2025-08-14T00:00:45.502+0000] {logging_mixin.py:188} INFO - Processing 56.00% of geolocation data...
[2025-08-14T00:00:46.231+0000] {logging_mixin.py:188} INFO - Processing 57.00% of geolocation data...
[2025-08-14T00:00:47.007+0000] {logging_mixin.py:188} INFO - Processing 58.00% of geolocation data...
[2025-08-14T00:00:47.719+0000] {logging_mixin.py:188} INFO - Processing 59.00% of geolocation data...
[2025-08-14T00:00:48.426+0000] {logging_mixin.py:188} INFO - Processing 60.00% of geolocation data...
[2025-08-14T00:00:49.142+0000] {logging_mixin.py:188} INFO - Processing 61.00% of geolocation data...
[2025-08-14T00:00:49.886+0000] {logging_mixin.py:188} INFO - Processing 62.00% of geolocation data...
[2025-08-14T00:00:50.605+0000] {logging_mixin.py:188} INFO - Processing 63.00% of geolocation data...
[2025-08-14T00:00:51.329+0000] {logging_mixin.py:188} INFO - Processing 64.00% of geolocation data...
[2025-08-14T00:00:52.054+0000] {logging_mixin.py:188} INFO - Processing 65.00% of geolocation data...
[2025-08-14T00:00:52.805+0000] {logging_mixin.py:188} INFO - Processing 66.00% of geolocation data...
[2025-08-14T00:00:53.525+0000] {logging_mixin.py:188} INFO - Processing 67.00% of geolocation data...
[2025-08-14T00:00:54.306+0000] {logging_mixin.py:188} INFO - Processing 68.00% of geolocation data...
[2025-08-14T00:00:55.034+0000] {logging_mixin.py:188} INFO - Processing 69.00% of geolocation data...
[2025-08-14T00:00:55.751+0000] {logging_mixin.py:188} INFO - Processing 70.00% of geolocation data...
[2025-08-14T00:00:56.529+0000] {logging_mixin.py:188} INFO - Processing 71.00% of geolocation data...
[2025-08-14T00:00:57.299+0000] {logging_mixin.py:188} INFO - Processing 72.00% of geolocation data...
[2025-08-14T00:00:58.012+0000] {logging_mixin.py:188} INFO - Processing 73.00% of geolocation data...
[2025-08-14T00:00:58.730+0000] {logging_mixin.py:188} INFO - Processing 74.00% of geolocation data...
[2025-08-14T00:00:59.447+0000] {logging_mixin.py:188} INFO - Processing 75.00% of geolocation data...
[2025-08-14T00:01:00.167+0000] {logging_mixin.py:188} INFO - Processing 76.00% of geolocation data...
[2025-08-14T00:01:01.015+0000] {logging_mixin.py:188} INFO - Processing 77.00% of geolocation data...
[2025-08-14T00:01:01.798+0000] {logging_mixin.py:188} INFO - Processing 78.00% of geolocation data...
[2025-08-14T00:01:02.534+0000] {logging_mixin.py:188} INFO - Processing 79.00% of geolocation data...
[2025-08-14T00:01:03.255+0000] {logging_mixin.py:188} INFO - Processing 80.00% of geolocation data...
[2025-08-14T00:01:03.974+0000] {logging_mixin.py:188} INFO - Processing 81.00% of geolocation data...
[2025-08-14T00:01:04.745+0000] {logging_mixin.py:188} INFO - Processing 82.00% of geolocation data...
[2025-08-14T00:01:05.505+0000] {logging_mixin.py:188} INFO - Processing 83.00% of geolocation data...
[2025-08-14T00:01:06.213+0000] {logging_mixin.py:188} INFO - Processing 84.00% of geolocation data...
[2025-08-14T00:01:06.973+0000] {logging_mixin.py:188} INFO - Processing 85.00% of geolocation data...
[2025-08-14T00:01:07.694+0000] {logging_mixin.py:188} INFO - Processing 86.00% of geolocation data...
[2025-08-14T00:01:08.407+0000] {logging_mixin.py:188} INFO - Processing 87.00% of geolocation data...
[2025-08-14T00:01:09.174+0000] {logging_mixin.py:188} INFO - Processing 88.00% of geolocation data...
[2025-08-14T00:01:09.907+0000] {logging_mixin.py:188} INFO - Processing 89.00% of geolocation data...
[2025-08-14T00:01:10.712+0000] {logging_mixin.py:188} INFO - Processing 90.00% of geolocation data...
[2025-08-14T00:01:11.486+0000] {logging_mixin.py:188} INFO - Processing 91.00% of geolocation data...
[2025-08-14T00:01:12.217+0000] {logging_mixin.py:188} INFO - Processing 92.00% of geolocation data...
[2025-08-14T00:01:12.946+0000] {logging_mixin.py:188} INFO - Processing 93.00% of geolocation data...
[2025-08-14T00:01:13.669+0000] {logging_mixin.py:188} INFO - Processing 94.00% of geolocation data...
[2025-08-14T00:01:14.431+0000] {logging_mixin.py:188} INFO - Processing 95.00% of geolocation data...
[2025-08-14T00:01:15.148+0000] {logging_mixin.py:188} INFO - Processing 96.00% of geolocation data...
[2025-08-14T00:01:15.873+0000] {logging_mixin.py:188} INFO - Processing 97.00% of geolocation data...
[2025-08-14T00:01:16.586+0000] {logging_mixin.py:188} INFO - Processing 98.00% of geolocation data...
[2025-08-14T00:01:17.319+0000] {logging_mixin.py:188} INFO - Processing 99.00% of geolocation data...
[2025-08-14T00:01:18.047+0000] {logging_mixin.py:188} INFO - Processing 100.00% of geolocation data...
[2025-08-14T00:01:18.073+0000] {logging_mixin.py:188} INFO - Deleting existing data in the specified date range...
[2025-08-14T00:01:18.074+0000] {logging_mixin.py:188} INFO - Deleted 600 rows from raw.weather_data.
[2025-08-14T00:01:18.074+0000] {logging_mixin.py:188} INFO - Loading 700 new rows into raw.weather_data...
[2025-08-14T00:01:18.094+0000] {logging_mixin.py:188} INFO - New data loaded successfully.
[2025-08-14T00:01:18.095+0000] {python.py:237} INFO - Done. Returned value was: None
[2025-08-14T00:01:18.096+0000] {taskinstance.py:441} INFO - ::group::Post task execution logs
[2025-08-14T00:01:18.106+0000] {taskinstance.py:1206} INFO - Marking task as SUCCESS. dag_id=weather_data_pipeline, task_id=fetch_weather_data, run_id=scheduled__2025-08-13T00:00:00+00:00, execution_date=20250813T000000, start_date=20250814T000004, end_date=20250814T000118
[2025-08-14T00:01:18.123+0000] {local_task_job_runner.py:240} INFO - Task exited with return code 0
[2025-08-14T00:01:18.143+0000] {taskinstance.py:3503} INFO - 1 downstream tasks scheduled from follow-on schedule check
[2025-08-14T00:01:18.144+0000] {local_task_job_runner.py:222} INFO - ::endgroup::
