[2025-08-10T15:29:33.332+0000] {local_task_job_runner.py:120} INFO - ::group::Pre task execution logs
[2025-08-10T15:29:33.459+0000] {taskinstance.py:2076} INFO - Dependencies all met for dep_context=non-requeueable deps ti=<TaskInstance: weather_data_pipeline.fetch_weather_data scheduled__2025-08-09T00:00:00+00:00 [queued]>
[2025-08-10T15:29:33.465+0000] {taskinstance.py:2076} INFO - Dependencies all met for dep_context=requeueable deps ti=<TaskInstance: weather_data_pipeline.fetch_weather_data scheduled__2025-08-09T00:00:00+00:00 [queued]>
[2025-08-10T15:29:33.465+0000] {taskinstance.py:2306} INFO - Starting attempt 1 of 2
[2025-08-10T15:29:33.472+0000] {taskinstance.py:2330} INFO - Executing <Task(PythonOperator): fetch_weather_data> on 2025-08-09 00:00:00+00:00
[2025-08-10T15:29:33.479+0000] {standard_task_runner.py:90} INFO - Running: ['***', 'tasks', 'run', 'weather_data_pipeline', 'fetch_weather_data', 'scheduled__2025-08-09T00:00:00+00:00', '--job-id', '8', '--raw', '--subdir', 'DAGS_FOLDER/weather_dags.py', '--cfg-path', '/tmp/tmphnpot2d9']
[2025-08-10T15:29:33.482+0000] {standard_task_runner.py:91} INFO - Job 8: Subtask fetch_weather_data
[2025-08-10T15:29:33.481+0000] {logging_mixin.py:188} WARNING - /home/***/.local/lib/python3.12/site-packages/***/task/task_runner/standard_task_runner.py:61 DeprecationWarning: This process (pid=831) is multi-threaded, use of fork() may lead to deadlocks in the child.
[2025-08-10T15:29:33.482+0000] {standard_task_runner.py:63} INFO - Started process 833 to run task
[2025-08-10T15:29:33.526+0000] {task_command.py:426} INFO - Running <TaskInstance: weather_data_pipeline.fetch_weather_data scheduled__2025-08-09T00:00:00+00:00 [running]> on host a958f78a1f45
[2025-08-10T15:29:33.597+0000] {taskinstance.py:2648} INFO - Exporting env vars: AIRFLOW_CTX_DAG_OWNER='Hendi Irwanto' AIRFLOW_CTX_DAG_ID='weather_data_pipeline' AIRFLOW_CTX_TASK_ID='fetch_weather_data' AIRFLOW_CTX_EXECUTION_DATE='2025-08-09T00:00:00+00:00' AIRFLOW_CTX_TRY_NUMBER='1' AIRFLOW_CTX_DAG_RUN_ID='scheduled__2025-08-09T00:00:00+00:00'
[2025-08-10T15:29:33.598+0000] {taskinstance.py:430} INFO - ::endgroup::
[2025-08-10T15:29:33.626+0000] {logging_mixin.py:188} INFO - Geolocation data fetched from database. Shape: (100, 5)
[2025-08-10T15:29:34.345+0000] {logging_mixin.py:188} INFO - Processing 1.00% of geolocation data...
[2025-08-10T15:29:35.052+0000] {logging_mixin.py:188} INFO - Processing 2.00% of geolocation data...
[2025-08-10T15:29:35.804+0000] {logging_mixin.py:188} INFO - Processing 3.00% of geolocation data...
[2025-08-10T15:29:36.564+0000] {logging_mixin.py:188} INFO - Processing 4.00% of geolocation data...
[2025-08-10T15:29:37.280+0000] {logging_mixin.py:188} INFO - Processing 5.00% of geolocation data...
[2025-08-10T15:29:37.987+0000] {logging_mixin.py:188} INFO - Processing 6.00% of geolocation data...
[2025-08-10T15:29:38.739+0000] {logging_mixin.py:188} INFO - Processing 7.00% of geolocation data...
[2025-08-10T15:29:39.456+0000] {logging_mixin.py:188} INFO - Processing 8.00% of geolocation data...
[2025-08-10T15:29:40.216+0000] {logging_mixin.py:188} INFO - Processing 9.00% of geolocation data...
[2025-08-10T15:29:40.922+0000] {logging_mixin.py:188} INFO - Processing 10.00% of geolocation data...
[2025-08-10T15:29:41.637+0000] {logging_mixin.py:188} INFO - Processing 11.00% of geolocation data...
[2025-08-10T15:29:42.342+0000] {logging_mixin.py:188} INFO - Processing 12.00% of geolocation data...
[2025-08-10T15:29:43.058+0000] {logging_mixin.py:188} INFO - Processing 13.00% of geolocation data...
[2025-08-10T15:29:43.809+0000] {logging_mixin.py:188} INFO - Processing 14.00% of geolocation data...
[2025-08-10T15:29:44.525+0000] {logging_mixin.py:188} INFO - Processing 15.00% of geolocation data...
[2025-08-10T15:29:45.232+0000] {logging_mixin.py:188} INFO - Processing 16.00% of geolocation data...
[2025-08-10T15:29:46.001+0000] {logging_mixin.py:188} INFO - Processing 17.00% of geolocation data...
[2025-08-10T15:29:46.715+0000] {logging_mixin.py:188} INFO - Processing 18.00% of geolocation data...
[2025-08-10T15:29:47.430+0000] {logging_mixin.py:188} INFO - Processing 19.00% of geolocation data...
[2025-08-10T15:29:48.145+0000] {logging_mixin.py:188} INFO - Processing 20.00% of geolocation data...
[2025-08-10T15:29:48.896+0000] {logging_mixin.py:188} INFO - Processing 21.00% of geolocation data...
[2025-08-10T15:29:49.609+0000] {logging_mixin.py:188} INFO - Processing 22.00% of geolocation data...
[2025-08-10T15:29:50.326+0000] {logging_mixin.py:188} INFO - Processing 23.00% of geolocation data...
[2025-08-10T15:29:51.049+0000] {logging_mixin.py:188} INFO - Processing 24.00% of geolocation data...
[2025-08-10T15:29:51.810+0000] {logging_mixin.py:188} INFO - Processing 25.00% of geolocation data...
[2025-08-10T15:29:52.601+0000] {logging_mixin.py:188} INFO - Processing 26.00% of geolocation data...
[2025-08-10T15:29:53.306+0000] {logging_mixin.py:188} INFO - Processing 27.00% of geolocation data...
[2025-08-10T15:29:54.075+0000] {logging_mixin.py:188} INFO - Processing 28.00% of geolocation data...
[2025-08-10T15:29:54.782+0000] {logging_mixin.py:188} INFO - Processing 29.00% of geolocation data...
[2025-08-10T15:29:55.489+0000] {logging_mixin.py:188} INFO - Processing 30.00% of geolocation data...
[2025-08-10T15:29:56.239+0000] {logging_mixin.py:188} INFO - Processing 31.00% of geolocation data...
[2025-08-10T15:29:56.945+0000] {logging_mixin.py:188} INFO - Processing 32.00% of geolocation data...
[2025-08-10T15:29:57.698+0000] {logging_mixin.py:188} INFO - Processing 33.00% of geolocation data...
[2025-08-10T15:29:58.493+0000] {logging_mixin.py:188} INFO - Processing 34.00% of geolocation data...
[2025-08-10T15:29:59.215+0000] {logging_mixin.py:188} INFO - Processing 35.00% of geolocation data...
[2025-08-10T15:29:59.935+0000] {logging_mixin.py:188} INFO - Processing 36.00% of geolocation data...
[2025-08-10T15:30:00.767+0000] {logging_mixin.py:188} INFO - Processing 37.00% of geolocation data...
[2025-08-10T15:30:01.537+0000] {logging_mixin.py:188} INFO - Processing 38.00% of geolocation data...
[2025-08-10T15:30:02.252+0000] {logging_mixin.py:188} INFO - Processing 39.00% of geolocation data...
[2025-08-10T15:30:03.009+0000] {logging_mixin.py:188} INFO - Processing 40.00% of geolocation data...
[2025-08-10T15:30:03.770+0000] {logging_mixin.py:188} INFO - Processing 41.00% of geolocation data...
[2025-08-10T15:30:04.520+0000] {logging_mixin.py:188} INFO - Processing 42.00% of geolocation data...
[2025-08-10T15:30:05.281+0000] {logging_mixin.py:188} INFO - Processing 43.00% of geolocation data...
[2025-08-10T15:30:05.985+0000] {logging_mixin.py:188} INFO - Processing 44.00% of geolocation data...
[2025-08-10T15:30:06.690+0000] {logging_mixin.py:188} INFO - Processing 45.00% of geolocation data...
[2025-08-10T15:30:07.408+0000] {logging_mixin.py:188} INFO - Processing 46.00% of geolocation data...
[2025-08-10T15:30:08.125+0000] {logging_mixin.py:188} INFO - Processing 47.00% of geolocation data...
[2025-08-10T15:30:08.837+0000] {logging_mixin.py:188} INFO - Processing 48.00% of geolocation data...
[2025-08-10T15:30:09.544+0000] {logging_mixin.py:188} INFO - Processing 49.00% of geolocation data...
[2025-08-10T15:30:10.260+0000] {logging_mixin.py:188} INFO - Processing 50.00% of geolocation data...
[2025-08-10T15:30:11.022+0000] {logging_mixin.py:188} INFO - Processing 51.00% of geolocation data...
[2025-08-10T15:30:11.738+0000] {logging_mixin.py:188} INFO - Processing 52.00% of geolocation data...
[2025-08-10T15:30:12.444+0000] {logging_mixin.py:188} INFO - Processing 53.00% of geolocation data...
[2025-08-10T15:30:13.205+0000] {logging_mixin.py:188} INFO - Processing 54.00% of geolocation data...
[2025-08-10T15:30:13.912+0000] {logging_mixin.py:188} INFO - Processing 55.00% of geolocation data...
[2025-08-10T15:30:14.625+0000] {logging_mixin.py:188} INFO - Processing 56.00% of geolocation data...
[2025-08-10T15:30:15.385+0000] {logging_mixin.py:188} INFO - Processing 57.00% of geolocation data...
[2025-08-10T15:30:16.092+0000] {logging_mixin.py:188} INFO - Processing 58.00% of geolocation data...
[2025-08-10T15:30:16.844+0000] {logging_mixin.py:188} INFO - Processing 59.00% of geolocation data...
[2025-08-10T15:30:17.549+0000] {logging_mixin.py:188} INFO - Processing 60.00% of geolocation data...
[2025-08-10T15:30:18.336+0000] {logging_mixin.py:188} INFO - Processing 61.00% of geolocation data...
[2025-08-10T15:30:19.042+0000] {logging_mixin.py:188} INFO - Processing 62.00% of geolocation data...
[2025-08-10T15:30:19.753+0000] {logging_mixin.py:188} INFO - Processing 63.00% of geolocation data...
[2025-08-10T15:30:20.469+0000] {logging_mixin.py:188} INFO - Processing 64.00% of geolocation data...
[2025-08-10T15:30:21.211+0000] {logging_mixin.py:188} INFO - Processing 65.00% of geolocation data...
[2025-08-10T15:30:21.915+0000] {logging_mixin.py:188} INFO - Processing 66.00% of geolocation data...
[2025-08-10T15:30:22.621+0000] {logging_mixin.py:188} INFO - Processing 67.00% of geolocation data...
[2025-08-10T15:30:23.371+0000] {logging_mixin.py:188} INFO - Processing 68.00% of geolocation data...
[2025-08-10T15:30:24.073+0000] {logging_mixin.py:188} INFO - Processing 69.00% of geolocation data...
[2025-08-10T15:30:24.778+0000] {logging_mixin.py:188} INFO - Processing 70.00% of geolocation data...
[2025-08-10T15:30:25.520+0000] {logging_mixin.py:188} INFO - Processing 71.00% of geolocation data...
[2025-08-10T15:30:26.239+0000] {logging_mixin.py:188} INFO - Processing 72.00% of geolocation data...
[2025-08-10T15:30:26.948+0000] {logging_mixin.py:188} INFO - Processing 73.00% of geolocation data...
[2025-08-10T15:30:27.711+0000] {logging_mixin.py:188} INFO - Processing 74.00% of geolocation data...
[2025-08-10T15:30:28.486+0000] {logging_mixin.py:188} INFO - Processing 75.00% of geolocation data...
[2025-08-10T15:30:29.248+0000] {logging_mixin.py:188} INFO - Processing 76.00% of geolocation data...
[2025-08-10T15:30:29.991+0000] {logging_mixin.py:188} INFO - Processing 77.00% of geolocation data...
[2025-08-10T15:30:30.707+0000] {logging_mixin.py:188} INFO - Processing 78.00% of geolocation data...
[2025-08-10T15:30:31.413+0000] {logging_mixin.py:188} INFO - Processing 79.00% of geolocation data...
[2025-08-10T15:30:32.118+0000] {logging_mixin.py:188} INFO - Processing 80.00% of geolocation data...
[2025-08-10T15:30:32.885+0000] {logging_mixin.py:188} INFO - Processing 81.00% of geolocation data...
[2025-08-10T15:30:33.637+0000] {logging_mixin.py:188} INFO - Processing 82.00% of geolocation data...
[2025-08-10T15:30:34.343+0000] {logging_mixin.py:188} INFO - Processing 83.00% of geolocation data...
[2025-08-10T15:30:35.048+0000] {logging_mixin.py:188} INFO - Processing 84.00% of geolocation data...
[2025-08-10T15:30:35.765+0000] {logging_mixin.py:188} INFO - Processing 85.00% of geolocation data...
[2025-08-10T15:30:36.472+0000] {logging_mixin.py:188} INFO - Processing 86.00% of geolocation data...
[2025-08-10T15:30:37.186+0000] {logging_mixin.py:188} INFO - Processing 87.00% of geolocation data...
[2025-08-10T15:30:37.929+0000] {logging_mixin.py:188} INFO - Processing 88.00% of geolocation data...
[2025-08-10T15:30:38.645+0000] {logging_mixin.py:188} INFO - Processing 89.00% of geolocation data...
[2025-08-10T15:30:39.396+0000] {logging_mixin.py:188} INFO - Processing 90.00% of geolocation data...
[2025-08-10T15:30:40.102+0000] {logging_mixin.py:188} INFO - Processing 91.00% of geolocation data...
[2025-08-10T15:30:40.846+0000] {logging_mixin.py:188} INFO - Processing 92.00% of geolocation data...
[2025-08-10T15:30:41.607+0000] {logging_mixin.py:188} INFO - Processing 93.00% of geolocation data...
[2025-08-10T15:30:42.369+0000] {logging_mixin.py:188} INFO - Processing 94.00% of geolocation data...
[2025-08-10T15:30:43.122+0000] {logging_mixin.py:188} INFO - Processing 95.00% of geolocation data...
[2025-08-10T15:30:43.848+0000] {logging_mixin.py:188} INFO - Processing 96.00% of geolocation data...
[2025-08-10T15:30:44.595+0000] {logging_mixin.py:188} INFO - Processing 97.00% of geolocation data...
[2025-08-10T15:30:45.298+0000] {logging_mixin.py:188} INFO - Processing 98.00% of geolocation data...
[2025-08-10T15:30:46.006+0000] {logging_mixin.py:188} INFO - Processing 99.00% of geolocation data...
[2025-08-10T15:30:46.712+0000] {logging_mixin.py:188} INFO - Processing 100.00% of geolocation data...
[2025-08-10T15:30:46.738+0000] {logging_mixin.py:188} INFO - Deleting existing data in the specified date range...
[2025-08-10T15:30:46.740+0000] {logging_mixin.py:188} INFO - Deleted 700 rows from raw.weather_data.
[2025-08-10T15:30:46.740+0000] {logging_mixin.py:188} INFO - Loading 700 new rows into raw.weather_data...
[2025-08-10T15:30:46.760+0000] {logging_mixin.py:188} INFO - New data loaded successfully.
[2025-08-10T15:30:46.761+0000] {python.py:237} INFO - Done. Returned value was: None
[2025-08-10T15:30:46.762+0000] {taskinstance.py:441} INFO - ::group::Post task execution logs
[2025-08-10T15:30:46.771+0000] {taskinstance.py:1206} INFO - Marking task as SUCCESS. dag_id=weather_data_pipeline, task_id=fetch_weather_data, run_id=scheduled__2025-08-09T00:00:00+00:00, execution_date=20250809T000000, start_date=20250810T152933, end_date=20250810T153046
[2025-08-10T15:30:46.797+0000] {local_task_job_runner.py:240} INFO - Task exited with return code 0
[2025-08-10T15:30:46.816+0000] {taskinstance.py:3503} INFO - 1 downstream tasks scheduled from follow-on schedule check
[2025-08-10T15:30:46.817+0000] {local_task_job_runner.py:222} INFO - ::endgroup::
[2025-08-10T16:41:39.829+0000] {local_task_job_runner.py:120} INFO - ::group::Pre task execution logs
[2025-08-10T16:41:39.969+0000] {taskinstance.py:2076} INFO - Dependencies all met for dep_context=non-requeueable deps ti=<TaskInstance: weather_data_pipeline.fetch_weather_data scheduled__2025-08-09T00:00:00+00:00 [queued]>
[2025-08-10T16:41:39.974+0000] {taskinstance.py:2076} INFO - Dependencies all met for dep_context=requeueable deps ti=<TaskInstance: weather_data_pipeline.fetch_weather_data scheduled__2025-08-09T00:00:00+00:00 [queued]>
[2025-08-10T16:41:39.974+0000] {taskinstance.py:2306} INFO - Starting attempt 1 of 2
[2025-08-10T16:41:39.982+0000] {taskinstance.py:2330} INFO - Executing <Task(PythonOperator): fetch_weather_data> on 2025-08-09 00:00:00+00:00
[2025-08-10T16:41:39.990+0000] {standard_task_runner.py:90} INFO - Running: ['***', 'tasks', 'run', 'weather_data_pipeline', 'fetch_weather_data', 'scheduled__2025-08-09T00:00:00+00:00', '--job-id', '24', '--raw', '--subdir', 'DAGS_FOLDER/weather_dags.py', '--cfg-path', '/tmp/tmpegsvj_rr']
[2025-08-10T16:41:39.992+0000] {standard_task_runner.py:91} INFO - Job 24: Subtask fetch_weather_data
[2025-08-10T16:41:39.992+0000] {logging_mixin.py:188} WARNING - /home/***/.local/lib/python3.12/site-packages/***/task/task_runner/standard_task_runner.py:61 DeprecationWarning: This process (pid=310) is multi-threaded, use of fork() may lead to deadlocks in the child.
[2025-08-10T16:41:39.992+0000] {standard_task_runner.py:63} INFO - Started process 314 to run task
[2025-08-10T16:41:40.040+0000] {task_command.py:426} INFO - Running <TaskInstance: weather_data_pipeline.fetch_weather_data scheduled__2025-08-09T00:00:00+00:00 [running]> on host 49775de909c4
[2025-08-10T16:41:40.116+0000] {taskinstance.py:2648} INFO - Exporting env vars: AIRFLOW_CTX_DAG_OWNER='Hendi Irwanto' AIRFLOW_CTX_DAG_ID='weather_data_pipeline' AIRFLOW_CTX_TASK_ID='fetch_weather_data' AIRFLOW_CTX_EXECUTION_DATE='2025-08-09T00:00:00+00:00' AIRFLOW_CTX_TRY_NUMBER='1' AIRFLOW_CTX_DAG_RUN_ID='scheduled__2025-08-09T00:00:00+00:00'
[2025-08-10T16:41:40.117+0000] {taskinstance.py:430} INFO - ::endgroup::
[2025-08-10T16:41:40.143+0000] {logging_mixin.py:188} INFO - Geolocation data fetched from database. Shape: (100, 5)
[2025-08-10T16:41:40.880+0000] {logging_mixin.py:188} INFO - Processing 1.00% of geolocation data...
[2025-08-10T16:41:41.626+0000] {logging_mixin.py:188} INFO - Processing 2.00% of geolocation data...
[2025-08-10T16:41:42.363+0000] {logging_mixin.py:188} INFO - Processing 3.00% of geolocation data...
[2025-08-10T16:41:43.131+0000] {logging_mixin.py:188} INFO - Processing 4.00% of geolocation data...
[2025-08-10T16:41:43.909+0000] {logging_mixin.py:188} INFO - Processing 5.00% of geolocation data...
[2025-08-10T16:41:44.637+0000] {logging_mixin.py:188} INFO - Processing 6.00% of geolocation data...
[2025-08-10T16:41:45.361+0000] {logging_mixin.py:188} INFO - Processing 7.00% of geolocation data...
[2025-08-10T16:41:46.135+0000] {logging_mixin.py:188} INFO - Processing 8.00% of geolocation data...
[2025-08-10T16:41:46.910+0000] {logging_mixin.py:188} INFO - Processing 9.00% of geolocation data...
[2025-08-10T16:41:47.644+0000] {logging_mixin.py:188} INFO - Processing 10.00% of geolocation data...
[2025-08-10T16:41:48.416+0000] {logging_mixin.py:188} INFO - Processing 11.00% of geolocation data...
[2025-08-10T16:41:49.152+0000] {logging_mixin.py:188} INFO - Processing 12.00% of geolocation data...
[2025-08-10T16:41:49.969+0000] {logging_mixin.py:188} INFO - Processing 13.00% of geolocation data...
[2025-08-10T16:41:50.699+0000] {logging_mixin.py:188} INFO - Processing 14.00% of geolocation data...
[2025-08-10T16:41:51.423+0000] {logging_mixin.py:188} INFO - Processing 15.00% of geolocation data...
[2025-08-10T16:41:52.149+0000] {logging_mixin.py:188} INFO - Processing 16.00% of geolocation data...
[2025-08-10T16:41:52.882+0000] {logging_mixin.py:188} INFO - Processing 17.00% of geolocation data...
[2025-08-10T16:41:53.664+0000] {logging_mixin.py:188} INFO - Processing 18.00% of geolocation data...
[2025-08-10T16:41:54.396+0000] {logging_mixin.py:188} INFO - Processing 19.00% of geolocation data...
[2025-08-10T16:41:55.140+0000] {logging_mixin.py:188} INFO - Processing 20.00% of geolocation data...
[2025-08-10T16:41:55.880+0000] {logging_mixin.py:188} INFO - Processing 21.00% of geolocation data...
[2025-08-10T16:41:56.616+0000] {logging_mixin.py:188} INFO - Processing 22.00% of geolocation data...
[2025-08-10T16:41:57.361+0000] {logging_mixin.py:188} INFO - Processing 23.00% of geolocation data...
[2025-08-10T16:41:58.095+0000] {logging_mixin.py:188} INFO - Processing 24.00% of geolocation data...
[2025-08-10T16:41:58.834+0000] {logging_mixin.py:188} INFO - Processing 25.00% of geolocation data...
[2025-08-10T16:41:59.609+0000] {logging_mixin.py:188} INFO - Processing 26.00% of geolocation data...
[2025-08-10T16:42:00.355+0000] {logging_mixin.py:188} INFO - Processing 27.00% of geolocation data...
[2025-08-10T16:42:01.149+0000] {logging_mixin.py:188} INFO - Processing 28.00% of geolocation data...
[2025-08-10T16:42:01.877+0000] {logging_mixin.py:188} INFO - Processing 29.00% of geolocation data...
[2025-08-10T16:42:02.616+0000] {logging_mixin.py:188} INFO - Processing 30.00% of geolocation data...
[2025-08-10T16:42:03.343+0000] {logging_mixin.py:188} INFO - Processing 31.00% of geolocation data...
[2025-08-10T16:42:04.087+0000] {logging_mixin.py:188} INFO - Processing 32.00% of geolocation data...
[2025-08-10T16:42:04.822+0000] {logging_mixin.py:188} INFO - Processing 33.00% of geolocation data...
[2025-08-10T16:42:05.562+0000] {logging_mixin.py:188} INFO - Processing 34.00% of geolocation data...
[2025-08-10T16:42:06.327+0000] {logging_mixin.py:188} INFO - Processing 35.00% of geolocation data...
[2025-08-10T16:42:07.055+0000] {logging_mixin.py:188} INFO - Processing 36.00% of geolocation data...
[2025-08-10T16:42:07.788+0000] {logging_mixin.py:188} INFO - Processing 37.00% of geolocation data...
[2025-08-10T16:46:52.737+0000] {local_task_job_runner.py:310} WARNING - State of this instance has been externally set to None. Terminating instance.
[2025-08-10T16:46:52.738+0000] {local_task_job_runner.py:222} INFO - ::endgroup::
[2025-08-10T16:46:52.739+0000] {process_utils.py:132} INFO - Sending 15 to group 314. PIDs of all processes in the group: [314]
[2025-08-10T16:46:52.739+0000] {process_utils.py:87} INFO - Sending the signal 15 to group 314
[2025-08-10T16:46:52.740+0000] {taskinstance.py:2611} ERROR - Received SIGTERM. Terminating subprocesses.
[2025-08-10T16:46:52.740+0000] {taskinstance.py:441} INFO - ::group::Post task execution logs
[2025-08-10T16:46:52.750+0000] {taskinstance.py:2905} ERROR - Task failed with exception
Traceback (most recent call last):
  File "/home/airflow/.local/lib/python3.12/site-packages/airflow/models/taskinstance.py", line 465, in _execute_task
    result = _execute_callable(context=context, **execute_callable_kwargs)
             ^^^^^^^^^^^^^^^^^^^^^^^^^^^^^^^^^^^^^^^^^^^^^^^^^^^^^^^^^^^^^
  File "/home/airflow/.local/lib/python3.12/site-packages/airflow/models/taskinstance.py", line 432, in _execute_callable
    return execute_callable(context=context, **execute_callable_kwargs)
           ^^^^^^^^^^^^^^^^^^^^^^^^^^^^^^^^^^^^^^^^^^^^^^^^^^^^^^^^^^^^
  File "/home/airflow/.local/lib/python3.12/site-packages/airflow/models/baseoperator.py", line 401, in wrapper
    return func(self, *args, **kwargs)
           ^^^^^^^^^^^^^^^^^^^^^^^^^^^
  File "/home/airflow/.local/lib/python3.12/site-packages/airflow/operators/python.py", line 235, in execute
    return_value = self.execute_callable()
                   ^^^^^^^^^^^^^^^^^^^^^^^
  File "/home/airflow/.local/lib/python3.12/site-packages/airflow/operators/python.py", line 252, in execute_callable
    return self.python_callable(*self.op_args, **self.op_kwargs)
           ^^^^^^^^^^^^^^^^^^^^^^^^^^^^^^^^^^^^^^^^^^^^^^^^^^^^^
  File "/opt/data-engineer/weather-project/scripts/weather_data.py", line 85, in main
    weather_data = fetch_weather_data(latitude, longitude)
                   ^^^^^^^^^^^^^^^^^^^^^^^^^^^^^^^^^^^^^^^
  File "/opt/data-engineer/weather-project/scripts/weather_data.py", line 34, in fetch_weather_data
    response = requests.get(base_url, params=params)
               ^^^^^^^^^^^^^^^^^^^^^^^^^^^^^^^^^^^^^
  File "/home/airflow/.local/lib/python3.12/site-packages/requests/api.py", line 73, in get
    return request("get", url, params=params, **kwargs)
           ^^^^^^^^^^^^^^^^^^^^^^^^^^^^^^^^^^^^^^^^^^^^
  File "/home/airflow/.local/lib/python3.12/site-packages/requests/api.py", line 59, in request
    return session.request(method=method, url=url, **kwargs)
           ^^^^^^^^^^^^^^^^^^^^^^^^^^^^^^^^^^^^^^^^^^^^^^^^^
  File "/home/airflow/.local/lib/python3.12/site-packages/requests/sessions.py", line 589, in request
    resp = self.send(prep, **send_kwargs)
           ^^^^^^^^^^^^^^^^^^^^^^^^^^^^^^
  File "/home/airflow/.local/lib/python3.12/site-packages/requests/sessions.py", line 703, in send
    r = adapter.send(request, **kwargs)
        ^^^^^^^^^^^^^^^^^^^^^^^^^^^^^^^
  File "/home/airflow/.local/lib/python3.12/site-packages/requests/adapters.py", line 486, in send
    resp = conn.urlopen(
           ^^^^^^^^^^^^^
  File "/home/airflow/.local/lib/python3.12/site-packages/urllib3/connectionpool.py", line 793, in urlopen
    response = self._make_request(
               ^^^^^^^^^^^^^^^^^^^
  File "/home/airflow/.local/lib/python3.12/site-packages/urllib3/connectionpool.py", line 467, in _make_request
    self._validate_conn(conn)
  File "/home/airflow/.local/lib/python3.12/site-packages/urllib3/connectionpool.py", line 1099, in _validate_conn
    conn.connect()
  File "/home/airflow/.local/lib/python3.12/site-packages/urllib3/connection.py", line 653, in connect
    sock_and_verified = _ssl_wrap_socket_and_match_hostname(
                        ^^^^^^^^^^^^^^^^^^^^^^^^^^^^^^^^^^^^
  File "/home/airflow/.local/lib/python3.12/site-packages/urllib3/connection.py", line 806, in _ssl_wrap_socket_and_match_hostname
    ssl_sock = ssl_wrap_socket(
               ^^^^^^^^^^^^^^^^
  File "/home/airflow/.local/lib/python3.12/site-packages/urllib3/util/ssl_.py", line 465, in ssl_wrap_socket
    ssl_sock = _ssl_wrap_socket_impl(sock, context, tls_in_tls, server_hostname)
               ^^^^^^^^^^^^^^^^^^^^^^^^^^^^^^^^^^^^^^^^^^^^^^^^^^^^^^^^^^^^^^^^^
  File "/home/airflow/.local/lib/python3.12/site-packages/urllib3/util/ssl_.py", line 509, in _ssl_wrap_socket_impl
    return ssl_context.wrap_socket(sock, server_hostname=server_hostname)
           ^^^^^^^^^^^^^^^^^^^^^^^^^^^^^^^^^^^^^^^^^^^^^^^^^^^^^^^^^^^^^^
  File "/usr/local/lib/python3.12/ssl.py", line 455, in wrap_socket
    return self.sslsocket_class._create(
           ^^^^^^^^^^^^^^^^^^^^^^^^^^^^^
  File "/usr/local/lib/python3.12/ssl.py", line 1042, in _create
    self.do_handshake()
  File "/usr/local/lib/python3.12/ssl.py", line 1320, in do_handshake
    self._sslobj.do_handshake()
  File "/home/airflow/.local/lib/python3.12/site-packages/airflow/models/taskinstance.py", line 2613, in signal_handler
    raise AirflowTaskTerminated("Task received SIGTERM signal")
airflow.exceptions.AirflowTaskTerminated: Task received SIGTERM signal
[2025-08-10T16:46:52.754+0000] {taskinstance.py:1206} INFO - Marking task as FAILED. dag_id=weather_data_pipeline, task_id=fetch_weather_data, run_id=scheduled__2025-08-09T00:00:00+00:00, execution_date=20250809T000000, start_date=20250810T164139, end_date=20250810T164652
[2025-08-10T16:46:52.765+0000] {standard_task_runner.py:110} ERROR - Failed to execute job 24 for task fetch_weather_data ((psycopg2.errors.ForeignKeyViolation) insert or update on table "task_fail" violates foreign key constraint "task_fail_ti_fkey"
DETAIL:  Key (dag_id, task_id, run_id, map_index)=(weather_data_pipeline, fetch_weather_data, scheduled__2025-08-09T00:00:00+00:00, -1) is not present in table "task_instance".

[SQL: INSERT INTO task_fail (task_id, dag_id, run_id, map_index, start_date, end_date, duration) VALUES (%(task_id)s, %(dag_id)s, %(run_id)s, %(map_index)s, %(start_date)s, %(end_date)s, %(duration)s) RETURNING task_fail.id]
[parameters: {'task_id': 'fetch_weather_data', 'dag_id': 'weather_data_pipeline', 'run_id': 'scheduled__2025-08-09T00:00:00+00:00', 'map_index': -1, 'start_date': datetime.datetime(2025, 8, 10, 16, 41, 39, 969417, tzinfo=Timezone('UTC')), 'end_date': datetime.datetime(2025, 8, 10, 16, 46, 52, 753733, tzinfo=Timezone('UTC')), 'duration': 312}]
(Background on this error at: https://sqlalche.me/e/14/gkpj); 314)
[2025-08-10T16:46:52.776+0000] {process_utils.py:80} INFO - Process psutil.Process(pid=314, status='terminated', exitcode=1, started='16:41:39') (314) terminated with exit code 1
[2025-08-10T16:47:13.345+0000] {local_task_job_runner.py:120} INFO - ::group::Pre task execution logs
[2025-08-10T16:47:13.482+0000] {taskinstance.py:2076} INFO - Dependencies all met for dep_context=non-requeueable deps ti=<TaskInstance: weather_data_pipeline.fetch_weather_data scheduled__2025-08-09T00:00:00+00:00 [queued]>
[2025-08-10T16:47:13.489+0000] {taskinstance.py:2076} INFO - Dependencies all met for dep_context=requeueable deps ti=<TaskInstance: weather_data_pipeline.fetch_weather_data scheduled__2025-08-09T00:00:00+00:00 [queued]>
[2025-08-10T16:47:13.489+0000] {taskinstance.py:2306} INFO - Starting attempt 1 of 2
[2025-08-10T16:47:13.497+0000] {taskinstance.py:2330} INFO - Executing <Task(PythonOperator): fetch_weather_data> on 2025-08-09 00:00:00+00:00
[2025-08-10T16:47:13.505+0000] {standard_task_runner.py:90} INFO - Running: ['***', 'tasks', 'run', 'weather_data_pipeline', 'fetch_weather_data', 'scheduled__2025-08-09T00:00:00+00:00', '--job-id', '32', '--raw', '--subdir', 'DAGS_FOLDER/weather_dags.py', '--cfg-path', '/tmp/tmpjqf5dvr8']
[2025-08-10T16:47:13.507+0000] {logging_mixin.py:188} WARNING - /home/***/.local/lib/python3.12/site-packages/***/task/task_runner/standard_task_runner.py:61 DeprecationWarning: This process (pid=491) is multi-threaded, use of fork() may lead to deadlocks in the child.
[2025-08-10T16:47:13.507+0000] {standard_task_runner.py:91} INFO - Job 32: Subtask fetch_weather_data
[2025-08-10T16:47:13.507+0000] {standard_task_runner.py:63} INFO - Started process 495 to run task
[2025-08-10T16:47:13.553+0000] {task_command.py:426} INFO - Running <TaskInstance: weather_data_pipeline.fetch_weather_data scheduled__2025-08-09T00:00:00+00:00 [running]> on host 49775de909c4
[2025-08-10T16:47:13.622+0000] {taskinstance.py:2648} INFO - Exporting env vars: AIRFLOW_CTX_DAG_OWNER='Hendi Irwanto' AIRFLOW_CTX_DAG_ID='weather_data_pipeline' AIRFLOW_CTX_TASK_ID='fetch_weather_data' AIRFLOW_CTX_EXECUTION_DATE='2025-08-09T00:00:00+00:00' AIRFLOW_CTX_TRY_NUMBER='1' AIRFLOW_CTX_DAG_RUN_ID='scheduled__2025-08-09T00:00:00+00:00'
[2025-08-10T16:47:13.623+0000] {taskinstance.py:430} INFO - ::endgroup::
[2025-08-10T16:47:13.647+0000] {logging_mixin.py:188} INFO - Geolocation data fetched from database. Shape: (100, 5)
[2025-08-10T16:47:14.402+0000] {logging_mixin.py:188} INFO - Processing 1.00% of geolocation data...
[2025-08-10T16:47:15.129+0000] {logging_mixin.py:188} INFO - Processing 2.00% of geolocation data...
[2025-08-10T16:47:15.913+0000] {logging_mixin.py:188} INFO - Processing 3.00% of geolocation data...
[2025-08-10T16:47:16.651+0000] {logging_mixin.py:188} INFO - Processing 4.00% of geolocation data...
[2025-08-10T16:47:17.378+0000] {logging_mixin.py:188} INFO - Processing 5.00% of geolocation data...
[2025-08-10T16:47:18.150+0000] {logging_mixin.py:188} INFO - Processing 6.00% of geolocation data...
[2025-08-10T16:47:18.876+0000] {logging_mixin.py:188} INFO - Processing 7.00% of geolocation data...
[2025-08-10T16:47:19.613+0000] {logging_mixin.py:188} INFO - Processing 8.00% of geolocation data...
[2025-08-10T16:47:20.357+0000] {logging_mixin.py:188} INFO - Processing 9.00% of geolocation data...
[2025-08-10T16:47:21.135+0000] {logging_mixin.py:188} INFO - Processing 10.00% of geolocation data...
[2025-08-10T16:47:21.867+0000] {logging_mixin.py:188} INFO - Processing 11.00% of geolocation data...
[2025-08-10T16:47:22.597+0000] {logging_mixin.py:188} INFO - Processing 12.00% of geolocation data...
[2025-08-10T16:47:23.339+0000] {logging_mixin.py:188} INFO - Processing 13.00% of geolocation data...
[2025-08-10T16:47:24.110+0000] {logging_mixin.py:188} INFO - Processing 14.00% of geolocation data...
[2025-08-10T16:47:24.841+0000] {logging_mixin.py:188} INFO - Processing 15.00% of geolocation data...
[2025-08-10T16:47:25.630+0000] {logging_mixin.py:188} INFO - Processing 16.00% of geolocation data...
[2025-08-10T16:47:26.438+0000] {logging_mixin.py:188} INFO - Processing 17.00% of geolocation data...
[2025-08-10T16:47:27.165+0000] {logging_mixin.py:188} INFO - Processing 18.00% of geolocation data...
[2025-08-10T16:47:27.890+0000] {logging_mixin.py:188} INFO - Processing 19.00% of geolocation data...
[2025-08-10T16:47:28.617+0000] {logging_mixin.py:188} INFO - Processing 20.00% of geolocation data...
[2025-08-10T16:47:29.359+0000] {logging_mixin.py:188} INFO - Processing 21.00% of geolocation data...
[2025-08-10T16:47:30.118+0000] {logging_mixin.py:188} INFO - Processing 22.00% of geolocation data...
[2025-08-10T16:47:30.895+0000] {logging_mixin.py:188} INFO - Processing 23.00% of geolocation data...
[2025-08-10T16:47:31.624+0000] {logging_mixin.py:188} INFO - Processing 24.00% of geolocation data...
[2025-08-10T16:47:32.433+0000] {logging_mixin.py:188} INFO - Processing 25.00% of geolocation data...
[2025-08-10T16:47:33.265+0000] {logging_mixin.py:188} INFO - Processing 26.00% of geolocation data...
[2025-08-10T16:47:33.989+0000] {logging_mixin.py:188} INFO - Processing 27.00% of geolocation data...
[2025-08-10T16:47:34.710+0000] {logging_mixin.py:188} INFO - Processing 28.00% of geolocation data...
[2025-08-10T16:47:35.444+0000] {logging_mixin.py:188} INFO - Processing 29.00% of geolocation data...
[2025-08-10T16:47:36.179+0000] {logging_mixin.py:188} INFO - Processing 30.00% of geolocation data...
[2025-08-10T16:47:36.952+0000] {logging_mixin.py:188} INFO - Processing 31.00% of geolocation data...
[2025-08-10T16:47:37.733+0000] {logging_mixin.py:188} INFO - Processing 32.00% of geolocation data...
[2025-08-10T16:47:38.469+0000] {logging_mixin.py:188} INFO - Processing 33.00% of geolocation data...
[2025-08-10T16:47:39.188+0000] {logging_mixin.py:188} INFO - Processing 34.00% of geolocation data...
[2025-08-10T16:47:39.912+0000] {logging_mixin.py:188} INFO - Processing 35.00% of geolocation data...
[2025-08-10T16:47:40.638+0000] {logging_mixin.py:188} INFO - Processing 36.00% of geolocation data...
[2025-08-10T16:47:41.361+0000] {logging_mixin.py:188} INFO - Processing 37.00% of geolocation data...
[2025-08-10T16:47:42.088+0000] {logging_mixin.py:188} INFO - Processing 38.00% of geolocation data...
[2025-08-10T16:47:42.815+0000] {logging_mixin.py:188} INFO - Processing 39.00% of geolocation data...
[2025-08-10T16:47:43.591+0000] {logging_mixin.py:188} INFO - Processing 40.00% of geolocation data...
[2025-08-10T16:47:44.318+0000] {logging_mixin.py:188} INFO - Processing 41.00% of geolocation data...
[2025-08-10T16:47:45.041+0000] {logging_mixin.py:188} INFO - Processing 42.00% of geolocation data...
[2025-08-10T16:47:45.777+0000] {logging_mixin.py:188} INFO - Processing 43.00% of geolocation data...
[2025-08-10T16:47:46.513+0000] {logging_mixin.py:188} INFO - Processing 44.00% of geolocation data...
[2025-08-10T16:47:47.240+0000] {logging_mixin.py:188} INFO - Processing 45.00% of geolocation data...
[2025-08-10T16:47:47.964+0000] {logging_mixin.py:188} INFO - Processing 46.00% of geolocation data...
[2025-08-10T16:47:48.700+0000] {logging_mixin.py:188} INFO - Processing 47.00% of geolocation data...
[2025-08-10T16:47:49.481+0000] {logging_mixin.py:188} INFO - Processing 48.00% of geolocation data...
[2025-08-10T16:47:50.203+0000] {logging_mixin.py:188} INFO - Processing 49.00% of geolocation data...
[2025-08-10T16:47:50.938+0000] {logging_mixin.py:188} INFO - Processing 50.00% of geolocation data...
[2025-08-10T16:47:51.709+0000] {logging_mixin.py:188} INFO - Processing 51.00% of geolocation data...
[2025-08-10T16:47:52.488+0000] {logging_mixin.py:188} INFO - Processing 52.00% of geolocation data...
[2025-08-10T16:47:53.223+0000] {logging_mixin.py:188} INFO - Processing 53.00% of geolocation data...
[2025-08-10T16:47:53.961+0000] {logging_mixin.py:188} INFO - Processing 54.00% of geolocation data...
[2025-08-10T16:47:54.686+0000] {logging_mixin.py:188} INFO - Processing 55.00% of geolocation data...
[2025-08-10T16:47:55.419+0000] {logging_mixin.py:188} INFO - Processing 56.00% of geolocation data...
[2025-08-10T16:47:56.143+0000] {logging_mixin.py:188} INFO - Processing 57.00% of geolocation data...
[2025-08-10T16:47:56.876+0000] {logging_mixin.py:188} INFO - Processing 58.00% of geolocation data...
[2025-08-10T16:47:57.603+0000] {logging_mixin.py:188} INFO - Processing 59.00% of geolocation data...
[2025-08-10T16:47:58.329+0000] {logging_mixin.py:188} INFO - Processing 60.00% of geolocation data...
[2025-08-10T16:47:59.057+0000] {logging_mixin.py:188} INFO - Processing 61.00% of geolocation data...
[2025-08-10T16:47:59.792+0000] {logging_mixin.py:188} INFO - Processing 62.00% of geolocation data...
[2025-08-10T16:48:00.570+0000] {logging_mixin.py:188} INFO - Processing 63.00% of geolocation data...
[2025-08-10T16:48:01.328+0000] {logging_mixin.py:188} INFO - Processing 64.00% of geolocation data...
[2025-08-10T16:48:02.065+0000] {logging_mixin.py:188} INFO - Processing 65.00% of geolocation data...
[2025-08-10T16:48:02.801+0000] {logging_mixin.py:188} INFO - Processing 66.00% of geolocation data...
[2025-08-10T16:48:03.584+0000] {logging_mixin.py:188} INFO - Processing 67.00% of geolocation data...
[2025-08-10T16:48:04.312+0000] {logging_mixin.py:188} INFO - Processing 68.00% of geolocation data...
[2025-08-10T16:48:05.038+0000] {logging_mixin.py:188} INFO - Processing 69.00% of geolocation data...
[2025-08-10T16:48:05.763+0000] {logging_mixin.py:188} INFO - Processing 70.00% of geolocation data...
[2025-08-10T16:48:06.489+0000] {logging_mixin.py:188} INFO - Processing 71.00% of geolocation data...
[2025-08-10T16:48:07.216+0000] {logging_mixin.py:188} INFO - Processing 72.00% of geolocation data...
[2025-08-10T16:48:07.998+0000] {logging_mixin.py:188} INFO - Processing 73.00% of geolocation data...
[2025-08-10T16:48:08.728+0000] {logging_mixin.py:188} INFO - Processing 74.00% of geolocation data...
[2025-08-10T16:48:09.456+0000] {logging_mixin.py:188} INFO - Processing 75.00% of geolocation data...
[2025-08-10T16:48:10.184+0000] {logging_mixin.py:188} INFO - Processing 76.00% of geolocation data...
[2025-08-10T16:48:10.908+0000] {logging_mixin.py:188} INFO - Processing 77.00% of geolocation data...
[2025-08-10T16:48:11.629+0000] {logging_mixin.py:188} INFO - Processing 78.00% of geolocation data...
[2025-08-10T16:48:12.359+0000] {logging_mixin.py:188} INFO - Processing 79.00% of geolocation data...
[2025-08-10T16:48:13.086+0000] {logging_mixin.py:188} INFO - Processing 80.00% of geolocation data...
[2025-08-10T16:48:13.817+0000] {logging_mixin.py:188} INFO - Processing 81.00% of geolocation data...
[2025-08-10T16:48:14.554+0000] {logging_mixin.py:188} INFO - Processing 82.00% of geolocation data...
[2025-08-10T16:48:15.286+0000] {logging_mixin.py:188} INFO - Processing 83.00% of geolocation data...
[2025-08-10T16:48:16.009+0000] {logging_mixin.py:188} INFO - Processing 84.00% of geolocation data...
[2025-08-10T16:48:16.735+0000] {logging_mixin.py:188} INFO - Processing 85.00% of geolocation data...
[2025-08-10T16:48:17.456+0000] {logging_mixin.py:188} INFO - Processing 86.00% of geolocation data...
[2025-08-10T16:48:18.185+0000] {logging_mixin.py:188} INFO - Processing 87.00% of geolocation data...
[2025-08-10T16:48:18.905+0000] {logging_mixin.py:188} INFO - Processing 88.00% of geolocation data...
[2025-08-10T16:48:19.631+0000] {logging_mixin.py:188} INFO - Processing 89.00% of geolocation data...
[2025-08-10T16:48:20.403+0000] {logging_mixin.py:188} INFO - Processing 90.00% of geolocation data...
[2025-08-10T16:48:21.134+0000] {logging_mixin.py:188} INFO - Processing 91.00% of geolocation data...
[2025-08-10T16:48:21.861+0000] {logging_mixin.py:188} INFO - Processing 92.00% of geolocation data...
[2025-08-10T16:48:22.639+0000] {logging_mixin.py:188} INFO - Processing 93.00% of geolocation data...
[2025-08-10T16:48:23.370+0000] {logging_mixin.py:188} INFO - Processing 94.00% of geolocation data...
[2025-08-10T16:48:24.093+0000] {logging_mixin.py:188} INFO - Processing 95.00% of geolocation data...
[2025-08-10T16:48:24.829+0000] {logging_mixin.py:188} INFO - Processing 96.00% of geolocation data...
[2025-08-10T16:48:25.574+0000] {logging_mixin.py:188} INFO - Processing 97.00% of geolocation data...
[2025-08-10T16:48:26.346+0000] {logging_mixin.py:188} INFO - Processing 98.00% of geolocation data...
[2025-08-10T16:48:27.090+0000] {logging_mixin.py:188} INFO - Processing 99.00% of geolocation data...
[2025-08-10T16:48:27.873+0000] {logging_mixin.py:188} INFO - Processing 100.00% of geolocation data...
[2025-08-10T16:48:27.898+0000] {logging_mixin.py:188} INFO - Deleting existing data in the specified date range...
[2025-08-10T16:48:27.899+0000] {logging_mixin.py:188} INFO - Deleted 700 rows from raw.weather_data.
[2025-08-10T16:48:27.899+0000] {logging_mixin.py:188} INFO - Loading 700 new rows into raw.weather_data...
[2025-08-10T16:48:27.919+0000] {logging_mixin.py:188} INFO - New data loaded successfully.
[2025-08-10T16:48:27.920+0000] {python.py:237} INFO - Done. Returned value was: None
[2025-08-10T16:48:27.920+0000] {taskinstance.py:441} INFO - ::group::Post task execution logs
[2025-08-10T16:48:27.930+0000] {taskinstance.py:1206} INFO - Marking task as SUCCESS. dag_id=weather_data_pipeline, task_id=fetch_weather_data, run_id=scheduled__2025-08-09T00:00:00+00:00, execution_date=20250809T000000, start_date=20250810T164713, end_date=20250810T164827
[2025-08-10T16:48:27.965+0000] {local_task_job_runner.py:240} INFO - Task exited with return code 0
[2025-08-10T16:48:27.984+0000] {taskinstance.py:3503} INFO - 1 downstream tasks scheduled from follow-on schedule check
[2025-08-10T16:48:27.985+0000] {local_task_job_runner.py:222} INFO - ::endgroup::
