[2025-08-11T00:00:04.273+0000] {local_task_job_runner.py:120} INFO - ::group::Pre task execution logs
[2025-08-11T00:00:04.405+0000] {taskinstance.py:2076} INFO - Dependencies all met for dep_context=non-requeueable deps ti=<TaskInstance: weather_data_pipeline.fetch_weather_data scheduled__2025-08-10T00:00:00+00:00 [queued]>
[2025-08-11T00:00:04.411+0000] {taskinstance.py:2076} INFO - Dependencies all met for dep_context=requeueable deps ti=<TaskInstance: weather_data_pipeline.fetch_weather_data scheduled__2025-08-10T00:00:00+00:00 [queued]>
[2025-08-11T00:00:04.411+0000] {taskinstance.py:2306} INFO - Starting attempt 1 of 2
[2025-08-11T00:00:04.419+0000] {taskinstance.py:2330} INFO - Executing <Task(PythonOperator): fetch_weather_data> on 2025-08-10 00:00:00+00:00
[2025-08-11T00:00:04.427+0000] {standard_task_runner.py:90} INFO - Running: ['***', 'tasks', 'run', 'weather_data_pipeline', 'fetch_weather_data', 'scheduled__2025-08-10T00:00:00+00:00', '--job-id', '36', '--raw', '--subdir', 'DAGS_FOLDER/weather_dags.py', '--cfg-path', '/tmp/tmp4rao1qtg']
[2025-08-11T00:00:04.429+0000] {standard_task_runner.py:91} INFO - Job 36: Subtask fetch_weather_data
[2025-08-11T00:00:04.429+0000] {logging_mixin.py:188} WARNING - /home/***/.local/lib/python3.12/site-packages/***/task/task_runner/standard_task_runner.py:61 DeprecationWarning: This process (pid=10805) is multi-threaded, use of fork() may lead to deadlocks in the child.
[2025-08-11T00:00:04.429+0000] {standard_task_runner.py:63} INFO - Started process 10807 to run task
[2025-08-11T00:00:04.473+0000] {task_command.py:426} INFO - Running <TaskInstance: weather_data_pipeline.fetch_weather_data scheduled__2025-08-10T00:00:00+00:00 [running]> on host 49775de909c4
[2025-08-11T00:00:04.549+0000] {taskinstance.py:2648} INFO - Exporting env vars: AIRFLOW_CTX_DAG_OWNER='Hendi Irwanto' AIRFLOW_CTX_DAG_ID='weather_data_pipeline' AIRFLOW_CTX_TASK_ID='fetch_weather_data' AIRFLOW_CTX_EXECUTION_DATE='2025-08-10T00:00:00+00:00' AIRFLOW_CTX_TRY_NUMBER='1' AIRFLOW_CTX_DAG_RUN_ID='scheduled__2025-08-10T00:00:00+00:00'
[2025-08-11T00:00:04.550+0000] {taskinstance.py:430} INFO - ::endgroup::
[2025-08-11T00:00:04.576+0000] {logging_mixin.py:188} INFO - Geolocation data fetched from database. Shape: (100, 5)
[2025-08-11T00:00:05.320+0000] {logging_mixin.py:188} INFO - Processing 1.00% of geolocation data...
[2025-08-11T00:00:06.090+0000] {logging_mixin.py:188} INFO - Processing 2.00% of geolocation data...
[2025-08-11T00:00:06.804+0000] {logging_mixin.py:188} INFO - Processing 3.00% of geolocation data...
[2025-08-11T00:00:07.526+0000] {logging_mixin.py:188} INFO - Processing 4.00% of geolocation data...
[2025-08-11T00:00:08.235+0000] {logging_mixin.py:188} INFO - Processing 5.00% of geolocation data...
[2025-08-11T00:00:08.943+0000] {logging_mixin.py:188} INFO - Processing 6.00% of geolocation data...
[2025-08-11T00:00:09.669+0000] {logging_mixin.py:188} INFO - Processing 7.00% of geolocation data...
[2025-08-11T00:00:10.388+0000] {logging_mixin.py:188} INFO - Processing 8.00% of geolocation data...
[2025-08-11T00:00:11.138+0000] {logging_mixin.py:188} INFO - Processing 9.00% of geolocation data...
[2025-08-11T00:00:11.863+0000] {logging_mixin.py:188} INFO - Processing 10.00% of geolocation data...
[2025-08-11T00:00:12.581+0000] {logging_mixin.py:188} INFO - Processing 11.00% of geolocation data...
[2025-08-11T00:00:13.300+0000] {logging_mixin.py:188} INFO - Processing 12.00% of geolocation data...
[2025-08-11T00:00:14.025+0000] {logging_mixin.py:188} INFO - Processing 13.00% of geolocation data...
[2025-08-11T00:00:14.759+0000] {logging_mixin.py:188} INFO - Processing 14.00% of geolocation data...
[2025-08-11T00:00:15.482+0000] {logging_mixin.py:188} INFO - Processing 15.00% of geolocation data...
[2025-08-11T00:00:16.258+0000] {logging_mixin.py:188} INFO - Processing 16.00% of geolocation data...
[2025-08-11T00:00:16.993+0000] {logging_mixin.py:188} INFO - Processing 17.00% of geolocation data...
[2025-08-11T00:00:17.708+0000] {logging_mixin.py:188} INFO - Processing 18.00% of geolocation data...
[2025-08-11T00:00:18.429+0000] {logging_mixin.py:188} INFO - Processing 19.00% of geolocation data...
[2025-08-11T00:00:19.141+0000] {logging_mixin.py:188} INFO - Processing 20.00% of geolocation data...
[2025-08-11T00:00:19.844+0000] {logging_mixin.py:188} INFO - Processing 21.00% of geolocation data...
[2025-08-11T00:00:20.556+0000] {logging_mixin.py:188} INFO - Processing 22.00% of geolocation data...
[2025-08-11T00:00:21.319+0000] {logging_mixin.py:188} INFO - Processing 23.00% of geolocation data...
[2025-08-11T00:00:22.083+0000] {logging_mixin.py:188} INFO - Processing 24.00% of geolocation data...
[2025-08-11T00:00:22.810+0000] {logging_mixin.py:188} INFO - Processing 25.00% of geolocation data...
[2025-08-11T00:00:23.573+0000] {logging_mixin.py:188} INFO - Processing 26.00% of geolocation data...
[2025-08-11T00:00:24.298+0000] {logging_mixin.py:188} INFO - Processing 27.00% of geolocation data...
[2025-08-11T00:00:25.023+0000] {logging_mixin.py:188} INFO - Processing 28.00% of geolocation data...
[2025-08-11T00:00:25.807+0000] {logging_mixin.py:188} INFO - Processing 29.00% of geolocation data...
[2025-08-11T00:00:26.532+0000] {logging_mixin.py:188} INFO - Processing 30.00% of geolocation data...
[2025-08-11T00:00:27.245+0000] {logging_mixin.py:188} INFO - Processing 31.00% of geolocation data...
[2025-08-11T00:00:27.984+0000] {logging_mixin.py:188} INFO - Processing 32.00% of geolocation data...
[2025-08-11T00:00:28.804+0000] {logging_mixin.py:188} INFO - Processing 33.00% of geolocation data...
[2025-08-11T00:00:29.528+0000] {logging_mixin.py:188} INFO - Processing 34.00% of geolocation data...
[2025-08-11T00:00:30.298+0000] {logging_mixin.py:188} INFO - Processing 35.00% of geolocation data...
[2025-08-11T00:00:31.041+0000] {logging_mixin.py:188} INFO - Processing 36.00% of geolocation data...
[2025-08-11T00:00:31.754+0000] {logging_mixin.py:188} INFO - Processing 37.00% of geolocation data...
[2025-08-11T00:00:32.464+0000] {logging_mixin.py:188} INFO - Processing 38.00% of geolocation data...
[2025-08-11T00:00:33.226+0000] {logging_mixin.py:188} INFO - Processing 39.00% of geolocation data...
[2025-08-11T00:00:33.991+0000] {logging_mixin.py:188} INFO - Processing 40.00% of geolocation data...
[2025-08-11T00:00:34.739+0000] {logging_mixin.py:188} INFO - Processing 41.00% of geolocation data...
[2025-08-11T00:00:35.454+0000] {logging_mixin.py:188} INFO - Processing 42.00% of geolocation data...
[2025-08-11T00:00:36.225+0000] {logging_mixin.py:188} INFO - Processing 43.00% of geolocation data...
[2025-08-11T00:00:36.939+0000] {logging_mixin.py:188} INFO - Processing 44.00% of geolocation data...
[2025-08-11T00:00:37.661+0000] {logging_mixin.py:188} INFO - Processing 45.00% of geolocation data...
[2025-08-11T00:00:38.377+0000] {logging_mixin.py:188} INFO - Processing 46.00% of geolocation data...
[2025-08-11T00:00:39.082+0000] {logging_mixin.py:188} INFO - Processing 47.00% of geolocation data...
[2025-08-11T00:00:39.844+0000] {logging_mixin.py:188} INFO - Processing 48.00% of geolocation data...
[2025-08-11T00:00:40.549+0000] {logging_mixin.py:188} INFO - Processing 49.00% of geolocation data...
[2025-08-11T00:00:41.263+0000] {logging_mixin.py:188} INFO - Processing 50.00% of geolocation data...
[2025-08-11T00:00:42.014+0000] {logging_mixin.py:188} INFO - Processing 51.00% of geolocation data...
[2025-08-11T00:00:42.730+0000] {logging_mixin.py:188} INFO - Processing 52.00% of geolocation data...
[2025-08-11T00:00:43.446+0000] {logging_mixin.py:188} INFO - Processing 53.00% of geolocation data...
[2025-08-11T00:00:44.163+0000] {logging_mixin.py:188} INFO - Processing 54.00% of geolocation data...
[2025-08-11T00:00:44.865+0000] {logging_mixin.py:188} INFO - Processing 55.00% of geolocation data...
[2025-08-11T00:00:45.616+0000] {logging_mixin.py:188} INFO - Processing 56.00% of geolocation data...
[2025-08-11T00:00:46.329+0000] {logging_mixin.py:188} INFO - Processing 57.00% of geolocation data...
[2025-08-11T00:00:47.071+0000] {logging_mixin.py:188} INFO - Processing 58.00% of geolocation data...
[2025-08-11T00:00:47.780+0000] {logging_mixin.py:188} INFO - Processing 59.00% of geolocation data...
[2025-08-11T00:00:48.494+0000] {logging_mixin.py:188} INFO - Processing 60.00% of geolocation data...
[2025-08-11T00:00:49.211+0000] {logging_mixin.py:188} INFO - Processing 61.00% of geolocation data...
[2025-08-11T00:00:49.926+0000] {logging_mixin.py:188} INFO - Processing 62.00% of geolocation data...
[2025-08-11T00:00:50.636+0000] {logging_mixin.py:188} INFO - Processing 63.00% of geolocation data...
[2025-08-11T00:00:51.352+0000] {logging_mixin.py:188} INFO - Processing 64.00% of geolocation data...
[2025-08-11T00:00:52.070+0000] {logging_mixin.py:188} INFO - Processing 65.00% of geolocation data...
[2025-08-11T00:00:52.827+0000] {logging_mixin.py:188} INFO - Processing 66.00% of geolocation data...
[2025-08-11T00:00:53.583+0000] {logging_mixin.py:188} INFO - Processing 67.00% of geolocation data...
[2025-08-11T00:00:54.292+0000] {logging_mixin.py:188} INFO - Processing 68.00% of geolocation data...
[2025-08-11T00:00:55.004+0000] {logging_mixin.py:188} INFO - Processing 69.00% of geolocation data...
[2025-08-11T00:00:55.719+0000] {logging_mixin.py:188} INFO - Processing 70.00% of geolocation data...
[2025-08-11T00:00:56.478+0000] {logging_mixin.py:188} INFO - Processing 71.00% of geolocation data...
[2025-08-11T00:00:57.196+0000] {logging_mixin.py:188} INFO - Processing 72.00% of geolocation data...
[2025-08-11T00:00:57.906+0000] {logging_mixin.py:188} INFO - Processing 73.00% of geolocation data...
[2025-08-11T00:00:58.643+0000] {logging_mixin.py:188} INFO - Processing 74.00% of geolocation data...
[2025-08-11T00:00:59.385+0000] {logging_mixin.py:188} INFO - Processing 75.00% of geolocation data...
[2025-08-11T00:01:00.153+0000] {logging_mixin.py:188} INFO - Processing 76.00% of geolocation data...
[2025-08-11T00:01:00.989+0000] {logging_mixin.py:188} INFO - Processing 77.00% of geolocation data...
[2025-08-11T00:01:01.719+0000] {logging_mixin.py:188} INFO - Processing 78.00% of geolocation data...
[2025-08-11T00:01:02.441+0000] {logging_mixin.py:188} INFO - Processing 79.00% of geolocation data...
[2025-08-11T00:01:03.198+0000] {logging_mixin.py:188} INFO - Processing 80.00% of geolocation data...
[2025-08-11T00:01:03.919+0000] {logging_mixin.py:188} INFO - Processing 81.00% of geolocation data...
[2025-08-11T00:01:04.647+0000] {logging_mixin.py:188} INFO - Processing 82.00% of geolocation data...
[2025-08-11T00:01:05.363+0000] {logging_mixin.py:188} INFO - Processing 83.00% of geolocation data...
[2025-08-11T00:01:06.084+0000] {logging_mixin.py:188} INFO - Processing 84.00% of geolocation data...
[2025-08-11T00:01:06.816+0000] {logging_mixin.py:188} INFO - Processing 85.00% of geolocation data...
[2025-08-11T00:01:07.533+0000] {logging_mixin.py:188} INFO - Processing 86.00% of geolocation data...
[2025-08-11T00:01:08.243+0000] {logging_mixin.py:188} INFO - Processing 87.00% of geolocation data...
[2025-08-11T00:01:08.965+0000] {logging_mixin.py:188} INFO - Processing 88.00% of geolocation data...
[2025-08-11T00:01:09.755+0000] {logging_mixin.py:188} INFO - Processing 89.00% of geolocation data...
[2025-08-11T00:01:10.470+0000] {logging_mixin.py:188} INFO - Processing 90.00% of geolocation data...
[2025-08-11T00:01:11.191+0000] {logging_mixin.py:188} INFO - Processing 91.00% of geolocation data...
[2025-08-11T00:01:11.945+0000] {logging_mixin.py:188} INFO - Processing 92.00% of geolocation data...
[2025-08-11T00:01:12.691+0000] {logging_mixin.py:188} INFO - Processing 93.00% of geolocation data...
[2025-08-11T00:01:13.403+0000] {logging_mixin.py:188} INFO - Processing 94.00% of geolocation data...
[2025-08-11T00:01:14.127+0000] {logging_mixin.py:188} INFO - Processing 95.00% of geolocation data...
[2025-08-11T00:01:14.842+0000] {logging_mixin.py:188} INFO - Processing 96.00% of geolocation data...
[2025-08-11T00:01:15.559+0000] {logging_mixin.py:188} INFO - Processing 97.00% of geolocation data...
[2025-08-11T00:01:16.316+0000] {logging_mixin.py:188} INFO - Processing 98.00% of geolocation data...
[2025-08-11T00:01:17.034+0000] {logging_mixin.py:188} INFO - Processing 99.00% of geolocation data...
[2025-08-11T00:01:17.828+0000] {logging_mixin.py:188} INFO - Processing 100.00% of geolocation data...
[2025-08-11T00:01:17.854+0000] {logging_mixin.py:188} INFO - Deleting existing data in the specified date range...
[2025-08-11T00:01:17.855+0000] {logging_mixin.py:188} INFO - Deleted 600 rows from raw.weather_data.
[2025-08-11T00:01:17.855+0000] {logging_mixin.py:188} INFO - Loading 700 new rows into raw.weather_data...
[2025-08-11T00:01:17.876+0000] {logging_mixin.py:188} INFO - New data loaded successfully.
[2025-08-11T00:01:17.876+0000] {python.py:237} INFO - Done. Returned value was: None
[2025-08-11T00:01:17.877+0000] {taskinstance.py:441} INFO - ::group::Post task execution logs
[2025-08-11T00:01:17.887+0000] {taskinstance.py:1206} INFO - Marking task as SUCCESS. dag_id=weather_data_pipeline, task_id=fetch_weather_data, run_id=scheduled__2025-08-10T00:00:00+00:00, execution_date=20250810T000000, start_date=20250811T000004, end_date=20250811T000117
[2025-08-11T00:01:17.900+0000] {local_task_job_runner.py:240} INFO - Task exited with return code 0
[2025-08-11T00:01:17.920+0000] {taskinstance.py:3503} INFO - 1 downstream tasks scheduled from follow-on schedule check
[2025-08-11T00:01:17.921+0000] {local_task_job_runner.py:222} INFO - ::endgroup::
